#
# There is insufficient memory for the Java Runtime Environment to continue.
# Native memory allocation (malloc) failed to allocate 1260896 bytes for Chunk::new
# Possible reasons:
#   The system is out of physical RAM or swap space
#   The process is running with CompressedOops enabled, and the Java Heap may be blocking the growth of the native heap
# Possible solutions:
#   Reduce memory load on the system
#   Increase physical memory or swap space
#   Check if swap backing store is full
#   Decrease Java heap size (-Xmx/-Xms)
#   Decrease number of Java threads
#   Decrease Java thread stack sizes (-Xss)
#   Set larger code cache with -XX:ReservedCodeCacheSize=
#   JVM is running with Unscaled Compressed Oops mode in which the Java heap is
#     placed in the first 4GB address space. The Java Heap base address is the
#     maximum limit for the native heap growth. Please use -XX:HeapBaseMinAddress
#     to set the Java Heap base and to place the Java Heap above 4GB virtual address.
# This output file may be truncated or incomplete.
#
#  Out of Memory Error (arena.cpp:195), pid=13040, tid=13924
#
# JRE version: Java(TM) SE Runtime Environment (16.0.1+9) (build 16.0.1+9-24)
# Java VM: Java HotSpot(TM) 64-Bit Server VM (16.0.1+9-24, mixed mode, sharing, tiered, compressed oops, compressed class ptrs, g1 gc, windows-amd64)
# No core dump will be written. Minidumps are not enabled by default on client versions of Windows
#

---------------  S U M M A R Y ------------

Command Line: -ea -javaagent:C:\Users\DELL\.m2\repository/org/aspectj/aspectjweaver/1.9.9.1/aspectjweaver-1.9.9.1.jar -Didea.test.cyclic.buffer.size=1048576 -javaagent:C:\Program Files\JetBrains\IntelliJ IDEA 2022.2\lib\idea_rt.jar=61086:C:\Program Files\JetBrains\IntelliJ IDEA 2022.2\bin -Dfile.encoding=UTF-8 com.intellij.rt.testng.RemoteTestNGStarter -usedefaultlisteners false -socket61085 @w@C:\Users\DELL\AppData\Local\Temp\idea_working_dirs_testng.tmp -temp C:\Users\DELL\AppData\Local\Temp\idea_testng.tmp

Host: Intel(R) Core(TM) i7-6600U CPU @ 2.60GHz, 4 cores, 7G,  Windows 10 , 64 bit Build 19041 (10.0.19041.1889)
Time: Thu Aug 18 01:34:54 2022 SE Asia Standard Time elapsed time: 18.566407 seconds (0d 0h 0m 18s)

---------------  T H R E A D  ---------------

Current thread (0x0000017b3e115960):  JavaThread "C2 CompilerThread0" daemon [_thread_in_native, id=13924, stack(0x000000715c600000,0x000000715c700000)]


Current CompileTask:
C2:  18566 3992   !   4       jdk.internal.loader.BuiltinClassLoader::loadClassOrNull (143 bytes)

Stack: [0x000000715c600000,0x000000715c700000]
Native frames: (J=compiled Java code, j=interpreted, Vv=VM code, C=native code)
V  [jvm.dll+0x6687ca]
V  [jvm.dll+0x7ca3c9]
V  [jvm.dll+0x7cbb53]
V  [jvm.dll+0x7cc1b3]
V  [jvm.dll+0x242ea5]
V  [jvm.dll+0xadeca]
V  [jvm.dll+0xae5ac]
V  [jvm.dll+0x2a52cf]
V  [jvm.dll+0x574359]
V  [jvm.dll+0x21eb55]
V  [jvm.dll+0x217e51]
V  [jvm.dll+0x21524c]
V  [jvm.dll+0x1a1d9b]
V  [jvm.dll+0x2253a8]
V  [jvm.dll+0x2233ec]
V  [jvm.dll+0x780002]
V  [jvm.dll+0x779b4a]
V  [jvm.dll+0x667666]
C  [ucrtbase.dll+0x21bb2]
C  [KERNEL32.DLL+0x17034]
C  [ntdll.dll+0x52651]


---------------  P R O C E S S  ---------------

Threads class SMR info:
_java_thread_list=0x0000017b4311b3b0, length=25, elements={
0x0000017b209cfc00, 0x0000017b3e1047f0, 0x0000017b3e104f10, 0x0000017b3e10e190,
0x0000017b3e1106c0, 0x0000017b3e114bf0, 0x0000017b3e115110, 0x0000017b3e115960,
0x0000017b3e1223e0, 0x0000017b3e134930, 0x0000017b3e0df070, 0x0000017b3f91bc30,
0x0000017b3f898530, 0x0000017b41759dc0, 0x0000017b3fa0bef0, 0x0000017b3fa0b450,
0x0000017b3fa0c440, 0x0000017b3fa099c0, 0x0000017b3fa0a460, 0x0000017b3fa09f10,
0x0000017b3fa0a9b0, 0x0000017b42c07940, 0x0000017b42c02440, 0x0000017b42c04970,
0x0000017b3f500180
}

Java Threads: ( => current thread )
  0x0000017b209cfc00 JavaThread "main" [_thread_in_native, id=17748, stack(0x000000715b900000,0x000000715ba00000)]
  0x0000017b3e1047f0 JavaThread "Reference Handler" daemon [_thread_blocked, id=14576, stack(0x000000715c000000,0x000000715c100000)]
  0x0000017b3e104f10 JavaThread "Finalizer" daemon [_thread_blocked, id=16396, stack(0x000000715c100000,0x000000715c200000)]
  0x0000017b3e10e190 JavaThread "Signal Dispatcher" daemon [_thread_blocked, id=10052, stack(0x000000715c200000,0x000000715c300000)]
  0x0000017b3e1106c0 JavaThread "Attach Listener" daemon [_thread_blocked, id=2796, stack(0x000000715c300000,0x000000715c400000)]
  0x0000017b3e114bf0 JavaThread "Service Thread" daemon [_thread_blocked, id=10720, stack(0x000000715c400000,0x000000715c500000)]
  0x0000017b3e115110 JavaThread "Monitor Deflation Thread" daemon [_thread_blocked, id=9424, stack(0x000000715c500000,0x000000715c600000)]
=>0x0000017b3e115960 JavaThread "C2 CompilerThread0" daemon [_thread_in_native, id=13924, stack(0x000000715c600000,0x000000715c700000)]
  0x0000017b3e1223e0 JavaThread "C1 CompilerThread0" daemon [_thread_blocked, id=4992, stack(0x000000715c700000,0x000000715c800000)]
  0x0000017b3e134930 JavaThread "Sweeper thread" daemon [_thread_blocked, id=20656, stack(0x000000715c800000,0x000000715c900000)]
  0x0000017b3e0df070 JavaThread "Common-Cleaner" daemon [_thread_blocked, id=3508, stack(0x000000715c900000,0x000000715ca00000)]
  0x0000017b3f91bc30 JavaThread "Monitor Ctrl-Break" daemon [_thread_in_native, id=17044, stack(0x000000715ce00000,0x000000715cf00000)]
  0x0000017b3f898530 JavaThread "Notification Thread" daemon [_thread_blocked, id=21124, stack(0x000000715cf00000,0x000000715d000000)]
  0x0000017b41759dc0 JavaThread "ForkJoinPool.commonPool-worker-3" daemon [_thread_blocked, id=20944, stack(0x000000715d100000,0x000000715d200000)]
  0x0000017b3fa0bef0 JavaThread "AsyncHttpClient-1-1" daemon [_thread_blocked, id=15812, stack(0x000000715d200000,0x000000715d300000)]
  0x0000017b3fa0b450 JavaThread "Exec Default Executor" daemon [_thread_in_native, id=21108, stack(0x000000715d300000,0x000000715d400000)]
  0x0000017b3fa0c440 JavaThread "Driver Service Executor" daemon [_thread_blocked, id=13080, stack(0x000000715d400000,0x000000715d500000)]
  0x0000017b3fa099c0 JavaThread "Driver Service Executor" daemon [_thread_blocked, id=10084, stack(0x000000715d500000,0x000000715d600000)]
  0x0000017b3fa0a460 JavaThread "UrlChecker-2" daemon [_thread_blocked, id=8952, stack(0x000000715d600000,0x000000715d700000)]
  0x0000017b3fa09f10 JavaThread "Exec Stream Pumper" daemon [_thread_in_native, id=19872, stack(0x000000715d800000,0x000000715d900000)]
  0x0000017b3fa0a9b0 JavaThread "Exec Stream Pumper" daemon [_thread_in_native, id=3484, stack(0x000000715d900000,0x000000715da00000)]
  0x0000017b42c07940 JavaThread "AsyncHttpClient-1-2" daemon [_thread_in_native, id=10036, stack(0x000000715db00000,0x000000715dc00000)]
  0x0000017b42c02440 JavaThread "AsyncHttpClient-1-3" daemon [_thread_in_native, id=8648, stack(0x000000715dc00000,0x000000715dd00000)]
  0x0000017b42c04970 JavaThread "AsyncHttpClient-1-4" daemon [_thread_in_native, id=13948, stack(0x000000715dd00000,0x000000715de00000)]
  0x0000017b3f500180 JavaThread "C2 CompilerThread1" daemon [_thread_in_vm, id=15824, stack(0x000000715ca00000,0x000000715cb00000)]

Other Threads:
  0x0000017b3e0fdef0 VMThread "VM Thread" [stack: 0x000000715bf00000,0x000000715c000000] [id=15408]
  0x0000017b3f8612c0 WatcherThread [stack: 0x000000715d000000,0x000000715d100000] [id=15620]
  0x0000017b20a0f3b0 GCTaskThread "GC Thread#0" [stack: 0x000000715ba00000,0x000000715bb00000] [id=1156]
  0x0000017b3f535ea0 GCTaskThread "GC Thread#1" [stack: 0x000000715cb00000,0x000000715cc00000] [id=10836]
  0x0000017b3f53e570 GCTaskThread "GC Thread#2" [stack: 0x000000715cc00000,0x000000715cd00000] [id=16516]
  0x0000017b3f1cdd70 GCTaskThread "GC Thread#3" [stack: 0x000000715cd00000,0x000000715ce00000] [id=4720]
  0x0000017b1e9fdea0 ConcurrentGCThread "G1 Main Marker" [stack: 0x000000715bb00000,0x000000715bc00000] [id=21840]
  0x0000017b20a1e040 ConcurrentGCThread "G1 Conc#0" [stack: 0x000000715bc00000,0x000000715bd00000] [id=22552]
  0x0000017b20a9b290 ConcurrentGCThread "G1 Refine#0" [stack: 0x000000715bd00000,0x000000715be00000] [id=14752]
  0x0000017b20a9b6d0 ConcurrentGCThread "G1 Service" [stack: 0x000000715be00000,0x000000715bf00000] [id=21700]

Threads with active compile tasks:
C2 CompilerThread0    18629 3992   !   4       jdk.internal.loader.BuiltinClassLoader::loadClassOrNull (143 bytes)
C2 CompilerThread1    18629 3995       4       org.aspectj.weaver.bcel.BcelWorld::makeJoinPointSignatureFromMethod (71 bytes)

VM state: not at safepoint (normal execution)

VM Mutex/Monitor currently owned by a thread: None

Heap address: 0x0000000081a00000, size: 2022 MB, Compressed Oops mode: 32-bit

CDS archive(s) mapped at: [0x0000000800000000-0x0000000800bb0000-0x0000000800bb0000), size 12255232, SharedBaseAddress: 0x0000000800000000, ArchiveRelocationMode: 0.
Compressed class space mapped at: 0x0000000800c00000-0x0000000840c00000, reserved size: 1073741824
Narrow klass base: 0x0000000800000000, Narrow klass shift: 3, Narrow klass range: 0x100000000

GC Precious Log:
 CPUs: 4 total, 4 available
 Memory: 8083M
 Large Page Support: Disabled
 NUMA Support: Disabled
 Compressed Oops: Enabled (32-bit)
 Heap Region Size: 1M
 Heap Min Capacity: 8M
 Heap Initial Capacity: 128M
 Heap Max Capacity: 2022M
 Pre-touch: Disabled
 Parallel Workers: 4
 Concurrent Workers: 1
 Concurrent Refinement Workers: 4
 Periodic GC: Disabled

Heap:
 garbage-first heap   total 119808K, used 76257K [0x0000000081a00000, 0x0000000100000000)
  region size 1024K, 24 young (24576K), 5 survivors (5120K)
 Metaspace       used 35121K, committed 35456K, reserved 1081344K
  class space    used 3938K, committed 4096K, reserved 1048576K

Heap Regions: E=young(eden), S=young(survivor), O=old, HS=humongous(starts), HC=humongous(continues), CS=collection set, F=free, OA=open archive, CA=closed archive, TAMS=top-at-mark-start (previous, next)
|   0|0x0000000081a00000, 0x0000000081b00000, 0x0000000081b00000|100%| O|  |TAMS 0x0000000081b00000, 0x0000000081a00000| Untracked 
|   1|0x0000000081b00000, 0x0000000081c00000, 0x0000000081c00000|100%| O|  |TAMS 0x0000000081c00000, 0x0000000081b00000| Untracked 
|   2|0x0000000081c00000, 0x0000000081d00000, 0x0000000081d00000|100%| O|  |TAMS 0x0000000081d00000, 0x0000000081c00000| Untracked 
|   3|0x0000000081d00000, 0x0000000081e00000, 0x0000000081e00000|100%| O|  |TAMS 0x0000000081e00000, 0x0000000081d00000| Untracked 
|   4|0x0000000081e00000, 0x0000000081f00000, 0x0000000081f00000|100%| O|  |TAMS 0x0000000081f00000, 0x0000000081e00000| Untracked 
|   5|0x0000000081f00000, 0x0000000082000000, 0x0000000082000000|100%| O|  |TAMS 0x0000000082000000, 0x0000000081f00000| Untracked 
|   6|0x0000000082000000, 0x0000000082100000, 0x0000000082100000|100%| O|  |TAMS 0x0000000082100000, 0x0000000082000000| Untracked 
|   7|0x0000000082100000, 0x0000000082200000, 0x0000000082200000|100%| O|  |TAMS 0x0000000082200000, 0x0000000082100000| Untracked 
|   8|0x0000000082200000, 0x0000000082300000, 0x0000000082300000|100%| O|  |TAMS 0x0000000082300000, 0x0000000082200000| Untracked 
|   9|0x0000000082300000, 0x0000000082400000, 0x0000000082400000|100%| O|  |TAMS 0x0000000082400000, 0x0000000082300000| Untracked 
|  10|0x0000000082400000, 0x0000000082500000, 0x0000000082500000|100%| O|  |TAMS 0x0000000082500000, 0x0000000082400000| Untracked 
|  11|0x0000000082500000, 0x0000000082600000, 0x0000000082600000|100%| O|  |TAMS 0x0000000082600000, 0x0000000082500000| Untracked 
|  12|0x0000000082600000, 0x0000000082700000, 0x0000000082700000|100%| O|  |TAMS 0x0000000082700000, 0x0000000082600000| Untracked 
|  13|0x0000000082700000, 0x0000000082800000, 0x0000000082800000|100%| O|  |TAMS 0x0000000082800000, 0x0000000082700000| Untracked 
|  14|0x0000000082800000, 0x0000000082900000, 0x0000000082900000|100%| O|  |TAMS 0x0000000082900000, 0x0000000082800000| Untracked 
|  15|0x0000000082900000, 0x0000000082a00000, 0x0000000082a00000|100%| O|  |TAMS 0x0000000082a00000, 0x0000000082900000| Untracked 
|  16|0x0000000082a00000, 0x0000000082b00000, 0x0000000082b00000|100%| O|  |TAMS 0x0000000082b00000, 0x0000000082a00000| Untracked 
|  17|0x0000000082b00000, 0x0000000082c00000, 0x0000000082c00000|100%| O|  |TAMS 0x0000000082bce200, 0x0000000082b00000| Untracked 
|  18|0x0000000082c00000, 0x0000000082d00000, 0x0000000082d00000|100%| O|  |TAMS 0x0000000082c00000, 0x0000000082c00000| Untracked 
|  19|0x0000000082d00000, 0x0000000082e00000, 0x0000000082e00000|100%| O|  |TAMS 0x0000000082d00000, 0x0000000082d00000| Untracked 
|  20|0x0000000082e00000, 0x0000000082e80000, 0x0000000082f00000| 50%| O|  |TAMS 0x0000000082e00000, 0x0000000082e00000| Untracked 
|  21|0x0000000082f00000, 0x0000000083000000, 0x0000000083000000|100%| O|  |TAMS 0x0000000082f00000, 0x0000000082f00000| Untracked 
|  22|0x0000000083000000, 0x0000000083100000, 0x0000000083100000|100%| O|  |TAMS 0x0000000083000000, 0x0000000083000000| Untracked 
|  23|0x0000000083100000, 0x0000000083200000, 0x0000000083200000|100%| O|  |TAMS 0x0000000083100000, 0x0000000083100000| Untracked 
|  24|0x0000000083200000, 0x0000000083300000, 0x0000000083300000|100%| O|  |TAMS 0x0000000083200000, 0x0000000083200000| Untracked 
|  25|0x0000000083300000, 0x0000000083400000, 0x0000000083400000|100%| O|  |TAMS 0x0000000083300000, 0x0000000083300000| Untracked 
|  26|0x0000000083400000, 0x0000000083500000, 0x0000000083500000|100%| O|  |TAMS 0x0000000083400000, 0x0000000083400000| Untracked 
|  27|0x0000000083500000, 0x0000000083600000, 0x0000000083600000|100%| O|  |TAMS 0x0000000083500000, 0x0000000083500000| Untracked 
|  28|0x0000000083600000, 0x0000000083700000, 0x0000000083700000|100%| O|  |TAMS 0x0000000083600000, 0x0000000083600000| Untracked 
|  29|0x0000000083700000, 0x0000000083800000, 0x0000000083800000|100%| O|  |TAMS 0x0000000083700000, 0x0000000083700000| Untracked 
|  30|0x0000000083800000, 0x0000000083900000, 0x0000000083900000|100%| O|  |TAMS 0x0000000083800000, 0x0000000083800000| Untracked 
|  31|0x0000000083900000, 0x0000000083a00000, 0x0000000083a00000|100%| O|  |TAMS 0x0000000083900000, 0x0000000083900000| Untracked 
|  32|0x0000000083a00000, 0x0000000083b00000, 0x0000000083b00000|100%| O|  |TAMS 0x0000000083a00000, 0x0000000083a00000| Untracked 
|  33|0x0000000083b00000, 0x0000000083c00000, 0x0000000083c00000|100%| O|  |TAMS 0x0000000083b00000, 0x0000000083b00000| Untracked 
|  34|0x0000000083c00000, 0x0000000083d00000, 0x0000000083d00000|100%| O|  |TAMS 0x0000000083c00000, 0x0000000083c00000| Untracked 
|  35|0x0000000083d00000, 0x0000000083e00000, 0x0000000083e00000|100%| O|  |TAMS 0x0000000083d00000, 0x0000000083d00000| Untracked 
|  36|0x0000000083e00000, 0x0000000083f00000, 0x0000000083f00000|100%| O|  |TAMS 0x0000000083e00000, 0x0000000083e00000| Untracked 
|  37|0x0000000083f00000, 0x0000000084000000, 0x0000000084000000|100%| O|  |TAMS 0x0000000083f00000, 0x0000000083f00000| Untracked 
|  38|0x0000000084000000, 0x0000000084100000, 0x0000000084100000|100%| O|  |TAMS 0x0000000084000000, 0x0000000084000000| Untracked 
|  39|0x0000000084100000, 0x0000000084200000, 0x0000000084200000|100%| O|  |TAMS 0x0000000084100000, 0x0000000084100000| Untracked 
|  40|0x0000000084200000, 0x0000000084300000, 0x0000000084300000|100%| O|  |TAMS 0x0000000084200000, 0x0000000084200000| Untracked 
|  41|0x0000000084300000, 0x0000000084400000, 0x0000000084400000|100%| O|  |TAMS 0x0000000084300000, 0x0000000084300000| Untracked 
|  42|0x0000000084400000, 0x0000000084500000, 0x0000000084500000|100%|HS|  |TAMS 0x0000000084400000, 0x0000000084400000| Complete 
|  43|0x0000000084500000, 0x0000000084600000, 0x0000000084600000|100%|HC|  |TAMS 0x0000000084500000, 0x0000000084500000| Complete 
|  44|0x0000000084600000, 0x0000000084700000, 0x0000000084700000|100%|HC|  |TAMS 0x0000000084600000, 0x0000000084600000| Complete 
|  45|0x0000000084700000, 0x0000000084800000, 0x0000000084800000|100%|HC|  |TAMS 0x0000000084700000, 0x0000000084700000| Complete 
|  46|0x0000000084800000, 0x0000000084900000, 0x0000000084900000|100%|HC|  |TAMS 0x0000000084800000, 0x0000000084800000| Complete 
|  47|0x0000000084900000, 0x0000000084a00000, 0x0000000084a00000|100%| O|  |TAMS 0x0000000084900000, 0x0000000084900000| Untracked 
|  48|0x0000000084a00000, 0x0000000084b00000, 0x0000000084b00000|100%| O|  |TAMS 0x0000000084a00000, 0x0000000084a00000| Untracked 
|  49|0x0000000084b00000, 0x0000000084c00000, 0x0000000084c00000|100%| O|  |TAMS 0x0000000084b00000, 0x0000000084b00000| Untracked 
|  50|0x0000000084c00000, 0x0000000084d00000, 0x0000000084d00000|100%| O|  |TAMS 0x0000000084c00000, 0x0000000084c00000| Untracked 
|  51|0x0000000084d00000, 0x0000000084e00000, 0x0000000084e00000|100%| O|  |TAMS 0x0000000084d00000, 0x0000000084d00000| Untracked 
|  52|0x0000000084e00000, 0x0000000084e78400, 0x0000000084f00000| 46%| O|  |TAMS 0x0000000084e00000, 0x0000000084e00000| Untracked 
|  53|0x0000000084f00000, 0x0000000084f00000, 0x0000000085000000|  0%| F|  |TAMS 0x0000000084f00000, 0x0000000084f00000| Untracked 
|  54|0x0000000085000000, 0x0000000085000000, 0x0000000085100000|  0%| F|  |TAMS 0x0000000085000000, 0x0000000085000000| Untracked 
|  55|0x0000000085100000, 0x0000000085100000, 0x0000000085200000|  0%| F|  |TAMS 0x0000000085100000, 0x0000000085100000| Untracked 
|  56|0x0000000085200000, 0x0000000085200000, 0x0000000085300000|  0%| F|  |TAMS 0x0000000085200000, 0x0000000085200000| Untracked 
|  57|0x0000000085300000, 0x0000000085300000, 0x0000000085400000|  0%| F|  |TAMS 0x0000000085300000, 0x0000000085300000| Untracked 
|  58|0x0000000085400000, 0x0000000085400000, 0x0000000085500000|  0%| F|  |TAMS 0x0000000085400000, 0x0000000085400000| Untracked 
|  59|0x0000000085500000, 0x0000000085500000, 0x0000000085600000|  0%| F|  |TAMS 0x0000000085500000, 0x0000000085500000| Untracked 
|  60|0x0000000085600000, 0x0000000085600000, 0x0000000085700000|  0%| F|  |TAMS 0x0000000085600000, 0x0000000085600000| Untracked 
|  61|0x0000000085700000, 0x0000000085700000, 0x0000000085800000|  0%| F|  |TAMS 0x0000000085700000, 0x0000000085700000| Untracked 
|  62|0x0000000085800000, 0x0000000085800000, 0x0000000085900000|  0%| F|  |TAMS 0x0000000085800000, 0x0000000085800000| Untracked 
|  63|0x0000000085900000, 0x0000000085900000, 0x0000000085a00000|  0%| F|  |TAMS 0x0000000085900000, 0x0000000085900000| Untracked 
|  64|0x0000000085a00000, 0x0000000085a80000, 0x0000000085b00000| 50%| S|CS|TAMS 0x0000000085a00000, 0x0000000085a00000| Complete 
|  65|0x0000000085b00000, 0x0000000085c00000, 0x0000000085c00000|100%| S|CS|TAMS 0x0000000085b00000, 0x0000000085b00000| Complete 
|  66|0x0000000085c00000, 0x0000000085d00000, 0x0000000085d00000|100%| S|CS|TAMS 0x0000000085c00000, 0x0000000085c00000| Complete 
|  67|0x0000000085d00000, 0x0000000085d00000, 0x0000000085e00000|  0%| F|  |TAMS 0x0000000085d00000, 0x0000000085d00000| Untracked 
|  68|0x0000000085e00000, 0x0000000085e00000, 0x0000000085f00000|  0%| F|  |TAMS 0x0000000085e00000, 0x0000000085e00000| Untracked 
|  69|0x0000000085f00000, 0x0000000085f00000, 0x0000000086000000|  0%| F|  |TAMS 0x0000000085f00000, 0x0000000085f00000| Untracked 
|  70|0x0000000086000000, 0x0000000086000000, 0x0000000086100000|  0%| F|  |TAMS 0x0000000086000000, 0x0000000086000000| Untracked 
|  71|0x0000000086100000, 0x0000000086100000, 0x0000000086200000|  0%| F|  |TAMS 0x0000000086100000, 0x0000000086100000| Untracked 
|  72|0x0000000086200000, 0x0000000086200000, 0x0000000086300000|  0%| F|  |TAMS 0x0000000086200000, 0x0000000086200000| Untracked 
|  73|0x0000000086300000, 0x0000000086400000, 0x0000000086400000|100%| S|CS|TAMS 0x0000000086300000, 0x0000000086300000| Complete 
|  74|0x0000000086400000, 0x0000000086500000, 0x0000000086500000|100%| S|CS|TAMS 0x0000000086400000, 0x0000000086400000| Complete 
|  75|0x0000000086500000, 0x0000000086500000, 0x0000000086600000|  0%| F|  |TAMS 0x0000000086500000, 0x0000000086500000| Untracked 
|  76|0x0000000086600000, 0x0000000086600000, 0x0000000086700000|  0%| F|  |TAMS 0x0000000086600000, 0x0000000086600000| Untracked 
|  77|0x0000000086700000, 0x0000000086700000, 0x0000000086800000|  0%| F|  |TAMS 0x0000000086700000, 0x0000000086700000| Untracked 
|  78|0x0000000086800000, 0x0000000086800000, 0x0000000086900000|  0%| F|  |TAMS 0x0000000086800000, 0x0000000086800000| Untracked 
|  79|0x0000000086900000, 0x0000000086900000, 0x0000000086a00000|  0%| F|  |TAMS 0x0000000086900000, 0x0000000086900000| Untracked 
|  80|0x0000000086a00000, 0x0000000086a00000, 0x0000000086b00000|  0%| F|  |TAMS 0x0000000086a00000, 0x0000000086a00000| Untracked 
|  81|0x0000000086b00000, 0x0000000086b00000, 0x0000000086c00000|  0%| F|  |TAMS 0x0000000086b00000, 0x0000000086b00000| Untracked 
|  82|0x0000000086c00000, 0x0000000086c00000, 0x0000000086d00000|  0%| F|  |TAMS 0x0000000086c00000, 0x0000000086c00000| Untracked 
|  83|0x0000000086d00000, 0x0000000086d00000, 0x0000000086e00000|  0%| F|  |TAMS 0x0000000086d00000, 0x0000000086d00000| Untracked 
|  84|0x0000000086e00000, 0x0000000086e00000, 0x0000000086f00000|  0%| F|  |TAMS 0x0000000086e00000, 0x0000000086e00000| Untracked 
|  85|0x0000000086f00000, 0x0000000086f00000, 0x0000000087000000|  0%| F|  |TAMS 0x0000000086f00000, 0x0000000086f00000| Untracked 
|  86|0x0000000087000000, 0x0000000087000000, 0x0000000087100000|  0%| F|  |TAMS 0x0000000087000000, 0x0000000087000000| Untracked 
|  87|0x0000000087100000, 0x0000000087100000, 0x0000000087200000|  0%| F|  |TAMS 0x0000000087100000, 0x0000000087100000| Untracked 
|  88|0x0000000087200000, 0x0000000087200000, 0x0000000087300000|  0%| F|  |TAMS 0x0000000087200000, 0x0000000087200000| Untracked 
|  89|0x0000000087300000, 0x0000000087300000, 0x0000000087400000|  0%| F|  |TAMS 0x0000000087300000, 0x0000000087300000| Untracked 
|  90|0x0000000087400000, 0x0000000087400000, 0x0000000087500000|  0%| F|  |TAMS 0x0000000087400000, 0x0000000087400000| Untracked 
|  91|0x0000000087500000, 0x0000000087500000, 0x0000000087600000|  0%| F|  |TAMS 0x0000000087500000, 0x0000000087500000| Untracked 
|  92|0x0000000087600000, 0x0000000087600000, 0x0000000087700000|  0%| F|  |TAMS 0x0000000087600000, 0x0000000087600000| Untracked 
|  93|0x0000000087700000, 0x0000000087700000, 0x0000000087800000|  0%| F|  |TAMS 0x0000000087700000, 0x0000000087700000| Untracked 
|  94|0x0000000087800000, 0x0000000087800000, 0x0000000087900000|  0%| F|  |TAMS 0x0000000087800000, 0x0000000087800000| Untracked 
|  95|0x0000000087900000, 0x0000000087900000, 0x0000000087a00000|  0%| F|  |TAMS 0x0000000087900000, 0x0000000087900000| Untracked 
|  96|0x0000000087a00000, 0x0000000087a00000, 0x0000000087b00000|  0%| F|  |TAMS 0x0000000087a00000, 0x0000000087a00000| Untracked 
|  97|0x0000000087b00000, 0x0000000087b00000, 0x0000000087c00000|  0%| F|  |TAMS 0x0000000087b00000, 0x0000000087b00000| Untracked 
|  98|0x0000000087c00000, 0x0000000087c80800, 0x0000000087d00000| 50%| E|  |TAMS 0x0000000087c00000, 0x0000000087c00000| Complete 
|  99|0x0000000087d00000, 0x0000000087e00000, 0x0000000087e00000|100%| E|CS|TAMS 0x0000000087d00000, 0x0000000087d00000| Complete 
| 100|0x0000000087e00000, 0x0000000087f00000, 0x0000000087f00000|100%| E|CS|TAMS 0x0000000087e00000, 0x0000000087e00000| Complete 
| 101|0x0000000087f00000, 0x0000000088000000, 0x0000000088000000|100%| E|CS|TAMS 0x0000000087f00000, 0x0000000087f00000| Complete 
| 102|0x0000000088000000, 0x0000000088100000, 0x0000000088100000|100%| E|CS|TAMS 0x0000000088000000, 0x0000000088000000| Complete 
| 103|0x0000000088100000, 0x0000000088200000, 0x0000000088200000|100%| E|CS|TAMS 0x0000000088100000, 0x0000000088100000| Complete 
| 104|0x0000000088200000, 0x0000000088300000, 0x0000000088300000|100%| E|CS|TAMS 0x0000000088200000, 0x0000000088200000| Complete 
| 105|0x0000000088300000, 0x0000000088400000, 0x0000000088400000|100%| E|CS|TAMS 0x0000000088300000, 0x0000000088300000| Complete 
| 106|0x0000000088400000, 0x0000000088500000, 0x0000000088500000|100%| E|CS|TAMS 0x0000000088400000, 0x0000000088400000| Complete 
| 107|0x0000000088500000, 0x0000000088600000, 0x0000000088600000|100%| E|CS|TAMS 0x0000000088500000, 0x0000000088500000| Complete 
| 108|0x0000000088600000, 0x0000000088700000, 0x0000000088700000|100%| E|CS|TAMS 0x0000000088600000, 0x0000000088600000| Complete 
| 109|0x0000000088700000, 0x0000000088800000, 0x0000000088800000|100%| E|CS|TAMS 0x0000000088700000, 0x0000000088700000| Complete 
| 110|0x0000000088800000, 0x0000000088900000, 0x0000000088900000|100%| E|CS|TAMS 0x0000000088800000, 0x0000000088800000| Complete 
| 111|0x0000000088900000, 0x0000000088a00000, 0x0000000088a00000|100%| E|CS|TAMS 0x0000000088900000, 0x0000000088900000| Complete 
| 112|0x0000000088a00000, 0x0000000088b00000, 0x0000000088b00000|100%| E|CS|TAMS 0x0000000088a00000, 0x0000000088a00000| Complete 
| 113|0x0000000088b00000, 0x0000000088c00000, 0x0000000088c00000|100%| E|CS|TAMS 0x0000000088b00000, 0x0000000088b00000| Complete 
| 114|0x0000000088c00000, 0x0000000088d00000, 0x0000000088d00000|100%| E|CS|TAMS 0x0000000088c00000, 0x0000000088c00000| Complete 
| 115|0x0000000088d00000, 0x0000000088e00000, 0x0000000088e00000|100%| E|CS|TAMS 0x0000000088d00000, 0x0000000088d00000| Complete 
| 116|0x0000000088e00000, 0x0000000088f00000, 0x0000000088f00000|100%| E|CS|TAMS 0x0000000088e00000, 0x0000000088e00000| Complete 

Card table byte_map: [0x0000017b37540000,0x0000017b37940000] _byte_map_base: 0x0000017b37133000

Marking Bits (Prev, Next): (CMBitMap*) 0x0000017b20a108a0, (CMBitMap*) 0x0000017b20a10860
 Prev Bits: [0x0000017b39ce0000, 0x0000017b3bc78000)
 Next Bits: [0x0000017b37d40000, 0x0000017b39cd8000)

Polling page: 0x0000017b1e8c0000

Metaspace:

Usage:
  Non-class:     30.45 MB used.
      Class:      3.85 MB used.
       Both:     34.30 MB used.

Virtual space:
  Non-class space:       32.00 MB reserved,      30.62 MB ( 96%) committed,  4 nodes.
      Class space:        1.00 GB reserved,       4.00 MB ( <1%) committed,  1 nodes.
              Both:        1.03 GB reserved,      34.62 MB (  3%) committed. 

Chunk freelists:
   Non-Class:  528.00 KB
       Class:  3.83 MB
        Both:  4.34 MB

MaxMetaspaceSize: 17179869184.00 GB
CompressedClassSpaceSize: 1.00 GB
 - commit_granule_bytes: 65536.
 - commit_granule_words: 8192.
 - virtual_space_node_default_size: 1048576.
 - enlarge_chunks_in_place: 1.
 - new_chunks_are_fully_committed: 0.
 - uncommit_free_chunks: 1.
 - use_allocation_guard: 0.
 - handle_deallocations: 1.


Internal statistics:

num_allocs_failed_limit: 3.
num_arena_births: 332.
num_arena_deaths: 2.
num_vsnodes_births: 5.
num_vsnodes_deaths: 0.
num_space_committed: 554.
num_space_uncommitted: 0.
num_chunks_returned_to_freelist: 6.
num_chunks_taken_from_freelist: 1262.
num_chunk_merges: 3.
num_chunk_splits: 928.
num_chunks_enlarged: 739.
num_purges: 2.

CodeHeap 'non-profiled nmethods': size=120000Kb used=2747Kb max_used=2747Kb free=117252Kb
 bounds [0x0000017b2fc10000, 0x0000017b2fed0000, 0x0000017b37140000]
CodeHeap 'profiled nmethods': size=120000Kb used=7313Kb max_used=8374Kb free=112686Kb
 bounds [0x0000017b286e0000, 0x0000017b28f10000, 0x0000017b2fc10000]
CodeHeap 'non-nmethods': size=5760Kb used=1311Kb max_used=1388Kb free=4448Kb
 bounds [0x0000017b28140000, 0x0000017b283b0000, 0x0000017b286e0000]
 total_blobs=4097 nmethods=3474 adapters=535
 compilation: enabled
              stopped_count=0, restarted_count=0
 full_count=0

Compilation events (20 events):
Event: 18.547 Thread 0x0000017b3e1223e0 4034       3       java.util.Spliterators$ArraySpliterator::tryAdvance (58 bytes)
Event: 18.547 Thread 0x0000017b3e1223e0 nmethod 4034 0x0000017b2883ea10 code [0x0000017b2883ebe0, 0x0000017b2883ef98]
Event: 18.547 Thread 0x0000017b3e1223e0 4035       3       java.util.regex.Matcher::find (35 bytes)
Event: 18.548 Thread 0x0000017b3e1223e0 nmethod 4035 0x0000017b2883e090 code [0x0000017b2883e280, 0x0000017b2883e678]
Event: 18.548 Thread 0x0000017b3e1223e0 4036       3       java.lang.StringBuilder::append (8 bytes)
Event: 18.548 Thread 0x0000017b3e1223e0 nmethod 4036 0x0000017b286ed890 code [0x0000017b286eda40, 0x0000017b286edb88]
Event: 18.548 Thread 0x0000017b3e1223e0 4037       3       java.lang.AbstractStringBuilder::append (54 bytes)
Event: 18.548 Thread 0x0000017b3e1223e0 nmethod 4037 0x0000017b286ecb10 code [0x0000017b286ecd40, 0x0000017b286ed6e8]
Event: 18.548 Thread 0x0000017b3e1223e0 4038       3       io.netty.handler.codec.http.DefaultHttpHeaders::validateHeaderNameElement (325 bytes)
Event: 18.550 Thread 0x0000017b3e1223e0 nmethod 4038 0x0000017b28778390 code [0x0000017b28778660, 0x0000017b28779738]
Event: 18.550 Thread 0x0000017b3e1223e0 4039       3       java.lang.invoke.VarForm::getMemberName (21 bytes)
Event: 18.550 Thread 0x0000017b3e1223e0 nmethod 4039 0x0000017b286ec610 code [0x0000017b286ec7c0, 0x0000017b286ec9e8]
Event: 18.551 Thread 0x0000017b3e1223e0 4041       3       org.aspectj.weaver.bcel.BcelObjectType::getSuperclass (111 bytes)
Event: 18.552 Thread 0x0000017b3e1223e0 nmethod 4041 0x0000017b28776c90 code [0x0000017b28776f20, 0x0000017b28777f68]
Event: 18.553 Thread 0x0000017b3f500180 4040   !   4       org.aspectj.weaver.ReferenceType::getSuperclass (170 bytes)
Event: 18.562 Thread 0x0000017b3e1223e0 4042       3       io.netty.buffer.LongPriorityQueue::isEmpty (13 bytes)
Event: 18.563 Thread 0x0000017b3e1223e0 nmethod 4042 0x0000017b28776910 code [0x0000017b28776aa0, 0x0000017b28776c18]
Event: 18.563 Thread 0x0000017b3e1223e0 4043       3       io.netty.handler.codec.http.HttpObjectDecoder::isOWS (18 bytes)
Event: 18.563 Thread 0x0000017b3e1223e0 nmethod 4043 0x0000017b28776410 code [0x0000017b287765a0, 0x0000017b28776718]
Event: 18.563 Thread 0x0000017b3e1223e0 4044       1       io.netty.channel.nio.AbstractNioChannel::javaChannel (5 bytes)

GC Heap History (20 events):
Event: 0.769 GC heap before
{Heap before GC invocations=0 (full 0):
 garbage-first heap   total 131072K, used 13312K [0x0000000081a00000, 0x0000000100000000)
  region size 1024K, 13 young (13312K), 0 survivors (0K)
 Metaspace       used 3723K, committed 3840K, reserved 1056768K
  class space    used 339K, committed 384K, reserved 1048576K
}
Event: 0.773 GC heap after
{Heap after GC invocations=1 (full 0):
 garbage-first heap   total 131072K, used 3816K [0x0000000081a00000, 0x0000000100000000)
  region size 1024K, 2 young (2048K), 2 survivors (2048K)
 Metaspace       used 3723K, committed 3840K, reserved 1056768K
  class space    used 339K, committed 384K, reserved 1048576K
}
Event: 1.352 GC heap before
{Heap before GC invocations=1 (full 0):
 garbage-first heap   total 131072K, used 17128K [0x0000000081a00000, 0x0000000100000000)
  region size 1024K, 16 young (16384K), 2 survivors (2048K)
 Metaspace       used 7185K, committed 7424K, reserved 1056768K
  class space    used 642K, committed 768K, reserved 1048576K
}
Event: 1.358 GC heap after
{Heap after GC invocations=2 (full 0):
 garbage-first heap   total 131072K, used 6030K [0x0000000081a00000, 0x0000000100000000)
  region size 1024K, 2 young (2048K), 2 survivors (2048K)
 Metaspace       used 7185K, committed 7424K, reserved 1056768K
  class space    used 642K, committed 768K, reserved 1048576K
}
Event: 2.829 GC heap before
{Heap before GC invocations=2 (full 0):
 garbage-first heap   total 131072K, used 81806K [0x0000000081a00000, 0x0000000100000000)
  region size 1024K, 76 young (77824K), 2 survivors (2048K)
 Metaspace       used 13152K, committed 13312K, reserved 1064960K
  class space    used 1149K, committed 1216K, reserved 1048576K
}
Event: 2.849 GC heap after
{Heap after GC invocations=3 (full 0):
 garbage-first heap   total 131072K, used 18120K [0x0000000081a00000, 0x0000000100000000)
  region size 1024K, 10 young (10240K), 10 survivors (10240K)
 Metaspace       used 13152K, committed 13312K, reserved 1064960K
  class space    used 1149K, committed 1216K, reserved 1048576K
}
Event: 3.899 GC heap before
{Heap before GC invocations=3 (full 0):
 garbage-first heap   total 131072K, used 67272K [0x0000000081a00000, 0x0000000100000000)
  region size 1024K, 58 young (59392K), 10 survivors (10240K)
 Metaspace       used 15924K, committed 16192K, reserved 1064960K
  class space    used 1484K, committed 1600K, reserved 1048576K
}
Event: 3.917 GC heap after
{Heap after GC invocations=4 (full 0):
 garbage-first heap   total 131072K, used 22328K [0x0000000081a00000, 0x0000000100000000)
  region size 1024K, 4 young (4096K), 4 survivors (4096K)
 Metaspace       used 15924K, committed 16192K, reserved 1064960K
  class space    used 1484K, committed 1600K, reserved 1048576K
}
Event: 5.494 GC heap before
{Heap before GC invocations=4 (full 0):
 garbage-first heap   total 131072K, used 79672K [0x0000000081a00000, 0x0000000100000000)
  region size 1024K, 61 young (62464K), 4 survivors (4096K)
 Metaspace       used 20963K, committed 21248K, reserved 1073152K
  class space    used 2051K, committed 2240K, reserved 1048576K
}
Event: 5.511 GC heap after
{Heap after GC invocations=5 (full 0):
 garbage-first heap   total 131072K, used 29184K [0x0000000081a00000, 0x0000000100000000)
  region size 1024K, 8 young (8192K), 8 survivors (8192K)
 Metaspace       used 20963K, committed 21248K, reserved 1073152K
  class space    used 2051K, committed 2240K, reserved 1048576K
}
Event: 6.617 GC heap before
{Heap before GC invocations=6 (full 0):
 garbage-first heap   total 99328K, used 80384K [0x0000000081a00000, 0x0000000100000000)
  region size 1024K, 58 young (59392K), 8 survivors (8192K)
 Metaspace       used 23173K, committed 23488K, reserved 1073152K
  class space    used 2351K, committed 2496K, reserved 1048576K
}
Event: 6.646 GC heap after
{Heap after GC invocations=7 (full 0):
 garbage-first heap   total 99328K, used 35148K [0x0000000081a00000, 0x0000000100000000)
  region size 1024K, 6 young (6144K), 6 survivors (6144K)
 Metaspace       used 23173K, committed 23488K, reserved 1073152K
  class space    used 2351K, committed 2496K, reserved 1048576K
}
Event: 7.321 GC heap before
{Heap before GC invocations=7 (full 0):
 garbage-first heap   total 99328K, used 73036K [0x0000000081a00000, 0x0000000100000000)
  region size 1024K, 43 young (44032K), 6 survivors (6144K)
 Metaspace       used 26368K, committed 26624K, reserved 1073152K
  class space    used 2736K, committed 2880K, reserved 1048576K
}
Event: 7.345 GC heap after
{Heap after GC invocations=8 (full 0):
 garbage-first heap   total 99328K, used 40960K [0x0000000081a00000, 0x0000000100000000)
  region size 1024K, 6 young (6144K), 6 survivors (6144K)
 Metaspace       used 26368K, committed 26624K, reserved 1073152K
  class space    used 2736K, committed 2880K, reserved 1048576K
}
Event: 8.714 GC heap before
{Heap before GC invocations=8 (full 0):
 garbage-first heap   total 99328K, used 74752K [0x0000000081a00000, 0x0000000100000000)
  region size 1024K, 39 young (39936K), 6 survivors (6144K)
 Metaspace       used 28805K, committed 29120K, reserved 1081344K
  class space    used 3064K, committed 3200K, reserved 1048576K
}
Event: 8.732 GC heap after
{Heap after GC invocations=9 (full 0):
 garbage-first heap   total 119808K, used 44544K [0x0000000081a00000, 0x0000000100000000)
  region size 1024K, 4 young (4096K), 4 survivors (4096K)
 Metaspace       used 28805K, committed 29120K, reserved 1081344K
  class space    used 3064K, committed 3200K, reserved 1048576K
}
Event: 9.406 GC heap before
{Heap before GC invocations=9 (full 0):
 garbage-first heap   total 119808K, used 89600K [0x0000000081a00000, 0x0000000100000000)
  region size 1024K, 48 young (49152K), 4 survivors (4096K)
 Metaspace       used 31302K, committed 31616K, reserved 1081344K
  class space    used 3421K, committed 3584K, reserved 1048576K
}
Event: 9.421 GC heap after
{Heap after GC invocations=10 (full 0):
 garbage-first heap   total 119808K, used 48128K [0x0000000081a00000, 0x0000000100000000)
  region size 1024K, 6 young (6144K), 6 survivors (6144K)
 Metaspace       used 31302K, committed 31616K, reserved 1081344K
  class space    used 3421K, committed 3584K, reserved 1048576K
}
Event: 13.335 GC heap before
{Heap before GC invocations=10 (full 0):
 garbage-first heap   total 119808K, used 96256K [0x0000000081a00000, 0x0000000100000000)
  region size 1024K, 48 young (49152K), 6 survivors (6144K)
 Metaspace       used 33863K, committed 34240K, reserved 1081344K
  class space    used 3759K, committed 3968K, reserved 1048576K
}
Event: 13.354 GC heap after
{Heap after GC invocations=11 (full 0):
 garbage-first heap   total 119808K, used 57825K [0x0000000081a00000, 0x0000000100000000)
  region size 1024K, 5 young (5120K), 5 survivors (5120K)
 Metaspace       used 33863K, committed 34240K, reserved 1081344K
  class space    used 3759K, committed 3968K, reserved 1048576K
}

Deoptimization events (20 events):
Event: 18.529 Thread 0x0000017b209cfc00 Uncommon trap: trap_request=0xffffffde fr.pc=0x0000017b2fd17df8 relative=0x0000000000005818
Event: 18.529 Thread 0x0000017b209cfc00 Uncommon trap: reason=class_check action=maybe_recompile pc=0x0000017b2fd17df8 method=org.aspectj.weaver.bcel.LazyClassGen.implementsSerializable(Lorg/aspectj/weaver/ResolvedType;)Z @ 83 c2
Event: 18.529 Thread 0x0000017b209cfc00 DEOPT PACKING pc=0x0000017b2fd17df8 sp=0x000000715b9fb530
Event: 18.529 Thread 0x0000017b209cfc00 DEOPT UNPACKING pc=0x0000017b2818d72e sp=0x000000715b9fb4f0 mode 2
Event: 18.529 Thread 0x0000017b209cfc00 Uncommon trap: trap_request=0xffffffde fr.pc=0x0000017b2fe930fc relative=0x000000000000063c
Event: 18.529 Thread 0x0000017b209cfc00 Uncommon trap: reason=class_check action=maybe_recompile pc=0x0000017b2fe930fc method=org.aspectj.weaver.JoinPointSignatureIterator.addSignaturesUpToFirstDefiningMember()V @ 30 c2
Event: 18.529 Thread 0x0000017b209cfc00 DEOPT PACKING pc=0x0000017b2fe930fc sp=0x000000715b9fb040
Event: 18.529 Thread 0x0000017b209cfc00 DEOPT UNPACKING pc=0x0000017b2818d72e sp=0x000000715b9fb0d8 mode 2
Event: 18.529 Thread 0x0000017b209cfc00 Uncommon trap: trap_request=0xffffffde fr.pc=0x0000017b2fe930fc relative=0x000000000000063c
Event: 18.529 Thread 0x0000017b209cfc00 Uncommon trap: reason=class_check action=maybe_recompile pc=0x0000017b2fe930fc method=org.aspectj.weaver.JoinPointSignatureIterator.addSignaturesUpToFirstDefiningMember()V @ 30 c2
Event: 18.529 Thread 0x0000017b209cfc00 DEOPT PACKING pc=0x0000017b2fe930fc sp=0x000000715b9fb040
Event: 18.529 Thread 0x0000017b209cfc00 DEOPT UNPACKING pc=0x0000017b2818d72e sp=0x000000715b9fb0d8 mode 2
Event: 18.529 Thread 0x0000017b209cfc00 Uncommon trap: trap_request=0xffffffde fr.pc=0x0000017b2fe930fc relative=0x000000000000063c
Event: 18.529 Thread 0x0000017b209cfc00 Uncommon trap: reason=class_check action=maybe_recompile pc=0x0000017b2fe930fc method=org.aspectj.weaver.JoinPointSignatureIterator.addSignaturesUpToFirstDefiningMember()V @ 30 c2
Event: 18.529 Thread 0x0000017b209cfc00 DEOPT PACKING pc=0x0000017b2fe930fc sp=0x000000715b9fb040
Event: 18.529 Thread 0x0000017b209cfc00 DEOPT UNPACKING pc=0x0000017b2818d72e sp=0x000000715b9fb0d8 mode 2
Event: 18.529 Thread 0x0000017b209cfc00 Uncommon trap: trap_request=0xffffffde fr.pc=0x0000017b2fe930fc relative=0x000000000000063c
Event: 18.529 Thread 0x0000017b209cfc00 Uncommon trap: reason=class_check action=maybe_recompile pc=0x0000017b2fe930fc method=org.aspectj.weaver.JoinPointSignatureIterator.addSignaturesUpToFirstDefiningMember()V @ 30 c2
Event: 18.529 Thread 0x0000017b209cfc00 DEOPT PACKING pc=0x0000017b2fe930fc sp=0x000000715b9fb040
Event: 18.529 Thread 0x0000017b209cfc00 DEOPT UNPACKING pc=0x0000017b2818d72e sp=0x000000715b9fb0d8 mode 2

Classes unloaded (1 events):
Event: 5.591 Thread 0x0000017b3e0fdef0 Unloading class 0x0000000800ca0800 'java/lang/invoke/LambdaForm$DMH+0x0000000800ca0800'

Classes redefined (0 events):
No events

Internal exceptions (20 events):
Event: 13.269 Thread 0x0000017b209cfc00 Exception <a 'java/lang/IncompatibleClassChangeError'{0x0000000086795fa0}: Found class java.lang.Object, but interface was expected> (0x0000000086795fa0) 
thrown [t:\workspace\open\src\hotspot\share\interpreter\linkResolver.cpp, line 857]
Event: 13.275 Thread 0x0000017b209cfc00 Exception <a 'java/lang/NoSuchMethodError'{0x00000000867c6388}: 'int java.lang.invoke.DirectMethodHandle$Holder.invokeStatic(java.lang.Object, java.lang.Object, java.lang.Object, java.lang.Object, java.lang.Object)'> (0x00000000867c6388) 
thrown [t:\workspace\open\src\hotspot\share\interpreter\linkResolver.cpp, line 790]
Event: 13.330 Thread 0x0000017b209cfc00 Exception <a 'java/lang/NoSuchMethodError'{0x00000000865cc180}: 'void java.lang.invoke.DirectMethodHandle$Holder.invokeInterface(java.lang.Object, java.lang.Object)'> (0x00000000865cc180) 
thrown [t:\workspace\open\src\hotspot\share\interpreter\linkResolver.cpp, line 790]
Event: 13.435 Thread 0x0000017b209cfc00 Exception <a 'java/lang/IncompatibleClassChangeError'{0x0000000088b95a38}: Found class java.lang.Object, but interface was expected> (0x0000000088b95a38) 
thrown [t:\workspace\open\src\hotspot\share\interpreter\linkResolver.cpp, line 857]
Event: 13.436 Thread 0x0000017b209cfc00 Exception <a 'java/lang/IncompatibleClassChangeError'{0x0000000088b98dd8}: Found class java.lang.Object, but interface was expected> (0x0000000088b98dd8) 
thrown [t:\workspace\open\src\hotspot\share\interpreter\linkResolver.cpp, line 857]
Event: 13.436 Thread 0x0000017b209cfc00 Exception <a 'java/lang/IncompatibleClassChangeError'{0x0000000088b9c0d0}: Found class java.lang.Object, but interface was expected> (0x0000000088b9c0d0) 
thrown [t:\workspace\open\src\hotspot\share\interpreter\linkResolver.cpp, line 857]
Event: 13.436 Thread 0x0000017b209cfc00 Exception <a 'java/lang/IncompatibleClassChangeError'{0x0000000088b9f3f8}: Found class java.lang.Object, but interface was expected> (0x0000000088b9f3f8) 
thrown [t:\workspace\open\src\hotspot\share\interpreter\linkResolver.cpp, line 857]
Event: 13.438 Thread 0x0000017b209cfc00 Exception <a 'java/lang/IncompatibleClassChangeError'{0x0000000088bad818}: Found class java.lang.Object, but interface was expected> (0x0000000088bad818) 
thrown [t:\workspace\open\src\hotspot\share\interpreter\linkResolver.cpp, line 857]
Event: 13.438 Thread 0x0000017b209cfc00 Exception <a 'java/lang/IncompatibleClassChangeError'{0x0000000088bb0c00}: Found class java.lang.Object, but interface was expected> (0x0000000088bb0c00) 
thrown [t:\workspace\open\src\hotspot\share\interpreter\linkResolver.cpp, line 857]
Event: 18.272 Thread 0x0000017b209cfc00 Exception <a 'java/lang/ClassNotFoundException'{0x0000000088aa1b00}: sun/misc/SharedSecrets> (0x0000000088aa1b00) 
thrown [t:\workspace\open\src\hotspot\share\classfile\systemDictionary.cpp, line 256]
Event: 18.282 Thread 0x0000017b209cfc00 Exception <a 'java/lang/reflect/InvocationTargetException'{0x0000000088ae9d78}> (0x0000000088ae9d78) 
thrown [t:\workspace\open\src\hotspot\share\runtime\reflection.cpp, line 1157]
Event: 18.296 Thread 0x0000017b209cfc00 Exception <a 'java/lang/IncompatibleClassChangeError'{0x0000000088968e48}: Found class java.lang.Object, but interface was expected> (0x0000000088968e48) 
thrown [t:\workspace\open\src\hotspot\share\interpreter\linkResolver.cpp, line 857]
Event: 18.296 Thread 0x0000017b209cfc00 Exception <a 'java/lang/IncompatibleClassChangeError'{0x000000008896c100}: Found class java.lang.Object, but interface was expected> (0x000000008896c100) 
thrown [t:\workspace\open\src\hotspot\share\interpreter\linkResolver.cpp, line 857]
Event: 18.296 Thread 0x0000017b209cfc00 Exception <a 'java/lang/IncompatibleClassChangeError'{0x000000008896f3f8}: Found class java.lang.Object, but interface was expected> (0x000000008896f3f8) 
thrown [t:\workspace\open\src\hotspot\share\interpreter\linkResolver.cpp, line 857]
Event: 18.297 Thread 0x0000017b209cfc00 Exception <a 'java/lang/IncompatibleClassChangeError'{0x00000000889726c8}: Found class java.lang.Object, but interface was expected> (0x00000000889726c8) 
thrown [t:\workspace\open\src\hotspot\share\interpreter\linkResolver.cpp, line 857]
Event: 18.297 Thread 0x0000017b209cfc00 Exception <a 'java/lang/IncompatibleClassChangeError'{0x00000000889759c0}: Found class java.lang.Object, but interface was expected> (0x00000000889759c0) 
thrown [t:\workspace\open\src\hotspot\share\interpreter\linkResolver.cpp, line 857]
Event: 18.298 Thread 0x0000017b209cfc00 Exception <a 'sun/nio/fs/WindowsException'{0x0000000088978ca8}> (0x0000000088978ca8) 
thrown [t:\workspace\open\src\hotspot\share\prims\jni.cpp, line 579]
Event: 18.508 Thread 0x0000017b209cfc00 Exception <a 'java/lang/IncompatibleClassChangeError'{0x0000000087e89bf8}: Found class java.lang.Object, but interface was expected> (0x0000000087e89bf8) 
thrown [t:\workspace\open\src\hotspot\share\interpreter\linkResolver.cpp, line 857]
Event: 18.525 Thread 0x0000017b209cfc00 Exception <a 'java/lang/NoClassDefFoundError'{0x0000000087eb7aa0}: junit/framework/ComparisonFailure> (0x0000000087eb7aa0) 
thrown [t:\workspace\open\src\hotspot\share\classfile\systemDictionary.cpp, line 245]
Event: 18.529 Thread 0x0000017b209cfc00 Exception <a 'java/lang/NoClassDefFoundError'{0x0000000087ed2b38}: junit/framework/ComparisonFailure> (0x0000000087ed2b38) 
thrown [t:\workspace\open\src\hotspot\share\classfile\systemDictionary.cpp, line 245]

Events (20 events):
Event: 18.323 Executing  VM operation: ICBufferFull done
Event: 18.324 loading class java/util/concurrent/atomic/AtomicReferenceArray
Event: 18.324 loading class java/util/concurrent/atomic/AtomicReferenceArray done
Event: 18.365 Executing  VM operation: HandshakeAllThreads
Event: 18.365 Executing  VM operation: HandshakeAllThreads done
Event: 18.397 loading class org/w3c/dom/Node
Event: 18.398 loading class org/w3c/dom/Node done
Event: 18.398 loading class org/w3c/dom/Document
Event: 18.398 loading class org/w3c/dom/Document done
Event: 18.417 loading class sun/reflect/generics/scope/MethodScope
Event: 18.417 loading class sun/reflect/generics/scope/MethodScope done
Event: 18.418 loading class sun/reflect/generics/repository/MethodRepository
Event: 18.418 loading class sun/reflect/generics/repository/ConstructorRepository
Event: 18.418 loading class sun/reflect/generics/repository/ConstructorRepository done
Event: 18.418 loading class sun/reflect/generics/repository/MethodRepository done
Event: 18.418 loading class sun/reflect/generics/tree/MethodTypeSignature
Event: 18.418 loading class sun/reflect/generics/tree/MethodTypeSignature done
Event: 18.537 Thread 0x0000017b3f500180 Thread added: 0x0000017b3f500180
Event: 18.539 loading class java/util/concurrent/ConcurrentLinkedQueue$Itr
Event: 18.541 loading class java/util/concurrent/ConcurrentLinkedQueue$Itr done


Dynamic libraries:
0x00007ff67b6e0000 - 0x00007ff67b6f0000 	C:\Program Files\Java\jdk-16.0.1\bin\java.exe
0x00007ffbcaf50000 - 0x00007ffbcb148000 	C:\WINDOWS\SYSTEM32\ntdll.dll
0x00007ffbc9fc0000 - 0x00007ffbca07d000 	C:\WINDOWS\System32\KERNEL32.DLL
0x00007ffbc8ce0000 - 0x00007ffbc8fae000 	C:\WINDOWS\System32\KERNELBASE.dll
0x00007ffbc8670000 - 0x00007ffbc8770000 	C:\WINDOWS\System32\ucrtbase.dll
0x00007ffbc0f50000 - 0x00007ffbc0f68000 	C:\Program Files\Java\jdk-16.0.1\bin\jli.dll
0x00007ffbc0ef0000 - 0x00007ffbc0f09000 	C:\Program Files\Java\jdk-16.0.1\bin\VCRUNTIME140.dll
0x00007ffbc9040000 - 0x00007ffbc90ee000 	C:\WINDOWS\System32\ADVAPI32.dll
0x00007ffbca080000 - 0x00007ffbca11e000 	C:\WINDOWS\System32\msvcrt.dll
0x00007ffbc90f0000 - 0x00007ffbc918c000 	C:\WINDOWS\System32\sechost.dll
0x00007ffbca120000 - 0x00007ffbca245000 	C:\WINDOWS\System32\RPCRT4.dll
0x00007ffbcad70000 - 0x00007ffbcaf10000 	C:\WINDOWS\System32\USER32.dll
0x00007ffbc8770000 - 0x00007ffbc8792000 	C:\WINDOWS\System32\win32u.dll
0x00007ffbc9a40000 - 0x00007ffbc9a6a000 	C:\WINDOWS\System32\GDI32.dll
0x00007ffbc8850000 - 0x00007ffbc895b000 	C:\WINDOWS\System32\gdi32full.dll
0x00007ffbc8960000 - 0x00007ffbc89fd000 	C:\WINDOWS\System32\msvcp_win.dll
0x00007ffbb3e40000 - 0x00007ffbb40da000 	C:\WINDOWS\WinSxS\amd64_microsoft.windows.common-controls_6595b64144ccf1df_6.0.19041.1110_none_60b5254171f9507e\COMCTL32.dll
0x00007ffbc65b0000 - 0x00007ffbc65ba000 	C:\WINDOWS\SYSTEM32\VERSION.dll
0x00007ffbc9010000 - 0x00007ffbc9040000 	C:\WINDOWS\System32\IMM32.DLL
0x00007ffbc3930000 - 0x00007ffbc393c000 	C:\Program Files\Java\jdk-16.0.1\bin\vcruntime140_1.dll
0x00007ffb9f580000 - 0x00007ffb9f611000 	C:\Program Files\Java\jdk-16.0.1\bin\msvcp140.dll
0x00007ffb575e0000 - 0x00007ffb5818b000 	C:\Program Files\Java\jdk-16.0.1\bin\server\jvm.dll
0x00007ffbc9e80000 - 0x00007ffbc9e88000 	C:\WINDOWS\System32\PSAPI.DLL
0x00007ffbc6580000 - 0x00007ffbc65a7000 	C:\WINDOWS\SYSTEM32\WINMM.dll
0x00007ffbb07c0000 - 0x00007ffbb07c9000 	C:\WINDOWS\SYSTEM32\WSOCK32.dll
0x00007ffbc9ad0000 - 0x00007ffbc9b3b000 	C:\WINDOWS\System32\WS2_32.dll
0x00007ffbc6f50000 - 0x00007ffbc6f62000 	C:\WINDOWS\SYSTEM32\kernel.appcore.dll
0x00007ffbc0f40000 - 0x00007ffbc0f4a000 	C:\Program Files\Java\jdk-16.0.1\bin\jimage.dll
0x00007ffbc6390000 - 0x00007ffbc6574000 	C:\WINDOWS\SYSTEM32\DBGHELP.DLL
0x00007ffbc6360000 - 0x00007ffbc638c000 	C:\WINDOWS\SYSTEM32\dbgcore.DLL
0x00007ffbc8c50000 - 0x00007ffbc8cd2000 	C:\WINDOWS\System32\bcryptPrimitives.dll
0x00007ffbc0ee0000 - 0x00007ffbc0eee000 	C:\Program Files\Java\jdk-16.0.1\bin\instrument.dll
0x00007ffbc0e50000 - 0x00007ffbc0e75000 	C:\Program Files\Java\jdk-16.0.1\bin\java.dll
0x00007ffbca300000 - 0x00007ffbcaa44000 	C:\WINDOWS\System32\SHELL32.dll
0x00007ffbc6750000 - 0x00007ffbc6ee4000 	C:\WINDOWS\SYSTEM32\windows.storage.dll
0x00007ffbc96e0000 - 0x00007ffbc9a34000 	C:\WINDOWS\System32\combase.dll
0x00007ffbc80d0000 - 0x00007ffbc8100000 	C:\WINDOWS\SYSTEM32\Wldp.dll
0x00007ffbcaa50000 - 0x00007ffbcaafd000 	C:\WINDOWS\System32\SHCORE.dll
0x00007ffbc9e20000 - 0x00007ffbc9e75000 	C:\WINDOWS\System32\shlwapi.dll
0x00007ffbc85b0000 - 0x00007ffbc85cf000 	C:\WINDOWS\SYSTEM32\profapi.dll
0x00007ffbc0840000 - 0x00007ffbc0858000 	C:\Program Files\Java\jdk-16.0.1\bin\zip.dll
0x00007ffbb66f0000 - 0x00007ffbb6709000 	C:\Program Files\Java\jdk-16.0.1\bin\net.dll
0x00007ffbb6340000 - 0x00007ffbb644a000 	C:\WINDOWS\SYSTEM32\WINHTTP.dll
0x00007ffbc7e30000 - 0x00007ffbc7e9a000 	C:\WINDOWS\system32\mswsock.dll
0x00007ffbb6500000 - 0x00007ffbb6513000 	C:\Program Files\Java\jdk-16.0.1\bin\nio.dll
0x00007ffbb6290000 - 0x00007ffbb62aa000 	C:\Program Files\JetBrains\IntelliJ IDEA 2022.2\bin\breakgen64.dll
0x00007ffbc0ed0000 - 0x00007ffbc0ee0000 	C:\Program Files\Java\jdk-16.0.1\bin\verify.dll
0x00007ffbc8020000 - 0x00007ffbc8038000 	C:\WINDOWS\SYSTEM32\CRYPTSP.dll
0x00007ffbc7740000 - 0x00007ffbc7774000 	C:\WINDOWS\system32\rsaenh.dll
0x00007ffbc8c20000 - 0x00007ffbc8c47000 	C:\WINDOWS\System32\bcrypt.dll
0x00007ffbc8570000 - 0x00007ffbc859e000 	C:\WINDOWS\SYSTEM32\USERENV.dll
0x00007ffbc8040000 - 0x00007ffbc804c000 	C:\WINDOWS\SYSTEM32\CRYPTBASE.dll
0x00007ffbc7ad0000 - 0x00007ffbc7b0b000 	C:\WINDOWS\SYSTEM32\IPHLPAPI.DLL
0x00007ffbc9260000 - 0x00007ffbc9268000 	C:\WINDOWS\System32\NSI.dll
0x00007ffbbeb20000 - 0x00007ffbbeb37000 	C:\WINDOWS\SYSTEM32\dhcpcsvc6.DLL
0x00007ffbbeb60000 - 0x00007ffbbeb7d000 	C:\WINDOWS\SYSTEM32\dhcpcsvc.DLL
0x00007ffbc7b10000 - 0x00007ffbc7bda000 	C:\WINDOWS\SYSTEM32\DNSAPI.dll
0x00007ffbb4b40000 - 0x00007ffbb4b4a000 	C:\Windows\System32\rasadhlp.dll
0x00007ffbb62b0000 - 0x00007ffbb6330000 	C:\WINDOWS\System32\fwpuclnt.dll
0x00007ffbc0830000 - 0x00007ffbc0839000 	C:\Program Files\Java\jdk-16.0.1\bin\management.dll
0x00007ffbbf670000 - 0x00007ffbbf67b000 	C:\Program Files\Java\jdk-16.0.1\bin\management_ext.dll
0x00007ffbb66e0000 - 0x00007ffbb66ee000 	C:\Program Files\Java\jdk-16.0.1\bin\sunmscapi.dll
0x00007ffbc8ac0000 - 0x00007ffbc8c16000 	C:\WINDOWS\System32\CRYPT32.dll
0x00007ffbc8140000 - 0x00007ffbc8167000 	C:\WINDOWS\SYSTEM32\ncrypt.dll
0x00007ffbc8100000 - 0x00007ffbc813b000 	C:\WINDOWS\SYSTEM32\NTASN1.dll
0x00007ffbc0e80000 - 0x00007ffbc0e87000 	C:\WINDOWS\system32\wshunix.dll
0x00007ffba5790000 - 0x00007ffba57a7000 	C:\WINDOWS\system32\napinsp.dll
0x00007ffba5770000 - 0x00007ffba578b000 	C:\WINDOWS\system32\pnrpnsp.dll
0x00007ffba5750000 - 0x00007ffba5765000 	C:\WINDOWS\system32\wshbth.dll
0x00007ffbc3bf0000 - 0x00007ffbc3c0d000 	C:\WINDOWS\system32\NLAapi.dll
0x00007ffba5730000 - 0x00007ffba5742000 	C:\WINDOWS\System32\winrnr.dll

dbghelp: loaded successfully - version: 4.0.5 - missing functions: none
symbol engine: initialized successfully - sym options: 0x614 - pdb path: .;C:\Program Files\Java\jdk-16.0.1\bin;C:\WINDOWS\SYSTEM32;C:\WINDOWS\WinSxS\amd64_microsoft.windows.common-controls_6595b64144ccf1df_6.0.19041.1110_none_60b5254171f9507e;C:\Program Files\Java\jdk-16.0.1\bin\server;C:\Program Files\JetBrains\IntelliJ IDEA 2022.2\bin

VM Arguments:
jvm_args: -ea -javaagent:C:\Users\DELL\.m2\repository/org/aspectj/aspectjweaver/1.9.9.1/aspectjweaver-1.9.9.1.jar -Didea.test.cyclic.buffer.size=1048576 -javaagent:C:\Program Files\JetBrains\IntelliJ IDEA 2022.2\lib\idea_rt.jar=61086:C:\Program Files\JetBrains\IntelliJ IDEA 2022.2\bin -Dfile.encoding=UTF-8 
java_command: com.intellij.rt.testng.RemoteTestNGStarter -usedefaultlisteners false -socket61085 @w@C:\Users\DELL\AppData\Local\Temp\idea_working_dirs_testng.tmp -temp C:\Users\DELL\AppData\Local\Temp\idea_testng.tmp
java_class_path (initial): C:\Program Files\JetBrains\IntelliJ IDEA 2022.2\lib\idea_rt.jar;C:\Program Files\JetBrains\IntelliJ IDEA 2022.2\plugins\testng\lib\testng-rt.jar;D:\TAProject\target\test-classes;C:\Users\DELL\.m2\repository\io\qameta\allure\allure-testng\2.18.1\allure-testng-2.18.1.jar;C:\Users\DELL\.m2\repository\io\qameta\allure\allure-java-commons\2.18.1\allure-java-commons-2.18.1.jar;C:\Users\DELL\.m2\repository\io\qameta\allure\allure-model\2.18.1\allure-model-2.18.1.jar;C:\Users\DELL\.m2\repository\io\qameta\allure\allure-test-filter\2.18.1\allure-test-filter-2.18.1.jar;C:\Users\DELL\.m2\repository\com\codeborne\selenide-testng\6.5.1\selenide-testng-6.5.1.jar;C:\Users\DELL\.m2\repository\org\seleniumhq\selenium\selenium-java\4.1.4\selenium-java-4.1.4.jar;C:\Users\DELL\.m2\repository\org\seleniumhq\selenium\selenium-api\4.1.4\selenium-api-4.1.4.jar;C:\Users\DELL\.m2\repository\org\seleniumhq\selenium\selenium-chrome-driver\4.1.4\selenium-chrome-driver-4.1.4.jar;C:\Users\DELL\.m2\repository\com\google\auto\service\auto-service-annotations\1.0.1\auto-service-annotations-1.0.1.jar;C:\Users\DELL\.m2\repository\com\google\auto\service\auto-service\1.0.1\auto-service-1.0.1.jar;C:\Users\DELL\.m2\repository\com\google\auto\auto-common\1.2\auto-common-1.2.jar;C:\Users\DELL\.m2\repository\org\seleniumhq\selenium\selenium-chromium-driver\4.1.4\selenium-chromium-driver-4.1.4.jar;C:\Users\DELL\.m2\repository\org\seleniumhq\selenium\selenium-json\4.1.4\selenium-json-4.1.4.jar;C:\Users\DELL\.m2\repository\org\seleniumhq\selenium\selenium-devtools-v100\4.1.4\selenium-devtools-v100-4.1.4.jar;C:\Users\DELL\.m2\repository\org\seleniumhq\selenium\selenium-devtools-v101\4.1.4\selenium-devtools-v101-4.1.4.jar;C:\Users\DELL\.m2\repository\org\seleniumhq\selenium\selenium-devtools-v85\4.1.4\selenium-devtools-v85-4.1.4.jar;C:\Users\DELL\.m2\repository\org\seleniumhq\selenium\selenium-devtools-v99\4.1.4\selenium-devtools-v99-4.1.4.jar;C:\Users\DELL\.m2\repository\org\seleniu
Launcher Type: SUN_STANDARD

[Global flags]
     intx CICompilerCount                          = 3                                         {product} {ergonomic}
     uint ConcGCThreads                            = 1                                         {product} {ergonomic}
     uint G1ConcRefinementThreads                  = 4                                         {product} {ergonomic}
   size_t G1HeapRegionSize                         = 1048576                                   {product} {ergonomic}
    uintx GCDrainStackTargetSize                   = 64                                        {product} {ergonomic}
   size_t InitialHeapSize                          = 134217728                                 {product} {ergonomic}
   size_t MarkStackSize                            = 4194304                                   {product} {ergonomic}
   size_t MaxHeapSize                              = 2120220672                                {product} {ergonomic}
   size_t MaxNewSize                               = 1271922688                                {product} {ergonomic}
   size_t MinHeapDeltaBytes                        = 1048576                                   {product} {ergonomic}
   size_t MinHeapSize                              = 8388608                                   {product} {ergonomic}
    uintx NonNMethodCodeHeapSize                   = 5832780                                {pd product} {ergonomic}
    uintx NonProfiledCodeHeapSize                  = 122912730                              {pd product} {ergonomic}
    uintx ProfiledCodeHeapSize                     = 122912730                              {pd product} {ergonomic}
    uintx ReservedCodeCacheSize                    = 251658240                              {pd product} {ergonomic}
     bool SegmentedCodeCache                       = true                                      {product} {ergonomic}
   size_t SoftMaxHeapSize                          = 2120220672                             {manageable} {ergonomic}
     bool UseCompressedClassPointers               = true                           {product lp64_product} {ergonomic}
     bool UseCompressedOops                        = true                           {product lp64_product} {ergonomic}
     bool UseG1GC                                  = true                                      {product} {ergonomic}
     bool UseLargePagesIndividualAllocation        = false                                  {pd product} {ergonomic}

Logging:
Log output configuration:
 #0: stdout all=warning uptime,level,tags
 #1: stderr all=off uptime,level,tags

Environment Variables:
PATH=C:\Program Files\Common Files\Oracle\Java\javapath;C:\WINDOWS\system32;C:\WINDOWS;C:\WINDOWS\System32\Wbem;C:\WINDOWS\System32\WindowsPowerShell\v1.0\;C:\WINDOWS\System32\OpenSSH\;C:\Program Files\Microsoft SQL Server\110\Tools\Binn\;C:\Program Files (x86)\Microsoft SQL Server\110\Tools\Binn\;C:\Program Files\Microsoft SQL Server\110\DTS\Binn\;C:\Program Files (x86)\Microsoft SQL Server\110\Tools\Binn\ManagementStudio\;C:\Program Files (x86)\Microsoft Visual Studio 10.0\Common7\IDE\PrivateAssemblies\;C:\Program Files (x86)\Microsoft SQL Server\110\DTS\Binn\;C:\Program Files\TortoiseGit\bin;C:\Program Files\Git\cmd;C:\Users\DELL\AppData\Local\Microsoft\WindowsApps;;C:\Program Files\JetBrains\IntelliJ IDEA Community Edition 2020.3.3\bin;;C:\Users\DELL\AppData\Local\Programs\Microsoft VS Code\bin
USERNAME=DELL
OS=Windows_NT
PROCESSOR_IDENTIFIER=Intel64 Family 6 Model 78 Stepping 3, GenuineIntel



---------------  S Y S T E M  ---------------

OS:
 Windows 10 , 64 bit Build 19041 (10.0.19041.1889)
OS uptime: 6 days 14:30 hours

CPU: total 4 (initial active 4) (2 cores per cpu, 2 threads per core) family 6 model 78 stepping 3 microcode 0xcc, cx8, cmov, fxsr, ht, mmx, 3dnowpref, sse, sse2, sse3, ssse3, sse4.1, sse4.2, popcnt, lzcnt, tsc, tscinvbit, avx, avx2, aes, erms, clmul, bmi1, bmi2, rtm, adx, fma, vzeroupper, clflush, clflushopt

Memory: 4k page, system-wide physical 8083M (431M free)
TotalPageFile size 21906M (AvailPageFile size 7M)
current process WorkingSet (physical memory assigned to process): 251M, peak: 267M
current process commit charge ("private bytes"): 285M, peak: 302M

vm_info: Java HotSpot(TM) 64-Bit Server VM (16.0.1+9-24) for windows-amd64 JRE (16.0.1+9-24), built on Mar 26 2021 19:31:42 by "mach5one" with MS VC++ 16.7 (VS2019)

END.
