#
# There is insufficient memory for the Java Runtime Environment to continue.
# Native memory allocation (malloc) failed to allocate 1537552 bytes for Chunk::new
# Possible reasons:
#   The system is out of physical RAM or swap space
#   The process is running with CompressedOops enabled, and the Java Heap may be blocking the growth of the native heap
# Possible solutions:
#   Reduce memory load on the system
#   Increase physical memory or swap space
#   Check if swap backing store is full
#   Decrease Java heap size (-Xmx/-Xms)
#   Decrease number of Java threads
#   Decrease Java thread stack sizes (-Xss)
#   Set larger code cache with -XX:ReservedCodeCacheSize=
#   JVM is running with Unscaled Compressed Oops mode in which the Java heap is
#     placed in the first 4GB address space. The Java Heap base address is the
#     maximum limit for the native heap growth. Please use -XX:HeapBaseMinAddress
#     to set the Java Heap base and to place the Java Heap above 4GB virtual address.
# This output file may be truncated or incomplete.
#
#  Out of Memory Error (arena.cpp:195), pid=10352, tid=9508
#
# JRE version: Java(TM) SE Runtime Environment (16.0.1+9) (build 16.0.1+9-24)
# Java VM: Java HotSpot(TM) 64-Bit Server VM (16.0.1+9-24, mixed mode, sharing, tiered, compressed oops, compressed class ptrs, g1 gc, windows-amd64)
# No core dump will be written. Minidumps are not enabled by default on client versions of Windows
#

---------------  S U M M A R Y ------------

Command Line: -ea -javaagent:C:\Users\DELL\.m2\repository/org/aspectj/aspectjweaver/1.9.9.1/aspectjweaver-1.9.9.1.jar -Didea.test.cyclic.buffer.size=1048576 -javaagent:C:\Program Files\JetBrains\IntelliJ IDEA 2022.2\lib\idea_rt.jar=59008:C:\Program Files\JetBrains\IntelliJ IDEA 2022.2\bin -Dfile.encoding=UTF-8 com.intellij.rt.testng.RemoteTestNGStarter -usedefaultlisteners false -socket59007 @w@C:\Users\DELL\AppData\Local\Temp\idea_working_dirs_testng.tmp -temp C:\Users\DELL\AppData\Local\Temp\idea_testng.tmp

Host: Intel(R) Core(TM) i7-6600U CPU @ 2.60GHz, 4 cores, 7G,  Windows 10 , 64 bit Build 19041 (10.0.19041.1889)
Time: Wed Aug 17 14:45:50 2022 SE Asia Standard Time elapsed time: 8.710705 seconds (0d 0h 0m 8s)

---------------  T H R E A D  ---------------

Current thread (0x00000226ffebf180):  JavaThread "C2 CompilerThread0" daemon [_thread_in_native, id=9508, stack(0x00000060b0e00000,0x00000060b0f00000)]


Current CompileTask:
C2:   8710 3489       4       org.aspectj.weaver.bcel.BcelClassWeaver::match (373 bytes)

Stack: [0x00000060b0e00000,0x00000060b0f00000]
Native frames: (J=compiled Java code, j=interpreted, Vv=VM code, C=native code)
V  [jvm.dll+0x6687ca]
V  [jvm.dll+0x7ca3c9]
V  [jvm.dll+0x7cbb53]
V  [jvm.dll+0x7cc1b3]
V  [jvm.dll+0x242ea5]
V  [jvm.dll+0xadeca]
V  [jvm.dll+0xae5ac]
V  [jvm.dll+0x35af27]
V  [jvm.dll+0x3253d1]
V  [jvm.dll+0x32487a]
V  [jvm.dll+0x215f3c]
V  [jvm.dll+0x215350]
V  [jvm.dll+0x1a1d9b]
V  [jvm.dll+0x2253a8]
V  [jvm.dll+0x2233ec]
V  [jvm.dll+0x780002]
V  [jvm.dll+0x779b4a]
V  [jvm.dll+0x667666]
C  [ucrtbase.dll+0x21bb2]
C  [KERNEL32.DLL+0x17034]
C  [ntdll.dll+0x52651]


---------------  P R O C E S S  ---------------

Threads class SMR info:
_java_thread_list=0x000002269b81c0d0, length=24, elements={
0x00000226fae59f10, 0x00000226ffead3c0, 0x00000226ffeaf440, 0x00000226ffebaa00,
0x00000226ffebd320, 0x00000226ffebdc30, 0x00000226ffebe540, 0x00000226ffebf180,
0x00000226ffec6600, 0x00000226ffecff70, 0x000002269b078740, 0x000002269baa15b0,
0x000002269ba9c880, 0x000002269be487c0, 0x000002269be497b0, 0x000002269be47d20,
0x000002269be49d00, 0x000002269be49260, 0x000002269be4a250, 0x000002269be46d30,
0x000002269be47280, 0x000002269be477d0, 0x000002269fa19570, 0x00000226a091f550
}

Java Threads: ( => current thread )
  0x00000226fae59f10 JavaThread "Forwarding newSession on session null to remote" [_thread_blocked, id=8500, stack(0x00000060b0100000,0x00000060b0200000)]
  0x00000226ffead3c0 JavaThread "Reference Handler" daemon [_thread_blocked, id=6188, stack(0x00000060b0800000,0x00000060b0900000)]
  0x00000226ffeaf440 JavaThread "Finalizer" daemon [_thread_blocked, id=21568, stack(0x00000060b0900000,0x00000060b0a00000)]
  0x00000226ffebaa00 JavaThread "Signal Dispatcher" daemon [_thread_blocked, id=12260, stack(0x00000060b0a00000,0x00000060b0b00000)]
  0x00000226ffebd320 JavaThread "Attach Listener" daemon [_thread_blocked, id=7548, stack(0x00000060b0b00000,0x00000060b0c00000)]
  0x00000226ffebdc30 JavaThread "Service Thread" daemon [_thread_blocked, id=6508, stack(0x00000060b0c00000,0x00000060b0d00000)]
  0x00000226ffebe540 JavaThread "Monitor Deflation Thread" daemon [_thread_blocked, id=6480, stack(0x00000060b0d00000,0x00000060b0e00000)]
=>0x00000226ffebf180 JavaThread "C2 CompilerThread0" daemon [_thread_in_native, id=9508, stack(0x00000060b0e00000,0x00000060b0f00000)]
  0x00000226ffec6600 JavaThread "C1 CompilerThread0" daemon [_thread_blocked, id=17500, stack(0x00000060b0f00000,0x00000060b1000000)]
  0x00000226ffecff70 JavaThread "Sweeper thread" daemon [_thread_blocked, id=13816, stack(0x00000060b1000000,0x00000060b1100000)]
  0x000002269b078740 JavaThread "Common-Cleaner" daemon [_thread_blocked, id=10692, stack(0x00000060b1100000,0x00000060b1200000)]
  0x000002269baa15b0 JavaThread "Monitor Ctrl-Break" daemon [_thread_in_native, id=16316, stack(0x00000060b1700000,0x00000060b1800000)]
  0x000002269ba9c880 JavaThread "Notification Thread" daemon [_thread_blocked, id=21624, stack(0x00000060b1600000,0x00000060b1700000)]
  0x000002269be487c0 JavaThread "ForkJoinPool.commonPool-worker-3" daemon [_thread_blocked, id=17628, stack(0x00000060b1900000,0x00000060b1a00000)]
  0x000002269be497b0 JavaThread "AsyncHttpClient-1-1" daemon [_thread_blocked, id=20060, stack(0x00000060b1a00000,0x00000060b1b00000)]
  0x000002269be47d20 JavaThread "Exec Default Executor" daemon [_thread_in_native, id=2328, stack(0x00000060b1b00000,0x00000060b1c00000)]
  0x000002269be49d00 JavaThread "Driver Service Executor" daemon [_thread_blocked, id=8664, stack(0x00000060b1c00000,0x00000060b1d00000)]
  0x000002269be49260 JavaThread "Driver Service Executor" daemon [_thread_blocked, id=14504, stack(0x00000060b1d00000,0x00000060b1e00000)]
  0x000002269be4a250 JavaThread "UrlChecker-2" daemon [_thread_blocked, id=20784, stack(0x00000060b1e00000,0x00000060b1f00000)]
  0x000002269be46d30 JavaThread "Exec Stream Pumper" daemon [_thread_in_native, id=19832, stack(0x00000060b2000000,0x00000060b2100000)]
  0x000002269be47280 JavaThread "Exec Stream Pumper" daemon [_thread_in_native, id=15236, stack(0x00000060b2100000,0x00000060b2200000)]
  0x000002269be477d0 JavaThread "Keep-Alive-Timer" daemon [_thread_blocked, id=17664, stack(0x00000060b1200000,0x00000060b1300000)]
  0x000002269fa19570 JavaThread "C2 CompilerThread1" daemon [_thread_blocked, id=18176, stack(0x00000060b2200000,0x00000060b2300000)]
  0x00000226a091f550 JavaThread "AsyncHttpClient-1-2" daemon [_thread_in_native, id=21332, stack(0x00000060b2300000,0x00000060b2400000)]

Other Threads:
  0x00000226ffea9860 VMThread "VM Thread" [stack: 0x00000060b0700000,0x00000060b0800000] [id=8564]
  0x000002269bb72b20 WatcherThread [stack: 0x00000060b1800000,0x00000060b1900000] [id=7848]
  0x00000226fae99da0 GCTaskThread "GC Thread#0" [stack: 0x00000060b0200000,0x00000060b0300000] [id=5008]
  0x000002269bee8f10 GCTaskThread "GC Thread#1" [stack: 0x00000060b1300000,0x00000060b1400000] [id=21912]
  0x000002269bee9220 GCTaskThread "GC Thread#2" [stack: 0x00000060b1400000,0x00000060b1500000] [id=20320]
  0x000002269b9b7190 GCTaskThread "GC Thread#3" [stack: 0x00000060b1500000,0x00000060b1600000] [id=3544]
  0x00000226faeabac0 ConcurrentGCThread "G1 Main Marker" [stack: 0x00000060b0300000,0x00000060b0400000] [id=21832]
  0x00000226faeadbf0 ConcurrentGCThread "G1 Conc#0" [stack: 0x00000060b0400000,0x00000060b0500000] [id=13592]
  0x00000226faf25cf0 ConcurrentGCThread "G1 Refine#0" [stack: 0x00000060b0500000,0x00000060b0600000] [id=3236]
  0x00000226faf26680 ConcurrentGCThread "G1 Service" [stack: 0x00000060b0600000,0x00000060b0700000] [id=12452]

Threads with active compile tasks:
C2 CompilerThread0     8758 3489       4       org.aspectj.weaver.bcel.BcelClassWeaver::match (373 bytes)

VM state: not at safepoint (normal execution)

VM Mutex/Monitor currently owned by a thread: None

Heap address: 0x0000000081a00000, size: 2022 MB, Compressed Oops mode: 32-bit

CDS archive(s) mapped at: [0x0000000800000000-0x0000000800bb0000-0x0000000800bb0000), size 12255232, SharedBaseAddress: 0x0000000800000000, ArchiveRelocationMode: 0.
Compressed class space mapped at: 0x0000000800c00000-0x0000000840c00000, reserved size: 1073741824
Narrow klass base: 0x0000000800000000, Narrow klass shift: 3, Narrow klass range: 0x100000000

GC Precious Log:
 CPUs: 4 total, 4 available
 Memory: 8083M
 Large Page Support: Disabled
 NUMA Support: Disabled
 Compressed Oops: Enabled (32-bit)
 Heap Region Size: 1M
 Heap Min Capacity: 8M
 Heap Initial Capacity: 128M
 Heap Max Capacity: 2022M
 Pre-touch: Disabled
 Parallel Workers: 4
 Concurrent Workers: 1
 Concurrent Refinement Workers: 4
 Periodic GC: Disabled

Heap:
 garbage-first heap   total 130048K, used 90978K [0x0000000081a00000, 0x0000000100000000)
  region size 1024K, 46 young (47104K), 6 survivors (6144K)
 Metaspace       used 31555K, committed 31936K, reserved 1081344K
  class space    used 3467K, committed 3648K, reserved 1048576K

Heap Regions: E=young(eden), S=young(survivor), O=old, HS=humongous(starts), HC=humongous(continues), CS=collection set, F=free, OA=open archive, CA=closed archive, TAMS=top-at-mark-start (previous, next)
|   0|0x0000000081a00000, 0x0000000081b00000, 0x0000000081b00000|100%| O|  |TAMS 0x0000000081b00000, 0x0000000081a00000| Untracked 
|   1|0x0000000081b00000, 0x0000000081c00000, 0x0000000081c00000|100%| O|  |TAMS 0x0000000081c00000, 0x0000000081b00000| Untracked 
|   2|0x0000000081c00000, 0x0000000081d00000, 0x0000000081d00000|100%| O|  |TAMS 0x0000000081d00000, 0x0000000081c00000| Untracked 
|   3|0x0000000081d00000, 0x0000000081e00000, 0x0000000081e00000|100%| O|  |TAMS 0x0000000081e00000, 0x0000000081d00000| Untracked 
|   4|0x0000000081e00000, 0x0000000081f00000, 0x0000000081f00000|100%| O|  |TAMS 0x0000000081f00000, 0x0000000081e00000| Untracked 
|   5|0x0000000081f00000, 0x0000000082000000, 0x0000000082000000|100%| O|  |TAMS 0x0000000082000000, 0x0000000081f00000| Untracked 
|   6|0x0000000082000000, 0x0000000082100000, 0x0000000082100000|100%| O|  |TAMS 0x0000000082100000, 0x0000000082000000| Untracked 
|   7|0x0000000082100000, 0x0000000082200000, 0x0000000082200000|100%| O|  |TAMS 0x0000000082200000, 0x0000000082100000| Untracked 
|   8|0x0000000082200000, 0x0000000082300000, 0x0000000082300000|100%| O|  |TAMS 0x0000000082300000, 0x0000000082200000| Untracked 
|   9|0x0000000082300000, 0x0000000082400000, 0x0000000082400000|100%| O|  |TAMS 0x0000000082400000, 0x0000000082300000| Untracked 
|  10|0x0000000082400000, 0x0000000082500000, 0x0000000082500000|100%| O|  |TAMS 0x0000000082500000, 0x0000000082400000| Untracked 
|  11|0x0000000082500000, 0x0000000082600000, 0x0000000082600000|100%| O|  |TAMS 0x0000000082600000, 0x0000000082500000| Untracked 
|  12|0x0000000082600000, 0x0000000082700000, 0x0000000082700000|100%| O|  |TAMS 0x0000000082700000, 0x0000000082600000| Untracked 
|  13|0x0000000082700000, 0x0000000082800000, 0x0000000082800000|100%| O|  |TAMS 0x0000000082800000, 0x0000000082700000| Untracked 
|  14|0x0000000082800000, 0x0000000082900000, 0x0000000082900000|100%| O|  |TAMS 0x0000000082900000, 0x0000000082800000| Untracked 
|  15|0x0000000082900000, 0x0000000082a00000, 0x0000000082a00000|100%| O|  |TAMS 0x0000000082a00000, 0x0000000082900000| Untracked 
|  16|0x0000000082a00000, 0x0000000082b00000, 0x0000000082b00000|100%| O|  |TAMS 0x0000000082b00000, 0x0000000082a00000| Untracked 
|  17|0x0000000082b00000, 0x0000000082c00000, 0x0000000082c00000|100%| O|  |TAMS 0x0000000082c00000, 0x0000000082b00000| Untracked 
|  18|0x0000000082c00000, 0x0000000082d00000, 0x0000000082d00000|100%| O|  |TAMS 0x0000000082d00000, 0x0000000082c00000| Untracked 
|  19|0x0000000082d00000, 0x0000000082e00000, 0x0000000082e00000|100%| O|  |TAMS 0x0000000082e00000, 0x0000000082d00000| Untracked 
|  20|0x0000000082e00000, 0x0000000082f00000, 0x0000000082f00000|100%| O|  |TAMS 0x0000000082f00000, 0x0000000082e00000| Untracked 
|  21|0x0000000082f00000, 0x0000000083000000, 0x0000000083000000|100%| O|  |TAMS 0x0000000083000000, 0x0000000082f00000| Untracked 
|  22|0x0000000083000000, 0x0000000083100000, 0x0000000083100000|100%| O|  |TAMS 0x0000000083000000, 0x0000000083000000| Untracked 
|  23|0x0000000083100000, 0x0000000083200000, 0x0000000083200000|100%| O|  |TAMS 0x0000000083100000, 0x0000000083100000| Untracked 
|  24|0x0000000083200000, 0x0000000083300000, 0x0000000083300000|100%| O|  |TAMS 0x0000000083200000, 0x0000000083200000| Untracked 
|  25|0x0000000083300000, 0x0000000083400000, 0x0000000083400000|100%| O|  |TAMS 0x0000000083300000, 0x0000000083300000| Untracked 
|  26|0x0000000083400000, 0x0000000083500000, 0x0000000083500000|100%| O|  |TAMS 0x0000000083400000, 0x0000000083400000| Untracked 
|  27|0x0000000083500000, 0x0000000083600000, 0x0000000083600000|100%| O|  |TAMS 0x0000000083500000, 0x0000000083500000| Untracked 
|  28|0x0000000083600000, 0x0000000083700000, 0x0000000083700000|100%| O|  |TAMS 0x0000000083600000, 0x0000000083600000| Untracked 
|  29|0x0000000083700000, 0x0000000083800000, 0x0000000083800000|100%| O|  |TAMS 0x0000000083700000, 0x0000000083700000| Untracked 
|  30|0x0000000083800000, 0x0000000083839600, 0x0000000083900000| 22%| O|  |TAMS 0x0000000083800000, 0x0000000083800000| Untracked 
|  31|0x0000000083900000, 0x0000000083a00000, 0x0000000083a00000|100%| O|  |TAMS 0x0000000083900000, 0x0000000083900000| Untracked 
|  32|0x0000000083a00000, 0x0000000083b00000, 0x0000000083b00000|100%| O|  |TAMS 0x0000000083a00000, 0x0000000083a00000| Untracked 
|  33|0x0000000083b00000, 0x0000000083c00000, 0x0000000083c00000|100%| O|  |TAMS 0x0000000083b00000, 0x0000000083b00000| Untracked 
|  34|0x0000000083c00000, 0x0000000083d00000, 0x0000000083d00000|100%| O|  |TAMS 0x0000000083c00000, 0x0000000083c00000| Untracked 
|  35|0x0000000083d00000, 0x0000000083e00000, 0x0000000083e00000|100%| O|  |TAMS 0x0000000083d00000, 0x0000000083d00000| Untracked 
|  36|0x0000000083e00000, 0x0000000083f00000, 0x0000000083f00000|100%| O|  |TAMS 0x0000000083e00000, 0x0000000083e00000| Untracked 
|  37|0x0000000083f00000, 0x0000000084000000, 0x0000000084000000|100%| O|  |TAMS 0x0000000083f00000, 0x0000000083f00000| Untracked 
|  38|0x0000000084000000, 0x0000000084100000, 0x0000000084100000|100%| O|  |TAMS 0x0000000084000000, 0x0000000084000000| Untracked 
|  39|0x0000000084100000, 0x00000000841adc00, 0x0000000084200000| 67%| O|  |TAMS 0x0000000084100000, 0x0000000084100000| Untracked 
|  40|0x0000000084200000, 0x0000000084300000, 0x0000000084300000|100%|HS|  |TAMS 0x0000000084200000, 0x0000000084200000| Complete 
|  41|0x0000000084300000, 0x0000000084400000, 0x0000000084400000|100%|HC|  |TAMS 0x0000000084300000, 0x0000000084300000| Complete 
|  42|0x0000000084400000, 0x0000000084500000, 0x0000000084500000|100%|HC|  |TAMS 0x0000000084400000, 0x0000000084400000| Complete 
|  43|0x0000000084500000, 0x0000000084600000, 0x0000000084600000|100%|HC|  |TAMS 0x0000000084500000, 0x0000000084500000| Complete 
|  44|0x0000000084600000, 0x0000000084700000, 0x0000000084700000|100%|HC|  |TAMS 0x0000000084600000, 0x0000000084600000| Complete 
|  45|0x0000000084700000, 0x0000000084700000, 0x0000000084800000|  0%| F|  |TAMS 0x0000000084700000, 0x0000000084700000| Untracked 
|  46|0x0000000084800000, 0x0000000084800000, 0x0000000084900000|  0%| F|  |TAMS 0x0000000084800000, 0x0000000084800000| Untracked 
|  47|0x0000000084900000, 0x0000000084900000, 0x0000000084a00000|  0%| F|  |TAMS 0x0000000084900000, 0x0000000084900000| Untracked 
|  48|0x0000000084a00000, 0x0000000084a00000, 0x0000000084b00000|  0%| F|  |TAMS 0x0000000084a00000, 0x0000000084a00000| Untracked 
|  49|0x0000000084b00000, 0x0000000084b00000, 0x0000000084c00000|  0%| F|  |TAMS 0x0000000084b00000, 0x0000000084b00000| Untracked 
|  50|0x0000000084c00000, 0x0000000084c00000, 0x0000000084d00000|  0%| F|  |TAMS 0x0000000084c00000, 0x0000000084c00000| Untracked 
|  51|0x0000000084d00000, 0x0000000084d00000, 0x0000000084e00000|  0%| F|  |TAMS 0x0000000084d00000, 0x0000000084d00000| Untracked 
|  52|0x0000000084e00000, 0x0000000084e00000, 0x0000000084f00000|  0%| F|  |TAMS 0x0000000084e00000, 0x0000000084e00000| Untracked 
|  53|0x0000000084f00000, 0x0000000084f00000, 0x0000000085000000|  0%| F|  |TAMS 0x0000000084f00000, 0x0000000084f00000| Untracked 
|  54|0x0000000085000000, 0x0000000085000000, 0x0000000085100000|  0%| F|  |TAMS 0x0000000085000000, 0x0000000085000000| Untracked 
|  55|0x0000000085100000, 0x0000000085100000, 0x0000000085200000|  0%| F|  |TAMS 0x0000000085100000, 0x0000000085100000| Untracked 
|  56|0x0000000085200000, 0x0000000085200000, 0x0000000085300000|  0%| F|  |TAMS 0x0000000085200000, 0x0000000085200000| Untracked 
|  57|0x0000000085300000, 0x0000000085300000, 0x0000000085400000|  0%| F|  |TAMS 0x0000000085300000, 0x0000000085300000| Untracked 
|  58|0x0000000085400000, 0x0000000085400000, 0x0000000085500000|  0%| F|  |TAMS 0x0000000085400000, 0x0000000085400000| Untracked 
|  59|0x0000000085500000, 0x0000000085500000, 0x0000000085600000|  0%| F|  |TAMS 0x0000000085500000, 0x0000000085500000| Untracked 
|  60|0x0000000085600000, 0x0000000085600000, 0x0000000085700000|  0%| F|  |TAMS 0x0000000085600000, 0x0000000085600000| Untracked 
|  61|0x0000000085700000, 0x0000000085700000, 0x0000000085800000|  0%| F|  |TAMS 0x0000000085700000, 0x0000000085700000| Untracked 
|  62|0x0000000085800000, 0x0000000085800000, 0x0000000085900000|  0%| F|  |TAMS 0x0000000085800000, 0x0000000085800000| Untracked 
|  63|0x0000000085900000, 0x0000000085900000, 0x0000000085a00000|  0%| F|  |TAMS 0x0000000085900000, 0x0000000085900000| Untracked 
|  64|0x0000000085a00000, 0x0000000085a00000, 0x0000000085b00000|  0%| F|  |TAMS 0x0000000085a00000, 0x0000000085a00000| Untracked 
|  65|0x0000000085b00000, 0x0000000085b00000, 0x0000000085c00000|  0%| F|  |TAMS 0x0000000085b00000, 0x0000000085b00000| Untracked 
|  66|0x0000000085c00000, 0x0000000085c00000, 0x0000000085d00000|  0%| F|  |TAMS 0x0000000085c00000, 0x0000000085c00000| Untracked 
|  67|0x0000000085d00000, 0x0000000085df1960, 0x0000000085e00000| 94%| S|CS|TAMS 0x0000000085d00000, 0x0000000085d00000| Complete 
|  68|0x0000000085e00000, 0x0000000085f00000, 0x0000000085f00000|100%| S|CS|TAMS 0x0000000085e00000, 0x0000000085e00000| Complete 
|  69|0x0000000085f00000, 0x0000000086000000, 0x0000000086000000|100%| S|CS|TAMS 0x0000000085f00000, 0x0000000085f00000| Complete 
|  70|0x0000000086000000, 0x0000000086100000, 0x0000000086100000|100%| S|CS|TAMS 0x0000000086000000, 0x0000000086000000| Complete 
|  71|0x0000000086100000, 0x0000000086200000, 0x0000000086200000|100%| S|CS|TAMS 0x0000000086100000, 0x0000000086100000| Complete 
|  72|0x0000000086200000, 0x0000000086300000, 0x0000000086300000|100%| S|CS|TAMS 0x0000000086200000, 0x0000000086200000| Complete 
|  73|0x0000000086300000, 0x0000000086300000, 0x0000000086400000|  0%| F|  |TAMS 0x0000000086300000, 0x0000000086300000| Untracked 
|  74|0x0000000086400000, 0x0000000086400000, 0x0000000086500000|  0%| F|  |TAMS 0x0000000086400000, 0x0000000086400000| Untracked 
|  75|0x0000000086500000, 0x0000000086500000, 0x0000000086600000|  0%| F|  |TAMS 0x0000000086500000, 0x0000000086500000| Untracked 
|  76|0x0000000086600000, 0x0000000086600000, 0x0000000086700000|  0%| F|  |TAMS 0x0000000086600000, 0x0000000086600000| Untracked 
|  77|0x0000000086700000, 0x0000000086700000, 0x0000000086800000|  0%| F|  |TAMS 0x0000000086700000, 0x0000000086700000| Untracked 
|  78|0x0000000086800000, 0x0000000086800000, 0x0000000086900000|  0%| F|  |TAMS 0x0000000086800000, 0x0000000086800000| Untracked 
|  79|0x0000000086900000, 0x0000000086900000, 0x0000000086a00000|  0%| F|  |TAMS 0x0000000086900000, 0x0000000086900000| Untracked 
|  80|0x0000000086a00000, 0x0000000086a00000, 0x0000000086b00000|  0%| F|  |TAMS 0x0000000086a00000, 0x0000000086a00000| Untracked 
|  81|0x0000000086b00000, 0x0000000086b00000, 0x0000000086c00000|  0%| F|  |TAMS 0x0000000086b00000, 0x0000000086b00000| Untracked 
|  82|0x0000000086c00000, 0x0000000086c00000, 0x0000000086d00000|  0%| F|  |TAMS 0x0000000086c00000, 0x0000000086c00000| Untracked 
|  83|0x0000000086d00000, 0x0000000086d00000, 0x0000000086e00000|  0%| F|  |TAMS 0x0000000086d00000, 0x0000000086d00000| Untracked 
|  84|0x0000000086e00000, 0x0000000086e00000, 0x0000000086f00000|  0%| F|  |TAMS 0x0000000086e00000, 0x0000000086e00000| Untracked 
|  85|0x0000000086f00000, 0x0000000086f00000, 0x0000000087000000|  0%| F|  |TAMS 0x0000000086f00000, 0x0000000086f00000| Untracked 
|  86|0x0000000087000000, 0x0000000087000000, 0x0000000087100000|  0%| F|  |TAMS 0x0000000087000000, 0x0000000087000000| Untracked 
|  87|0x0000000087100000, 0x0000000087133b70, 0x0000000087200000| 20%| E|  |TAMS 0x0000000087100000, 0x0000000087100000| Complete 
|  88|0x0000000087200000, 0x0000000087300000, 0x0000000087300000|100%| E|CS|TAMS 0x0000000087200000, 0x0000000087200000| Complete 
|  89|0x0000000087300000, 0x0000000087400000, 0x0000000087400000|100%| E|CS|TAMS 0x0000000087300000, 0x0000000087300000| Complete 
|  90|0x0000000087400000, 0x0000000087500000, 0x0000000087500000|100%| E|CS|TAMS 0x0000000087400000, 0x0000000087400000| Complete 
|  91|0x0000000087500000, 0x0000000087600000, 0x0000000087600000|100%| E|CS|TAMS 0x0000000087500000, 0x0000000087500000| Complete 
|  92|0x0000000087600000, 0x0000000087700000, 0x0000000087700000|100%| E|CS|TAMS 0x0000000087600000, 0x0000000087600000| Complete 
|  93|0x0000000087700000, 0x0000000087800000, 0x0000000087800000|100%| E|CS|TAMS 0x0000000087700000, 0x0000000087700000| Complete 
|  94|0x0000000087800000, 0x0000000087900000, 0x0000000087900000|100%| E|CS|TAMS 0x0000000087800000, 0x0000000087800000| Complete 
|  95|0x0000000087900000, 0x0000000087a00000, 0x0000000087a00000|100%| E|CS|TAMS 0x0000000087900000, 0x0000000087900000| Complete 
|  96|0x0000000087a00000, 0x0000000087b00000, 0x0000000087b00000|100%| E|CS|TAMS 0x0000000087a00000, 0x0000000087a00000| Complete 
|  97|0x0000000087b00000, 0x0000000087c00000, 0x0000000087c00000|100%| E|CS|TAMS 0x0000000087b00000, 0x0000000087b00000| Complete 
|  98|0x0000000087c00000, 0x0000000087d00000, 0x0000000087d00000|100%| E|CS|TAMS 0x0000000087c00000, 0x0000000087c00000| Complete 
|  99|0x0000000087d00000, 0x0000000087e00000, 0x0000000087e00000|100%| E|CS|TAMS 0x0000000087d00000, 0x0000000087d00000| Complete 
| 100|0x0000000087e00000, 0x0000000087f00000, 0x0000000087f00000|100%| E|CS|TAMS 0x0000000087e00000, 0x0000000087e00000| Complete 
| 101|0x0000000087f00000, 0x0000000088000000, 0x0000000088000000|100%| E|CS|TAMS 0x0000000087f00000, 0x0000000087f00000| Complete 
| 102|0x0000000088000000, 0x0000000088100000, 0x0000000088100000|100%| E|CS|TAMS 0x0000000088000000, 0x0000000088000000| Complete 
| 103|0x0000000088100000, 0x0000000088200000, 0x0000000088200000|100%| E|CS|TAMS 0x0000000088100000, 0x0000000088100000| Complete 
| 104|0x0000000088200000, 0x0000000088300000, 0x0000000088300000|100%| E|CS|TAMS 0x0000000088200000, 0x0000000088200000| Complete 
| 105|0x0000000088300000, 0x0000000088400000, 0x0000000088400000|100%| E|CS|TAMS 0x0000000088300000, 0x0000000088300000| Complete 
| 106|0x0000000088400000, 0x0000000088500000, 0x0000000088500000|100%| E|CS|TAMS 0x0000000088400000, 0x0000000088400000| Complete 
| 107|0x0000000088500000, 0x0000000088600000, 0x0000000088600000|100%| E|CS|TAMS 0x0000000088500000, 0x0000000088500000| Complete 
| 108|0x0000000088600000, 0x0000000088700000, 0x0000000088700000|100%| E|CS|TAMS 0x0000000088600000, 0x0000000088600000| Complete 
| 109|0x0000000088700000, 0x0000000088800000, 0x0000000088800000|100%| E|CS|TAMS 0x0000000088700000, 0x0000000088700000| Complete 
| 110|0x0000000088800000, 0x0000000088900000, 0x0000000088900000|100%| E|CS|TAMS 0x0000000088800000, 0x0000000088800000| Complete 
| 111|0x0000000088900000, 0x0000000088a00000, 0x0000000088a00000|100%| E|CS|TAMS 0x0000000088900000, 0x0000000088900000| Complete 
| 112|0x0000000088a00000, 0x0000000088b00000, 0x0000000088b00000|100%| E|CS|TAMS 0x0000000088a00000, 0x0000000088a00000| Complete 
| 113|0x0000000088b00000, 0x0000000088c00000, 0x0000000088c00000|100%| E|CS|TAMS 0x0000000088b00000, 0x0000000088b00000| Complete 
| 114|0x0000000088c00000, 0x0000000088d00000, 0x0000000088d00000|100%| E|CS|TAMS 0x0000000088c00000, 0x0000000088c00000| Complete 
| 115|0x0000000088d00000, 0x0000000088e00000, 0x0000000088e00000|100%| E|CS|TAMS 0x0000000088d00000, 0x0000000088d00000| Complete 
| 116|0x0000000088e00000, 0x0000000088f00000, 0x0000000088f00000|100%| E|CS|TAMS 0x0000000088e00000, 0x0000000088e00000| Complete 
| 117|0x0000000088f00000, 0x0000000089000000, 0x0000000089000000|100%| E|CS|TAMS 0x0000000088f00000, 0x0000000088f00000| Complete 
| 118|0x0000000089000000, 0x0000000089100000, 0x0000000089100000|100%| E|CS|TAMS 0x0000000089000000, 0x0000000089000000| Complete 
| 119|0x0000000089100000, 0x0000000089200000, 0x0000000089200000|100%| E|CS|TAMS 0x0000000089100000, 0x0000000089100000| Complete 
| 120|0x0000000089200000, 0x0000000089300000, 0x0000000089300000|100%| E|CS|TAMS 0x0000000089200000, 0x0000000089200000| Complete 
| 121|0x0000000089300000, 0x0000000089400000, 0x0000000089400000|100%| E|CS|TAMS 0x0000000089300000, 0x0000000089300000| Complete 
| 149|0x000000008af00000, 0x000000008b000000, 0x000000008b000000|100%| E|CS|TAMS 0x000000008af00000, 0x000000008af00000| Complete 
| 150|0x000000008b000000, 0x000000008b100000, 0x000000008b100000|100%| E|CS|TAMS 0x000000008b000000, 0x000000008b000000| Complete 
| 151|0x000000008b100000, 0x000000008b200000, 0x000000008b200000|100%| E|CS|TAMS 0x000000008b100000, 0x000000008b100000| Complete 
| 152|0x000000008b200000, 0x000000008b300000, 0x000000008b300000|100%| E|CS|TAMS 0x000000008b200000, 0x000000008b200000| Complete 
| 153|0x000000008b300000, 0x000000008b400000, 0x000000008b400000|100%| E|CS|TAMS 0x000000008b300000, 0x000000008b300000| Complete 

Card table byte_map: [0x00000226fd130000,0x00000226fd530000] _byte_map_base: 0x00000226fcd23000

Marking Bits (Prev, Next): (CMBitMap*) 0x00000226fae9b3f0, (CMBitMap*) 0x00000226fae9b3b0
 Prev Bits: [0x00000226966a0000, 0x0000022698638000)
 Next Bits: [0x00000226fd930000, 0x00000226ff8c8000)

Polling page: 0x00000226faf30000

Metaspace:

Usage:
  Non-class:     27.43 MB used.
      Class:      3.39 MB used.
       Both:     30.82 MB used.

Virtual space:
  Non-class space:       32.00 MB reserved,      27.62 MB ( 86%) committed,  4 nodes.
      Class space:        1.00 GB reserved,       3.56 MB ( <1%) committed,  1 nodes.
              Both:        1.03 GB reserved,      31.19 MB (  3%) committed. 

Chunk freelists:
   Non-Class:  3.72 MB
       Class:  416.00 KB
        Both:  4.12 MB

MaxMetaspaceSize: 17179869184.00 GB
CompressedClassSpaceSize: 1.00 GB
 - commit_granule_bytes: 65536.
 - commit_granule_words: 8192.
 - virtual_space_node_default_size: 1048576.
 - enlarge_chunks_in_place: 1.
 - new_chunks_are_fully_committed: 0.
 - uncommit_free_chunks: 1.
 - use_allocation_guard: 0.
 - handle_deallocations: 1.


Internal statistics:

num_allocs_failed_limit: 3.
num_arena_births: 314.
num_arena_deaths: 0.
num_vsnodes_births: 5.
num_vsnodes_deaths: 0.
num_space_committed: 499.
num_space_uncommitted: 0.
num_chunks_returned_to_freelist: 3.
num_chunks_taken_from_freelist: 1120.
num_chunk_merges: 3.
num_chunk_splits: 835.
num_chunks_enlarged: 666.
num_purges: 0.

CodeHeap 'non-profiled nmethods': size=120000Kb used=2715Kb max_used=2715Kb free=117284Kb
 bounds [0x000002268f170000, 0x000002268f420000, 0x00000226966a0000]
CodeHeap 'profiled nmethods': size=120000Kb used=7192Kb max_used=7192Kb free=112808Kb
 bounds [0x0000022687c40000, 0x0000022688350000, 0x000002268f170000]
CodeHeap 'non-nmethods': size=5760Kb used=1284Kb max_used=1389Kb free=4475Kb
 bounds [0x00000226876a0000, 0x0000022687910000, 0x0000022687c40000]
 total_blobs=4012 nmethods=3422 adapters=502
 compilation: enabled
              stopped_count=0, restarted_count=0
 full_count=0

Compilation events (20 events):
Event: 8.409 Thread 0x00000226ffec6600 3486       1       sun.reflect.generics.tree.SimpleClassTypeSignature::getDollar (5 bytes)
Event: 8.409 Thread 0x00000226ffec6600 nmethod 3486 0x000002268f3fa310 code [0x000002268f3fa4a0, 0x000002268f3fa578]
Event: 8.444 Thread 0x00000226ffec6600 3487       2       java.util.Collections::addAll (43 bytes)
Event: 8.444 Thread 0x00000226ffec6600 nmethod 3487 0x0000022688343e90 code [0x0000022688344040, 0x0000022688344208]
Event: 8.466 Thread 0x00000226ffebf180 nmethod 3409 0x000002268f3fa610 code [0x000002268f3fada0, 0x000002268f403ef8]
Event: 8.468 Thread 0x00000226ffebf180 3354 %     4       sun.nio.fs.WindowsPathParser::normalize @ 18 (233 bytes)
Event: 8.472 Thread 0x00000226ffec6600 3488       2       org.aspectj.apache.bcel.generic.MethodGen::addCodeAttribute (12 bytes)
Event: 8.472 Thread 0x00000226ffec6600 nmethod 3488 0x0000022688344310 code [0x00000226883444c0, 0x00000226883445e8]
Event: 8.487 Thread 0x00000226ffec6600 3490       3       org.aspectj.weaver.bcel.LazyClassGen::getStaticInitializer (92 bytes)
Event: 8.488 Thread 0x00000226ffec6600 nmethod 3490 0x0000022688344690 code [0x0000022688344940, 0x0000022688345728]
Event: 8.496 Thread 0x00000226ffec6600 3491       2       java.io.BufferedInputStream::getInIfOpen (21 bytes)
Event: 8.496 Thread 0x00000226ffec6600 nmethod 3491 0x0000022688345b90 code [0x0000022688345d40, 0x0000022688345f08]
Event: 8.529 Thread 0x00000226ffebf180 nmethod 3354% 0x000002268f409210 code [0x000002268f409460, 0x000002268f40ae50]
Event: 8.529 Thread 0x00000226ffebf180 3478       4       java.util.Collections::emptySet (4 bytes)
Event: 8.529 Thread 0x00000226ffebf180 nmethod 3478 0x000002268f40be10 code [0x000002268f40bf80, 0x000002268f40bfd8]
Event: 8.529 Thread 0x00000226ffebf180 3489       4       org.aspectj.weaver.bcel.BcelClassWeaver::match (373 bytes)
Event: 8.555 Thread 0x000002269fa19570 nmethod 3359% 0x000002268f40c110 code [0x000002268f40c480, 0x000002268f40fbf8]
Event: 8.555 Thread 0x000002269fa19570 3357       4       org.aspectj.weaver.bcel.BcelObjectType::isAspect (13 bytes)
Event: 8.556 Thread 0x000002269fa19570 nmethod 3357 0x000002268f411d90 code [0x000002268f411f20, 0x000002268f411fb8]
Event: 8.556 Thread 0x000002269fa19570 3413       4       org.aspectj.weaver.bcel.BcelMethod::<init> (106 bytes)

GC Heap History (16 events):
Event: 0.810 GC heap before
{Heap before GC invocations=0 (full 0):
 garbage-first heap   total 131072K, used 13312K [0x0000000081a00000, 0x0000000100000000)
  region size 1024K, 13 young (13312K), 0 survivors (0K)
 Metaspace       used 3708K, committed 3840K, reserved 1056768K
  class space    used 339K, committed 384K, reserved 1048576K
}
Event: 0.815 GC heap after
{Heap after GC invocations=1 (full 0):
 garbage-first heap   total 131072K, used 3784K [0x0000000081a00000, 0x0000000100000000)
  region size 1024K, 2 young (2048K), 2 survivors (2048K)
 Metaspace       used 3708K, committed 3840K, reserved 1056768K
  class space    used 339K, committed 384K, reserved 1048576K
}
Event: 1.310 GC heap before
{Heap before GC invocations=1 (full 0):
 garbage-first heap   total 131072K, used 18120K [0x0000000081a00000, 0x0000000100000000)
  region size 1024K, 16 young (16384K), 2 survivors (2048K)
 Metaspace       used 7404K, committed 7552K, reserved 1056768K
  class space    used 658K, committed 768K, reserved 1048576K
}
Event: 1.316 GC heap after
{Heap after GC invocations=2 (full 0):
 garbage-first heap   total 131072K, used 6172K [0x0000000081a00000, 0x0000000100000000)
  region size 1024K, 2 young (2048K), 2 survivors (2048K)
 Metaspace       used 7404K, committed 7552K, reserved 1056768K
  class space    used 658K, committed 768K, reserved 1048576K
}
Event: 2.710 GC heap before
{Heap before GC invocations=2 (full 0):
 garbage-first heap   total 131072K, used 81948K [0x0000000081a00000, 0x0000000100000000)
  region size 1024K, 76 young (77824K), 2 survivors (2048K)
 Metaspace       used 13040K, committed 13184K, reserved 1064960K
  class space    used 1141K, committed 1216K, reserved 1048576K
}
Event: 2.730 GC heap after
{Heap after GC invocations=3 (full 0):
 garbage-first heap   total 131072K, used 19530K [0x0000000081a00000, 0x0000000100000000)
  region size 1024K, 10 young (10240K), 10 survivors (10240K)
 Metaspace       used 13040K, committed 13184K, reserved 1064960K
  class space    used 1141K, committed 1216K, reserved 1048576K
}
Event: 3.693 GC heap before
{Heap before GC invocations=3 (full 0):
 garbage-first heap   total 131072K, used 66634K [0x0000000081a00000, 0x0000000100000000)
  region size 1024K, 56 young (57344K), 10 survivors (10240K)
 Metaspace       used 15667K, committed 15872K, reserved 1064960K
  class space    used 1461K, committed 1536K, reserved 1048576K
}
Event: 3.711 GC heap after
{Heap after GC invocations=4 (full 0):
 garbage-first heap   total 131072K, used 24332K [0x0000000081a00000, 0x0000000100000000)
  region size 1024K, 5 young (5120K), 5 survivors (5120K)
 Metaspace       used 15667K, committed 15872K, reserved 1064960K
  class space    used 1461K, committed 1536K, reserved 1048576K
}
Event: 5.118 GC heap before
{Heap before GC invocations=4 (full 0):
 garbage-first heap   total 131072K, used 80652K [0x0000000081a00000, 0x0000000100000000)
  region size 1024K, 60 young (61440K), 5 survivors (5120K)
 Metaspace       used 20787K, committed 21056K, reserved 1073152K
  class space    used 2037K, committed 2176K, reserved 1048576K
}
Event: 5.136 GC heap after
{Heap after GC invocations=5 (full 0):
 garbage-first heap   total 131072K, used 30720K [0x0000000081a00000, 0x0000000100000000)
  region size 1024K, 8 young (8192K), 8 survivors (8192K)
 Metaspace       used 20787K, committed 21056K, reserved 1073152K
  class space    used 2037K, committed 2176K, reserved 1048576K
}
Event: 5.235 GC heap before
{Heap before GC invocations=5 (full 0):
 garbage-first heap   total 131072K, used 38912K [0x0000000081a00000, 0x0000000100000000)
  region size 1024K, 17 young (17408K), 8 survivors (8192K)
 Metaspace       used 21047K, committed 21248K, reserved 1073152K
  class space    used 2064K, committed 2176K, reserved 1048576K
}
Event: 5.249 GC heap after
{Heap after GC invocations=6 (full 0):
 garbage-first heap   total 157696K, used 32951K [0x0000000081a00000, 0x0000000100000000)
  region size 1024K, 2 young (2048K), 2 survivors (2048K)
 Metaspace       used 21047K, committed 21248K, reserved 1073152K
  class space    used 2064K, committed 2176K, reserved 1048576K
}
Event: 6.469 GC heap before
{Heap before GC invocations=7 (full 0):
 garbage-first heap   total 130048K, used 108727K [0x0000000081a00000, 0x0000000100000000)
  region size 1024K, 76 young (77824K), 2 survivors (2048K)
 Metaspace       used 25604K, committed 25920K, reserved 1073152K
  class space    used 2654K, committed 2816K, reserved 1048576K
}
Event: 6.482 GC heap after
{Heap after GC invocations=8 (full 0):
 garbage-first heap   total 130048K, used 40057K [0x0000000081a00000, 0x0000000100000000)
  region size 1024K, 9 young (9216K), 9 survivors (9216K)
 Metaspace       used 25604K, committed 25920K, reserved 1073152K
  class space    used 2654K, committed 2816K, reserved 1048576K
}
Event: 7.924 GC heap before
{Heap before GC invocations=8 (full 0):
 garbage-first heap   total 130048K, used 95353K [0x0000000081a00000, 0x0000000100000000)
  region size 1024K, 63 young (64512K), 9 survivors (9216K)
 Metaspace       used 29389K, committed 29696K, reserved 1081344K
  class space    used 3170K, committed 3328K, reserved 1048576K
}
Event: 7.942 GC heap after
{Heap after GC invocations=9 (full 0):
 garbage-first heap   total 130048K, used 45922K [0x0000000081a00000, 0x0000000100000000)
  region size 1024K, 6 young (6144K), 6 survivors (6144K)
 Metaspace       used 29389K, committed 29696K, reserved 1081344K
  class space    used 3170K, committed 3328K, reserved 1048576K
}

Deoptimization events (20 events):
Event: 7.712 Thread 0x00000226fae59f10 Uncommon trap: trap_request=0xffffffde fr.pc=0x000002268f3d8b4c relative=0x000000000000012c
Event: 7.712 Thread 0x00000226fae59f10 Uncommon trap: reason=class_check action=maybe_recompile pc=0x000002268f3d8b4c method=jdk.internal.misc.Unsafe.allocateUninitializedArray(Ljava/lang/Class;I)Ljava/lang/Object; @ 51 c2
Event: 7.712 Thread 0x00000226fae59f10 DEOPT PACKING pc=0x000002268f3d8b4c sp=0x00000060b01f7680
Event: 7.712 Thread 0x00000226fae59f10 DEOPT UNPACKING pc=0x00000226876ed72e sp=0x00000060b01f7608 mode 2
Event: 7.712 Thread 0x00000226fae59f10 Uncommon trap: trap_request=0xffffffde fr.pc=0x000002268f3d8b4c relative=0x000000000000012c
Event: 7.712 Thread 0x00000226fae59f10 Uncommon trap: reason=class_check action=maybe_recompile pc=0x000002268f3d8b4c method=jdk.internal.misc.Unsafe.allocateUninitializedArray(Ljava/lang/Class;I)Ljava/lang/Object; @ 51 c2
Event: 7.712 Thread 0x00000226fae59f10 DEOPT PACKING pc=0x000002268f3d8b4c sp=0x00000060b01f7680
Event: 7.712 Thread 0x00000226fae59f10 DEOPT UNPACKING pc=0x00000226876ed72e sp=0x00000060b01f7608 mode 2
Event: 7.712 Thread 0x00000226fae59f10 Uncommon trap: trap_request=0xffffffde fr.pc=0x000002268f3d8b4c relative=0x000000000000012c
Event: 7.712 Thread 0x00000226fae59f10 Uncommon trap: reason=class_check action=maybe_recompile pc=0x000002268f3d8b4c method=jdk.internal.misc.Unsafe.allocateUninitializedArray(Ljava/lang/Class;I)Ljava/lang/Object; @ 51 c2
Event: 7.712 Thread 0x00000226fae59f10 DEOPT PACKING pc=0x000002268f3d8b4c sp=0x00000060b01f77d0
Event: 7.712 Thread 0x00000226fae59f10 DEOPT UNPACKING pc=0x00000226876ed72e sp=0x00000060b01f7758 mode 2
Event: 7.712 Thread 0x00000226fae59f10 Uncommon trap: trap_request=0xffffffde fr.pc=0x000002268f3d8b4c relative=0x000000000000012c
Event: 7.712 Thread 0x00000226fae59f10 Uncommon trap: reason=class_check action=maybe_recompile pc=0x000002268f3d8b4c method=jdk.internal.misc.Unsafe.allocateUninitializedArray(Ljava/lang/Class;I)Ljava/lang/Object; @ 51 c2
Event: 7.712 Thread 0x00000226fae59f10 DEOPT PACKING pc=0x000002268f3d8b4c sp=0x00000060b01f7790
Event: 7.712 Thread 0x00000226fae59f10 DEOPT UNPACKING pc=0x00000226876ed72e sp=0x00000060b01f7718 mode 2
Event: 7.804 Thread 0x00000226fae59f10 DEOPT PACKING pc=0x0000022687f589c0 sp=0x00000060b01f7ac0
Event: 7.804 Thread 0x00000226fae59f10 DEOPT UNPACKING pc=0x00000226876edece sp=0x00000060b01f70e0 mode 0
Event: 8.309 Thread 0x00000226a091f550 DEOPT PACKING pc=0x0000022687f589c0 sp=0x00000060b23fb3b0
Event: 8.309 Thread 0x00000226a091f550 DEOPT UNPACKING pc=0x00000226876edece sp=0x00000060b23fa9d0 mode 0

Classes unloaded (0 events):
No events

Classes redefined (0 events):
No events

Internal exceptions (20 events):
Event: 7.016 Thread 0x000002269be47d20 Exception <a 'java/lang/NoSuchMethodError'{0x00000000873c87d8}: 'java.lang.Object java.lang.invoke.DirectMethodHandle$Holder.invokeStatic(java.lang.Object, java.lang.Object, long, java.lang.Object)'> (0x00000000873c87d8) 
thrown [t:\workspace\open\src\hotspot\share\interpreter\linkResolver.cpp, line 790]
Event: 7.016 Thread 0x000002269be47d20 Exception <a 'java/lang/NoSuchMethodError'{0x00000000873cc1d0}: 'java.lang.Object java.lang.invoke.DirectMethodHandle$Holder.invokeStaticInit(java.lang.Object, java.lang.Object, long, java.lang.Object)'> (0x00000000873cc1d0) 
thrown [t:\workspace\open\src\hotspot\share\interpreter\linkResolver.cpp, line 790]
Event: 7.018 Thread 0x000002269be47d20 Exception <a 'java/lang/NoSuchMethodError'{0x00000000873d2548}: 'java.lang.Object java.lang.invoke.DirectMethodHandle$Holder.newInvokeSpecial(java.lang.Object, java.lang.Object, long)'> (0x00000000873d2548) 
thrown [t:\workspace\open\src\hotspot\share\interpreter\linkResolver.cpp, line 790]
Event: 7.027 Thread 0x000002269be4a250 Exception <a 'java/net/ConnectException'{0x0000000087286fe0}: Connection refused: no further information> (0x0000000087286fe0) 
thrown [t:\workspace\open\src\hotspot\share\prims\jni.cpp, line 600]
Event: 7.027 Thread 0x000002269be4a250 Exception <a 'java/net/SocketException'{0x0000000087287318}: Socket is not connected: shutdown> (0x0000000087287318) 
thrown [t:\workspace\open\src\hotspot\share\prims\jni.cpp, line 600]
Event: 7.059 Thread 0x000002269be4a250 Exception <a 'java/net/ConnectException'{0x00000000872882b0}: Connection refused: no further information> (0x00000000872882b0) 
thrown [t:\workspace\open\src\hotspot\share\prims\jni.cpp, line 600]
Event: 7.059 Thread 0x000002269be4a250 Exception <a 'java/net/SocketException'{0x00000000872885e8}: Socket is not connected: shutdown> (0x00000000872885e8) 
thrown [t:\workspace\open\src\hotspot\share\prims\jni.cpp, line 600]
Event: 7.107 Thread 0x000002269be4a250 Exception <a 'java/net/ConnectException'{0x0000000087289580}: Connection refused: no further information> (0x0000000087289580) 
thrown [t:\workspace\open\src\hotspot\share\prims\jni.cpp, line 600]
Event: 7.107 Thread 0x000002269be4a250 Exception <a 'java/net/SocketException'{0x00000000872898b8}: Socket is not connected: shutdown> (0x00000000872898b8) 
thrown [t:\workspace\open\src\hotspot\share\prims\jni.cpp, line 600]
Event: 7.206 Thread 0x000002269be4a250 Exception <a 'java/net/ConnectException'{0x000000008728a850}: Connection refused: no further information> (0x000000008728a850) 
thrown [t:\workspace\open\src\hotspot\share\prims\jni.cpp, line 600]
Event: 7.206 Thread 0x000002269be4a250 Exception <a 'java/net/SocketException'{0x000000008728ab88}: Socket is not connected: shutdown> (0x000000008728ab88) 
thrown [t:\workspace\open\src\hotspot\share\prims\jni.cpp, line 600]
Event: 7.373 Thread 0x000002269be4a250 Exception <a 'java/net/ConnectException'{0x000000008728bb20}: Connection refused: no further information> (0x000000008728bb20) 
thrown [t:\workspace\open\src\hotspot\share\prims\jni.cpp, line 600]
Event: 7.373 Thread 0x000002269be4a250 Exception <a 'java/net/SocketException'{0x000000008728be58}: Socket is not connected: shutdown> (0x000000008728be58) 
thrown [t:\workspace\open\src\hotspot\share\prims\jni.cpp, line 600]
Event: 7.742 Thread 0x00000226fae59f10 Exception <a 'java/lang/NoSuchMethodError'{0x0000000086fa3568}: 'double java.lang.invoke.DirectMethodHandle$Holder.invokeVirtual(java.lang.Object, java.lang.Object)'> (0x0000000086fa3568) 
thrown [t:\workspace\open\src\hotspot\share\interpreter\linkResolver.cpp, line 790]
Event: 7.743 Thread 0x00000226fae59f10 Exception <a 'java/lang/NoSuchMethodError'{0x0000000086fa9f78}: 'float java.lang.invoke.DirectMethodHandle$Holder.invokeVirtual(java.lang.Object, java.lang.Object)'> (0x0000000086fa9f78) 
thrown [t:\workspace\open\src\hotspot\share\interpreter\linkResolver.cpp, line 790]
Event: 7.744 Thread 0x00000226fae59f10 Exception <a 'java/lang/NoSuchMethodError'{0x0000000086fb3220}: 'long java.lang.invoke.DirectMethodHandle$Holder.invokeVirtual(java.lang.Object, java.lang.Object)'> (0x0000000086fb3220) 
thrown [t:\workspace\open\src\hotspot\share\interpreter\linkResolver.cpp, line 790]
Event: 7.809 Thread 0x00000226fae59f10 Exception <a 'java/lang/NoSuchMethodError'{0x0000000086a0bea0}: 'void java.lang.invoke.DirectMethodHandle$Holder.invokeSpecial(java.lang.Object, java.lang.Object, java.lang.Object, java.lang.Object, java.lang.Object)'> (0x0000000086a0bea0) 
thrown [t:\workspace\open\src\hotspot\share\interpreter\linkResolver.cpp, line 790]
Event: 7.810 Thread 0x00000226fae59f10 Exception <a 'java/lang/NoSuchMethodError'{0x0000000086a130f8}: 'void java.lang.invoke.DirectMethodHandle$Holder.invokeStatic(java.lang.Object, java.lang.Object, int)'> (0x0000000086a130f8) 
thrown [t:\workspace\open\src\hotspot\share\interpreter\linkResolver.cpp, line 790]
Event: 7.901 Thread 0x00000226fae59f10 Exception <a 'java/lang/NoSuchMethodError'{0x00000000864506c0}: 'int java.lang.invoke.DirectMethodHandle$Holder.invokeSpecialIFC(java.lang.Object, java.lang.Object, java.lang.Object)'> (0x00000000864506c0) 
thrown [t:\workspace\open\src\hotspot\share\interpreter\linkResolver.cpp, line 790]
Event: 8.110 Thread 0x00000226fae59f10 Exception <a 'java/lang/NoSuchMethodError'{0x0000000088b553a0}: 'void java.lang.invoke.DirectMethodHandle$Holder.invokeSpecial(java.lang.Object, java.lang.Object, java.lang.Object, java.lang.Object, java.lang.Object, java.lang.Object)'> (0x0000000088b553a0) 
thrown [t:\workspace\open\src\hotspot\share\interpreter\linkResolver.cpp, line 790]

Events (20 events):
Event: 8.286 loading class sun/nio/ch/SocketChannelImpl$DefaultOptionsHolder done
Event: 8.298 Thread 0x00000226a091f550 Thread added: 0x00000226a091f550
Event: 8.304 loading class java/nio/channels/spi/AbstractSelector$1
Event: 8.304 loading class java/nio/channels/spi/AbstractSelector$1 done
Event: 8.304 loading class java/lang/invoke/ConstantBootstraps
Event: 8.305 loading class java/lang/invoke/ConstantBootstraps done
Event: 8.411 loading class java/nio/channels/UnsupportedAddressTypeException
Event: 8.411 loading class java/nio/channels/UnsupportedAddressTypeException done
Event: 8.420 loading class sun/nio/ch/WindowsSelectorImpl$MapEntry
Event: 8.420 loading class sun/nio/ch/WindowsSelectorImpl$MapEntry done
Event: 8.439 loading class java/io/PushbackInputStream
Event: 8.439 loading class java/io/PushbackInputStream done
Event: 8.491 loading class java/nio/charset/IllegalCharsetNameException
Event: 8.492 loading class java/nio/charset/IllegalCharsetNameException done
Event: 8.492 loading class java/nio/charset/UnsupportedCharsetException
Event: 8.492 loading class java/nio/charset/UnsupportedCharsetException done
Event: 8.505 loading class sun/nio/ch/IOVecWrapper
Event: 8.505 loading class sun/nio/ch/IOVecWrapper done
Event: 8.505 loading class sun/nio/ch/IOVecWrapper$Deallocator
Event: 8.505 loading class sun/nio/ch/IOVecWrapper$Deallocator done


Dynamic libraries:
0x00007ff67b6e0000 - 0x00007ff67b6f0000 	C:\Program Files\Java\jdk-16.0.1\bin\java.exe
0x00007ffbcaf50000 - 0x00007ffbcb148000 	C:\WINDOWS\SYSTEM32\ntdll.dll
0x00007ffbc9fc0000 - 0x00007ffbca07d000 	C:\WINDOWS\System32\KERNEL32.DLL
0x00007ffbc8ce0000 - 0x00007ffbc8fae000 	C:\WINDOWS\System32\KERNELBASE.dll
0x00007ffbc8670000 - 0x00007ffbc8770000 	C:\WINDOWS\System32\ucrtbase.dll
0x00007ffbc2da0000 - 0x00007ffbc2db8000 	C:\Program Files\Java\jdk-16.0.1\bin\jli.dll
0x00007ffbc9040000 - 0x00007ffbc90ee000 	C:\WINDOWS\System32\ADVAPI32.dll
0x00007ffbca080000 - 0x00007ffbca11e000 	C:\WINDOWS\System32\msvcrt.dll
0x00007ffbc90f0000 - 0x00007ffbc918c000 	C:\WINDOWS\System32\sechost.dll
0x00007ffbca120000 - 0x00007ffbca245000 	C:\WINDOWS\System32\RPCRT4.dll
0x00007ffbc10a0000 - 0x00007ffbc10b9000 	C:\Program Files\Java\jdk-16.0.1\bin\VCRUNTIME140.dll
0x00007ffbb3e40000 - 0x00007ffbb40da000 	C:\WINDOWS\WinSxS\amd64_microsoft.windows.common-controls_6595b64144ccf1df_6.0.19041.1110_none_60b5254171f9507e\COMCTL32.dll
0x00007ffbc9a40000 - 0x00007ffbc9a6a000 	C:\WINDOWS\System32\GDI32.dll
0x00007ffbc8770000 - 0x00007ffbc8792000 	C:\WINDOWS\System32\win32u.dll
0x00007ffbc8850000 - 0x00007ffbc895b000 	C:\WINDOWS\System32\gdi32full.dll
0x00007ffbc8960000 - 0x00007ffbc89fd000 	C:\WINDOWS\System32\msvcp_win.dll
0x00007ffbcad70000 - 0x00007ffbcaf10000 	C:\WINDOWS\System32\USER32.dll
0x00007ffbc65b0000 - 0x00007ffbc65ba000 	C:\WINDOWS\SYSTEM32\VERSION.dll
0x00007ffbc9010000 - 0x00007ffbc9040000 	C:\WINDOWS\System32\IMM32.DLL
0x00007ffbc2f80000 - 0x00007ffbc2f8c000 	C:\Program Files\Java\jdk-16.0.1\bin\vcruntime140_1.dll
0x00007ffb92c10000 - 0x00007ffb92ca1000 	C:\Program Files\Java\jdk-16.0.1\bin\msvcp140.dll
0x00007ffb540d0000 - 0x00007ffb54c7b000 	C:\Program Files\Java\jdk-16.0.1\bin\server\jvm.dll
0x00007ffbc9e80000 - 0x00007ffbc9e88000 	C:\WINDOWS\System32\PSAPI.DLL
0x00007ffbb07c0000 - 0x00007ffbb07c9000 	C:\WINDOWS\SYSTEM32\WSOCK32.dll
0x00007ffbc9ad0000 - 0x00007ffbc9b3b000 	C:\WINDOWS\System32\WS2_32.dll
0x00007ffbc6580000 - 0x00007ffbc65a7000 	C:\WINDOWS\SYSTEM32\WINMM.dll
0x00007ffbc6f50000 - 0x00007ffbc6f62000 	C:\WINDOWS\SYSTEM32\kernel.appcore.dll
0x00007ffbc2e40000 - 0x00007ffbc2e4a000 	C:\Program Files\Java\jdk-16.0.1\bin\jimage.dll
0x00007ffbc6390000 - 0x00007ffbc6574000 	C:\WINDOWS\SYSTEM32\DBGHELP.DLL
0x00007ffbc6360000 - 0x00007ffbc638c000 	C:\WINDOWS\SYSTEM32\dbgcore.DLL
0x00007ffbc8c50000 - 0x00007ffbc8cd2000 	C:\WINDOWS\System32\bcryptPrimitives.dll
0x00007ffbc1080000 - 0x00007ffbc108e000 	C:\Program Files\Java\jdk-16.0.1\bin\instrument.dll
0x00007ffbb64f0000 - 0x00007ffbb6515000 	C:\Program Files\Java\jdk-16.0.1\bin\java.dll
0x00007ffbca300000 - 0x00007ffbcaa44000 	C:\WINDOWS\System32\SHELL32.dll
0x00007ffbc6750000 - 0x00007ffbc6ee4000 	C:\WINDOWS\SYSTEM32\windows.storage.dll
0x00007ffbc96e0000 - 0x00007ffbc9a34000 	C:\WINDOWS\System32\combase.dll
0x00007ffbc80d0000 - 0x00007ffbc8100000 	C:\WINDOWS\SYSTEM32\Wldp.dll
0x00007ffbcaa50000 - 0x00007ffbcaafd000 	C:\WINDOWS\System32\SHCORE.dll
0x00007ffbc9e20000 - 0x00007ffbc9e75000 	C:\WINDOWS\System32\shlwapi.dll
0x00007ffbc85b0000 - 0x00007ffbc85cf000 	C:\WINDOWS\SYSTEM32\profapi.dll
0x00007ffbb6290000 - 0x00007ffbb62a8000 	C:\Program Files\Java\jdk-16.0.1\bin\zip.dll
0x00007ffbc0840000 - 0x00007ffbc0859000 	C:\Program Files\Java\jdk-16.0.1\bin\net.dll
0x00007ffbb6340000 - 0x00007ffbb644a000 	C:\WINDOWS\SYSTEM32\WINHTTP.dll
0x00007ffbc7e30000 - 0x00007ffbc7e9a000 	C:\WINDOWS\system32\mswsock.dll
0x00007ffbb66b0000 - 0x00007ffbb66c3000 	C:\Program Files\Java\jdk-16.0.1\bin\nio.dll
0x00007ffbb3020000 - 0x00007ffbb303a000 	C:\Program Files\JetBrains\IntelliJ IDEA 2022.2\bin\breakgen64.dll
0x00007ffbc0f30000 - 0x00007ffbc0f40000 	C:\Program Files\Java\jdk-16.0.1\bin\verify.dll
0x00007ffbc8020000 - 0x00007ffbc8038000 	C:\WINDOWS\SYSTEM32\CRYPTSP.dll
0x00007ffbc7740000 - 0x00007ffbc7774000 	C:\WINDOWS\system32\rsaenh.dll
0x00007ffbc8c20000 - 0x00007ffbc8c47000 	C:\WINDOWS\System32\bcrypt.dll
0x00007ffbc8570000 - 0x00007ffbc859e000 	C:\WINDOWS\SYSTEM32\USERENV.dll
0x00007ffbc8040000 - 0x00007ffbc804c000 	C:\WINDOWS\SYSTEM32\CRYPTBASE.dll
0x00007ffbc7ad0000 - 0x00007ffbc7b0b000 	C:\WINDOWS\SYSTEM32\IPHLPAPI.DLL
0x00007ffbc9260000 - 0x00007ffbc9268000 	C:\WINDOWS\System32\NSI.dll
0x00007ffbbeb20000 - 0x00007ffbbeb37000 	C:\WINDOWS\SYSTEM32\dhcpcsvc6.DLL
0x00007ffbbeb60000 - 0x00007ffbbeb7d000 	C:\WINDOWS\SYSTEM32\dhcpcsvc.DLL
0x00007ffbc7b10000 - 0x00007ffbc7bda000 	C:\WINDOWS\SYSTEM32\DNSAPI.dll
0x00007ffbc0830000 - 0x00007ffbc083e000 	C:\Program Files\Java\jdk-16.0.1\bin\sunmscapi.dll
0x00007ffbc8ac0000 - 0x00007ffbc8c16000 	C:\WINDOWS\System32\CRYPT32.dll
0x00007ffbc8140000 - 0x00007ffbc8167000 	C:\WINDOWS\SYSTEM32\ncrypt.dll
0x00007ffbc8100000 - 0x00007ffbc813b000 	C:\WINDOWS\SYSTEM32\NTASN1.dll
0x00007ffbb4b40000 - 0x00007ffbb4b4a000 	C:\Windows\System32\rasadhlp.dll
0x00007ffbb62b0000 - 0x00007ffbb6330000 	C:\WINDOWS\System32\fwpuclnt.dll
0x00007ffbc0ed0000 - 0x00007ffbc0ed9000 	C:\Program Files\Java\jdk-16.0.1\bin\management.dll
0x00007ffbc0e50000 - 0x00007ffbc0e5b000 	C:\Program Files\Java\jdk-16.0.1\bin\management_ext.dll
0x00007ffbc0f20000 - 0x00007ffbc0f27000 	C:\WINDOWS\system32\wshunix.dll
0x00007ffba5790000 - 0x00007ffba57a7000 	C:\WINDOWS\system32\napinsp.dll
0x00007ffba5770000 - 0x00007ffba578b000 	C:\WINDOWS\system32\pnrpnsp.dll
0x00007ffba5750000 - 0x00007ffba5765000 	C:\WINDOWS\system32\wshbth.dll
0x00007ffbc3bf0000 - 0x00007ffbc3c0d000 	C:\WINDOWS\system32\NLAapi.dll
0x00007ffba5730000 - 0x00007ffba5742000 	C:\WINDOWS\System32\winrnr.dll

dbghelp: loaded successfully - version: 4.0.5 - missing functions: none
symbol engine: initialized successfully - sym options: 0x614 - pdb path: .;C:\Program Files\Java\jdk-16.0.1\bin;C:\WINDOWS\SYSTEM32;C:\WINDOWS\WinSxS\amd64_microsoft.windows.common-controls_6595b64144ccf1df_6.0.19041.1110_none_60b5254171f9507e;C:\Program Files\Java\jdk-16.0.1\bin\server;C:\Program Files\JetBrains\IntelliJ IDEA 2022.2\bin

VM Arguments:
jvm_args: -ea -javaagent:C:\Users\DELL\.m2\repository/org/aspectj/aspectjweaver/1.9.9.1/aspectjweaver-1.9.9.1.jar -Didea.test.cyclic.buffer.size=1048576 -javaagent:C:\Program Files\JetBrains\IntelliJ IDEA 2022.2\lib\idea_rt.jar=59008:C:\Program Files\JetBrains\IntelliJ IDEA 2022.2\bin -Dfile.encoding=UTF-8 
java_command: com.intellij.rt.testng.RemoteTestNGStarter -usedefaultlisteners false -socket59007 @w@C:\Users\DELL\AppData\Local\Temp\idea_working_dirs_testng.tmp -temp C:\Users\DELL\AppData\Local\Temp\idea_testng.tmp
java_class_path (initial): C:\Program Files\JetBrains\IntelliJ IDEA 2022.2\lib\idea_rt.jar;C:\Program Files\JetBrains\IntelliJ IDEA 2022.2\plugins\testng\lib\testng-rt.jar;C:\Users\DELL\IdeaProjects\TAProject\target\test-classes;C:\Users\DELL\.m2\repository\io\qameta\allure\allure-testng\2.18.1\allure-testng-2.18.1.jar;C:\Users\DELL\.m2\repository\io\qameta\allure\allure-java-commons\2.18.1\allure-java-commons-2.18.1.jar;C:\Users\DELL\.m2\repository\io\qameta\allure\allure-model\2.18.1\allure-model-2.18.1.jar;C:\Users\DELL\.m2\repository\io\qameta\allure\allure-test-filter\2.18.1\allure-test-filter-2.18.1.jar;C:\Users\DELL\.m2\repository\com\codeborne\selenide-testng\6.5.1\selenide-testng-6.5.1.jar;C:\Users\DELL\.m2\repository\org\seleniumhq\selenium\selenium-java\4.1.4\selenium-java-4.1.4.jar;C:\Users\DELL\.m2\repository\org\seleniumhq\selenium\selenium-api\4.1.4\selenium-api-4.1.4.jar;C:\Users\DELL\.m2\repository\org\seleniumhq\selenium\selenium-chrome-driver\4.1.4\selenium-chrome-driver-4.1.4.jar;C:\Users\DELL\.m2\repository\com\google\auto\service\auto-service-annotations\1.0.1\auto-service-annotations-1.0.1.jar;C:\Users\DELL\.m2\repository\com\google\auto\service\auto-service\1.0.1\auto-service-1.0.1.jar;C:\Users\DELL\.m2\repository\com\google\auto\auto-common\1.2\auto-common-1.2.jar;C:\Users\DELL\.m2\repository\org\seleniumhq\selenium\selenium-chromium-driver\4.1.4\selenium-chromium-driver-4.1.4.jar;C:\Users\DELL\.m2\repository\org\seleniumhq\selenium\selenium-json\4.1.4\selenium-json-4.1.4.jar;C:\Users\DELL\.m2\repository\org\seleniumhq\selenium\selenium-devtools-v100\4.1.4\selenium-devtools-v100-4.1.4.jar;C:\Users\DELL\.m2\repository\org\seleniumhq\selenium\selenium-devtools-v101\4.1.4\selenium-devtools-v101-4.1.4.jar;C:\Users\DELL\.m2\repository\org\seleniumhq\selenium\selenium-devtools-v85\4.1.4\selenium-devtools-v85-4.1.4.jar;C:\Users\DELL\.m2\repository\org\seleniumhq\selenium\selenium-devtools-v99\4.1.4\selenium-devtools-v99-4.1.4.jar;C:\Users\DELL\.m
Launcher Type: SUN_STANDARD

[Global flags]
     intx CICompilerCount                          = 3                                         {product} {ergonomic}
     uint ConcGCThreads                            = 1                                         {product} {ergonomic}
     uint G1ConcRefinementThreads                  = 4                                         {product} {ergonomic}
   size_t G1HeapRegionSize                         = 1048576                                   {product} {ergonomic}
    uintx GCDrainStackTargetSize                   = 64                                        {product} {ergonomic}
   size_t InitialHeapSize                          = 134217728                                 {product} {ergonomic}
   size_t MarkStackSize                            = 4194304                                   {product} {ergonomic}
   size_t MaxHeapSize                              = 2120220672                                {product} {ergonomic}
   size_t MaxNewSize                               = 1271922688                                {product} {ergonomic}
   size_t MinHeapDeltaBytes                        = 1048576                                   {product} {ergonomic}
   size_t MinHeapSize                              = 8388608                                   {product} {ergonomic}
    uintx NonNMethodCodeHeapSize                   = 5832780                                {pd product} {ergonomic}
    uintx NonProfiledCodeHeapSize                  = 122912730                              {pd product} {ergonomic}
    uintx ProfiledCodeHeapSize                     = 122912730                              {pd product} {ergonomic}
    uintx ReservedCodeCacheSize                    = 251658240                              {pd product} {ergonomic}
     bool SegmentedCodeCache                       = true                                      {product} {ergonomic}
   size_t SoftMaxHeapSize                          = 2120220672                             {manageable} {ergonomic}
     bool UseCompressedClassPointers               = true                           {product lp64_product} {ergonomic}
     bool UseCompressedOops                        = true                           {product lp64_product} {ergonomic}
     bool UseG1GC                                  = true                                      {product} {ergonomic}
     bool UseLargePagesIndividualAllocation        = false                                  {pd product} {ergonomic}

Logging:
Log output configuration:
 #0: stdout all=warning uptime,level,tags
 #1: stderr all=off uptime,level,tags

Environment Variables:
PATH=C:\Program Files\Common Files\Oracle\Java\javapath;C:\WINDOWS\system32;C:\WINDOWS;C:\WINDOWS\System32\Wbem;C:\WINDOWS\System32\WindowsPowerShell\v1.0\;C:\WINDOWS\System32\OpenSSH\;C:\Program Files\Microsoft SQL Server\110\Tools\Binn\;C:\Program Files (x86)\Microsoft SQL Server\110\Tools\Binn\;C:\Program Files\Microsoft SQL Server\110\DTS\Binn\;C:\Program Files (x86)\Microsoft SQL Server\110\Tools\Binn\ManagementStudio\;C:\Program Files (x86)\Microsoft Visual Studio 10.0\Common7\IDE\PrivateAssemblies\;C:\Program Files (x86)\Microsoft SQL Server\110\DTS\Binn\;C:\Program Files\TortoiseGit\bin;C:\Program Files\Git\cmd;C:\Users\DELL\AppData\Local\Microsoft\WindowsApps;;C:\Program Files\JetBrains\IntelliJ IDEA Community Edition 2020.3.3\bin;;C:\Users\DELL\AppData\Local\Programs\Microsoft VS Code\bin
USERNAME=DELL
OS=Windows_NT
PROCESSOR_IDENTIFIER=Intel64 Family 6 Model 78 Stepping 3, GenuineIntel



---------------  S Y S T E M  ---------------

OS:
 Windows 10 , 64 bit Build 19041 (10.0.19041.1889)
OS uptime: 6 days 3:41 hours

CPU: total 4 (initial active 4) (2 cores per cpu, 2 threads per core) family 6 model 78 stepping 3 microcode 0xcc, cx8, cmov, fxsr, ht, mmx, 3dnowpref, sse, sse2, sse3, ssse3, sse4.1, sse4.2, popcnt, lzcnt, tsc, tscinvbit, avx, avx2, aes, erms, clmul, bmi1, bmi2, rtm, adx, fma, vzeroupper, clflush, clflushopt

Memory: 4k page, system-wide physical 8083M (640M free)
TotalPageFile size 21906M (AvailPageFile size 0M)
current process WorkingSet (physical memory assigned to process): 274M, peak: 274M
current process commit charge ("private bytes"): 309M, peak: 317M

vm_info: Java HotSpot(TM) 64-Bit Server VM (16.0.1+9-24) for windows-amd64 JRE (16.0.1+9-24), built on Mar 26 2021 19:31:42 by "mach5one" with MS VC++ 16.7 (VS2019)

END.
