#
# There is insufficient memory for the Java Runtime Environment to continue.
# Native memory allocation (malloc) failed to allocate 2162416 bytes for Chunk::new
# Possible reasons:
#   The system is out of physical RAM or swap space
#   The process is running with CompressedOops enabled, and the Java Heap may be blocking the growth of the native heap
# Possible solutions:
#   Reduce memory load on the system
#   Increase physical memory or swap space
#   Check if swap backing store is full
#   Decrease Java heap size (-Xmx/-Xms)
#   Decrease number of Java threads
#   Decrease Java thread stack sizes (-Xss)
#   Set larger code cache with -XX:ReservedCodeCacheSize=
#   JVM is running with Unscaled Compressed Oops mode in which the Java heap is
#     placed in the first 4GB address space. The Java Heap base address is the
#     maximum limit for the native heap growth. Please use -XX:HeapBaseMinAddress
#     to set the Java Heap base and to place the Java Heap above 4GB virtual address.
# This output file may be truncated or incomplete.
#
#  Out of Memory Error (arena.cpp:195), pid=13956, tid=16372
#
# JRE version: Java(TM) SE Runtime Environment (16.0.1+9) (build 16.0.1+9-24)
# Java VM: Java HotSpot(TM) 64-Bit Server VM (16.0.1+9-24, mixed mode, sharing, tiered, compressed oops, compressed class ptrs, g1 gc, windows-amd64)
# No core dump will be written. Minidumps are not enabled by default on client versions of Windows
#

---------------  S U M M A R Y ------------

Command Line: -ea -javaagent:C:\Users\DELL\.m2\repository/org/aspectj/aspectjweaver/1.9.9.1/aspectjweaver-1.9.9.1.jar -Didea.test.cyclic.buffer.size=1048576 -javaagent:C:\Program Files\JetBrains\IntelliJ IDEA 2022.2\lib\idea_rt.jar=58872:C:\Program Files\JetBrains\IntelliJ IDEA 2022.2\bin -Dfile.encoding=UTF-8 com.intellij.rt.testng.RemoteTestNGStarter -usedefaultlisteners false -socket58871 @w@C:\Users\DELL\AppData\Local\Temp\idea_working_dirs_testng.tmp -temp C:\Users\DELL\AppData\Local\Temp\idea_testng.tmp

Host: Intel(R) Core(TM) i7-6600U CPU @ 2.60GHz, 4 cores, 7G,  Windows 10 , 64 bit Build 19041 (10.0.19041.1889)
Time: Wed Aug 17 14:42:18 2022 SE Asia Standard Time elapsed time: 8.438968 seconds (0d 0h 0m 8s)

---------------  T H R E A D  ---------------

Current thread (0x00000225ca5a6c60):  JavaThread "C2 CompilerThread1" daemon [_thread_in_native, id=16372, stack(0x000000944fc00000,0x000000944fd00000)]


Current CompileTask:
C2:   8439 3464 %     4       org.aspectj.apache.bcel.generic.MethodGen::<init> @ 70 (998 bytes)

Stack: [0x000000944fc00000,0x000000944fd00000]
Native frames: (J=compiled Java code, j=interpreted, Vv=VM code, C=native code)
V  [jvm.dll+0x6687ca]
V  [jvm.dll+0x7ca3c9]
V  [jvm.dll+0x7cbb53]
V  [jvm.dll+0x7cc1b3]
V  [jvm.dll+0x242ea5]
V  [jvm.dll+0xadeca]
V  [jvm.dll+0xae5ac]
V  [jvm.dll+0x35aed2]
V  [jvm.dll+0x1b9f31]
V  [jvm.dll+0x216066]
V  [jvm.dll+0x215350]
V  [jvm.dll+0x1a1d9b]
V  [jvm.dll+0x2253a8]
V  [jvm.dll+0x2233ec]
V  [jvm.dll+0x780002]
V  [jvm.dll+0x779b4a]
V  [jvm.dll+0x667666]
C  [ucrtbase.dll+0x21bb2]
C  [KERNEL32.DLL+0x17034]
C  [ntdll.dll+0x52651]


---------------  P R O C E S S  ---------------

Threads class SMR info:
_java_thread_list=0x00000225cc0d4a80, length=24, elements={
0x00000225abc91200, 0x00000225c93c1160, 0x00000225c93c1c70, 0x00000225c93ce630,
0x00000225c93cef40, 0x00000225c93cf850, 0x00000225c93d0160, 0x00000225c93d2db0,
0x00000225c9439630, 0x00000225c94470b0, 0x00000225ca0596c0, 0x00000225caddf2a0,
0x00000225caddf7f0, 0x00000225cade0d30, 0x00000225cade27c0, 0x00000225cade1280,
0x00000225cade17d0, 0x00000225cade1d20, 0x00000225ccc89470, 0x00000225ccc8a460,
0x00000225ccc899c0, 0x00000225ccc89f10, 0x00000225ca5a6c60, 0x00000225ccc8c990
}

Java Threads: ( => current thread )
  0x00000225abc91200 JavaThread "Forwarding newSession on session null to remote" [_thread_blocked, id=7144, stack(0x000000944db00000,0x000000944dc00000)]
  0x00000225c93c1160 JavaThread "Reference Handler" daemon [_thread_blocked, id=6796, stack(0x000000944e200000,0x000000944e300000)]
  0x00000225c93c1c70 JavaThread "Finalizer" daemon [_thread_blocked, id=13704, stack(0x000000944e300000,0x000000944e400000)]
  0x00000225c93ce630 JavaThread "Signal Dispatcher" daemon [_thread_blocked, id=12324, stack(0x000000944e400000,0x000000944e500000)]
  0x00000225c93cef40 JavaThread "Attach Listener" daemon [_thread_blocked, id=9424, stack(0x000000944e500000,0x000000944e600000)]
  0x00000225c93cf850 JavaThread "Service Thread" daemon [_thread_blocked, id=16068, stack(0x000000944e600000,0x000000944e700000)]
  0x00000225c93d0160 JavaThread "Monitor Deflation Thread" daemon [_thread_blocked, id=14616, stack(0x000000944e700000,0x000000944e800000)]
  0x00000225c93d2db0 JavaThread "C2 CompilerThread0" daemon [_thread_blocked, id=16724, stack(0x000000944e800000,0x000000944e900000)]
  0x00000225c9439630 JavaThread "C1 CompilerThread0" daemon [_thread_blocked, id=3196, stack(0x000000944e900000,0x000000944ea00000)]
  0x00000225c94470b0 JavaThread "Sweeper thread" daemon [_thread_blocked, id=7512, stack(0x000000944ea00000,0x000000944eb00000)]
  0x00000225ca0596c0 JavaThread "Common-Cleaner" daemon [_thread_blocked, id=18880, stack(0x000000944eb00000,0x000000944ec00000)]
  0x00000225caddf2a0 JavaThread "Monitor Ctrl-Break" daemon [_thread_in_native, id=17600, stack(0x000000944f000000,0x000000944f100000)]
  0x00000225caddf7f0 JavaThread "Notification Thread" daemon [_thread_blocked, id=13732, stack(0x000000944f100000,0x000000944f200000)]
  0x00000225cade0d30 JavaThread "ForkJoinPool.commonPool-worker-3" daemon [_thread_blocked, id=17200, stack(0x000000944f300000,0x000000944f400000)]
  0x00000225cade27c0 JavaThread "AsyncHttpClient-1-1" daemon [_thread_blocked, id=8132, stack(0x000000944f400000,0x000000944f500000)]
  0x00000225cade1280 JavaThread "Exec Default Executor" daemon [_thread_in_native, id=9156, stack(0x000000944f500000,0x000000944f600000)]
  0x00000225cade17d0 JavaThread "Driver Service Executor" daemon [_thread_blocked, id=15548, stack(0x000000944f600000,0x000000944f700000)]
  0x00000225cade1d20 JavaThread "Driver Service Executor" daemon [_thread_blocked, id=20312, stack(0x000000944f700000,0x000000944f800000)]
  0x00000225ccc89470 JavaThread "UrlChecker-2" daemon [_thread_blocked, id=10268, stack(0x000000944f800000,0x000000944f900000)]
  0x00000225ccc8a460 JavaThread "Exec Stream Pumper" daemon [_thread_in_native, id=10516, stack(0x000000944f900000,0x000000944fa00000)]
  0x00000225ccc899c0 JavaThread "Exec Stream Pumper" daemon [_thread_in_native, id=3604, stack(0x000000944fa00000,0x000000944fb00000)]
  0x00000225ccc89f10 JavaThread "Keep-Alive-Timer" daemon [_thread_blocked, id=10360, stack(0x000000944ec00000,0x000000944ed00000)]
=>0x00000225ca5a6c60 JavaThread "C2 CompilerThread1" daemon [_thread_in_native, id=16372, stack(0x000000944fc00000,0x000000944fd00000)]
  0x00000225ccc8c990 JavaThread "AsyncHttpClient-1-2" daemon [_thread_in_native, id=20296, stack(0x000000944fd00000,0x000000944fe00000)]

Other Threads:
  0x00000225c93bc750 VMThread "VM Thread" [stack: 0x000000944e100000,0x000000944e200000] [id=21148]
  0x00000225ca848170 WatcherThread [stack: 0x000000944f200000,0x000000944f300000] [id=10332]
  0x00000225abccfca0 GCTaskThread "GC Thread#0" [stack: 0x000000944dc00000,0x000000944dd00000] [id=13780]
  0x00000225ca849510 GCTaskThread "GC Thread#1" [stack: 0x000000944ed00000,0x000000944ee00000] [id=15852]
  0x00000225ca849820 GCTaskThread "GC Thread#2" [stack: 0x000000944ee00000,0x000000944ef00000] [id=19704]
  0x00000225ca96b360 GCTaskThread "GC Thread#3" [stack: 0x000000944ef00000,0x000000944f000000] [id=7564]
  0x00000225a9cadf10 ConcurrentGCThread "G1 Main Marker" [stack: 0x000000944dd00000,0x000000944de00000] [id=2496]
  0x00000225a9cae910 ConcurrentGCThread "G1 Conc#0" [stack: 0x000000944de00000,0x000000944df00000] [id=8624]
  0x00000225abd57b10 ConcurrentGCThread "G1 Refine#0" [stack: 0x000000944df00000,0x000000944e000000] [id=16268]
  0x00000225abd584a0 ConcurrentGCThread "G1 Service" [stack: 0x000000944e000000,0x000000944e100000] [id=14116]

Threads with active compile tasks:
C2 CompilerThread1     8498 3464 %     4       org.aspectj.apache.bcel.generic.MethodGen::<init> @ 70 (998 bytes)

VM state: not at safepoint (normal execution)

VM Mutex/Monitor currently owned by a thread: None

Heap address: 0x0000000081a00000, size: 2022 MB, Compressed Oops mode: 32-bit

CDS archive(s) mapped at: [0x0000000800000000-0x0000000800bb0000-0x0000000800bb0000), size 12255232, SharedBaseAddress: 0x0000000800000000, ArchiveRelocationMode: 0.
Compressed class space mapped at: 0x0000000800c00000-0x0000000840c00000, reserved size: 1073741824
Narrow klass base: 0x0000000800000000, Narrow klass shift: 3, Narrow klass range: 0x100000000

GC Precious Log:
 CPUs: 4 total, 4 available
 Memory: 8083M
 Large Page Support: Disabled
 NUMA Support: Disabled
 Compressed Oops: Enabled (32-bit)
 Heap Region Size: 1M
 Heap Min Capacity: 8M
 Heap Initial Capacity: 128M
 Heap Max Capacity: 2022M
 Pre-touch: Disabled
 Parallel Workers: 4
 Concurrent Workers: 1
 Concurrent Refinement Workers: 4
 Periodic GC: Disabled

Heap:
 garbage-first heap   total 132096K, used 72847K [0x0000000081a00000, 0x0000000100000000)
  region size 1024K, 28 young (28672K), 6 survivors (6144K)
 Metaspace       used 31550K, committed 31872K, reserved 1081344K
  class space    used 3469K, committed 3648K, reserved 1048576K

Heap Regions: E=young(eden), S=young(survivor), O=old, HS=humongous(starts), HC=humongous(continues), CS=collection set, F=free, OA=open archive, CA=closed archive, TAMS=top-at-mark-start (previous, next)
|   0|0x0000000081a00000, 0x0000000081b00000, 0x0000000081b00000|100%| O|  |TAMS 0x0000000081b00000, 0x0000000081a00000| Untracked 
|   1|0x0000000081b00000, 0x0000000081c00000, 0x0000000081c00000|100%| O|  |TAMS 0x0000000081c00000, 0x0000000081b00000| Untracked 
|   2|0x0000000081c00000, 0x0000000081d00000, 0x0000000081d00000|100%| O|  |TAMS 0x0000000081d00000, 0x0000000081c00000| Untracked 
|   3|0x0000000081d00000, 0x0000000081e00000, 0x0000000081e00000|100%| O|  |TAMS 0x0000000081e00000, 0x0000000081d00000| Untracked 
|   4|0x0000000081e00000, 0x0000000081f00000, 0x0000000081f00000|100%| O|  |TAMS 0x0000000081f00000, 0x0000000081e00000| Untracked 
|   5|0x0000000081f00000, 0x0000000082000000, 0x0000000082000000|100%| O|  |TAMS 0x0000000082000000, 0x0000000081f00000| Untracked 
|   6|0x0000000082000000, 0x0000000082100000, 0x0000000082100000|100%| O|  |TAMS 0x0000000082100000, 0x0000000082000000| Untracked 
|   7|0x0000000082100000, 0x0000000082200000, 0x0000000082200000|100%| O|  |TAMS 0x0000000082200000, 0x0000000082100000| Untracked 
|   8|0x0000000082200000, 0x0000000082300000, 0x0000000082300000|100%| O|  |TAMS 0x0000000082300000, 0x0000000082200000| Untracked 
|   9|0x0000000082300000, 0x0000000082400000, 0x0000000082400000|100%| O|  |TAMS 0x0000000082400000, 0x0000000082300000| Untracked 
|  10|0x0000000082400000, 0x0000000082500000, 0x0000000082500000|100%| O|  |TAMS 0x0000000082500000, 0x0000000082400000| Untracked 
|  11|0x0000000082500000, 0x0000000082600000, 0x0000000082600000|100%| O|  |TAMS 0x0000000082600000, 0x0000000082500000| Untracked 
|  12|0x0000000082600000, 0x0000000082700000, 0x0000000082700000|100%| O|  |TAMS 0x0000000082700000, 0x0000000082600000| Untracked 
|  13|0x0000000082700000, 0x0000000082800000, 0x0000000082800000|100%| O|  |TAMS 0x0000000082800000, 0x0000000082700000| Untracked 
|  14|0x0000000082800000, 0x0000000082900000, 0x0000000082900000|100%| O|  |TAMS 0x0000000082900000, 0x0000000082800000| Untracked 
|  15|0x0000000082900000, 0x0000000082a00000, 0x0000000082a00000|100%| O|  |TAMS 0x0000000082a00000, 0x0000000082900000| Untracked 
|  16|0x0000000082a00000, 0x0000000082b00000, 0x0000000082b00000|100%| O|  |TAMS 0x0000000082b00000, 0x0000000082a00000| Untracked 
|  17|0x0000000082b00000, 0x0000000082c00000, 0x0000000082c00000|100%| O|  |TAMS 0x0000000082c00000, 0x0000000082b00000| Untracked 
|  18|0x0000000082c00000, 0x0000000082d00000, 0x0000000082d00000|100%| O|  |TAMS 0x0000000082c00000, 0x0000000082c00000| Untracked 
|  19|0x0000000082d00000, 0x0000000082e00000, 0x0000000082e00000|100%| O|  |TAMS 0x0000000082d00000, 0x0000000082d00000| Untracked 
|  20|0x0000000082e00000, 0x0000000082f00000, 0x0000000082f00000|100%| O|  |TAMS 0x0000000082e00000, 0x0000000082e00000| Untracked 
|  21|0x0000000082f00000, 0x0000000083000000, 0x0000000083000000|100%| O|  |TAMS 0x0000000082f00000, 0x0000000082f00000| Untracked 
|  22|0x0000000083000000, 0x0000000083100000, 0x0000000083100000|100%| O|  |TAMS 0x0000000083000000, 0x0000000083000000| Untracked 
|  23|0x0000000083100000, 0x0000000083200000, 0x0000000083200000|100%| O|  |TAMS 0x0000000083100000, 0x0000000083100000| Untracked 
|  24|0x0000000083200000, 0x0000000083300000, 0x0000000083300000|100%| O|  |TAMS 0x0000000083200000, 0x0000000083200000| Untracked 
|  25|0x0000000083300000, 0x0000000083400000, 0x0000000083400000|100%| O|  |TAMS 0x0000000083300000, 0x0000000083300000| Untracked 
|  26|0x0000000083400000, 0x0000000083500000, 0x0000000083500000|100%| O|  |TAMS 0x0000000083400000, 0x0000000083400000| Untracked 
|  27|0x0000000083500000, 0x0000000083600000, 0x0000000083600000|100%| O|  |TAMS 0x0000000083500000, 0x0000000083500000| Untracked 
|  28|0x0000000083600000, 0x0000000083700000, 0x0000000083700000|100%| O|  |TAMS 0x0000000083600000, 0x0000000083600000| Untracked 
|  29|0x0000000083700000, 0x0000000083800000, 0x0000000083800000|100%| O|  |TAMS 0x0000000083700000, 0x0000000083700000| Untracked 
|  30|0x0000000083800000, 0x0000000083900000, 0x0000000083900000|100%| O|  |TAMS 0x0000000083800000, 0x0000000083800000| Untracked 
|  31|0x0000000083900000, 0x0000000083a00000, 0x0000000083a00000|100%| O|  |TAMS 0x0000000083900000, 0x0000000083900000| Untracked 
|  32|0x0000000083a00000, 0x0000000083b00000, 0x0000000083b00000|100%| O|  |TAMS 0x0000000083a00000, 0x0000000083a00000| Untracked 
|  33|0x0000000083b00000, 0x0000000083c00000, 0x0000000083c00000|100%| O|  |TAMS 0x0000000083b00000, 0x0000000083b00000| Untracked 
|  34|0x0000000083c00000, 0x0000000083d00000, 0x0000000083d00000|100%| O|  |TAMS 0x0000000083c00000, 0x0000000083c00000| Untracked 
|  35|0x0000000083d00000, 0x0000000083e00000, 0x0000000083e00000|100%| O|  |TAMS 0x0000000083d00000, 0x0000000083d00000| Untracked 
|  36|0x0000000083e00000, 0x0000000083f00000, 0x0000000083f00000|100%| O|  |TAMS 0x0000000083e00000, 0x0000000083e00000| Untracked 
|  37|0x0000000083f00000, 0x0000000084000000, 0x0000000084000000|100%| O|  |TAMS 0x0000000083f00000, 0x0000000083f00000| Untracked 
|  38|0x0000000084000000, 0x0000000084100000, 0x0000000084100000|100%| O|  |TAMS 0x0000000084000000, 0x0000000084000000| Untracked 
|  39|0x0000000084100000, 0x00000000841c9400, 0x0000000084200000| 78%| O|  |TAMS 0x0000000084100000, 0x0000000084100000| Untracked 
|  40|0x0000000084200000, 0x0000000084300000, 0x0000000084300000|100%|HS|  |TAMS 0x0000000084200000, 0x0000000084200000| Complete 
|  41|0x0000000084300000, 0x0000000084400000, 0x0000000084400000|100%|HC|  |TAMS 0x0000000084300000, 0x0000000084300000| Complete 
|  42|0x0000000084400000, 0x0000000084500000, 0x0000000084500000|100%|HC|  |TAMS 0x0000000084400000, 0x0000000084400000| Complete 
|  43|0x0000000084500000, 0x0000000084600000, 0x0000000084600000|100%|HC|  |TAMS 0x0000000084500000, 0x0000000084500000| Complete 
|  44|0x0000000084600000, 0x0000000084700000, 0x0000000084700000|100%|HC|  |TAMS 0x0000000084600000, 0x0000000084600000| Complete 
|  45|0x0000000084700000, 0x0000000084700000, 0x0000000084800000|  0%| F|  |TAMS 0x0000000084700000, 0x0000000084700000| Untracked 
|  46|0x0000000084800000, 0x0000000084800000, 0x0000000084900000|  0%| F|  |TAMS 0x0000000084800000, 0x0000000084800000| Untracked 
|  47|0x0000000084900000, 0x0000000084900000, 0x0000000084a00000|  0%| F|  |TAMS 0x0000000084900000, 0x0000000084900000| Untracked 
|  48|0x0000000084a00000, 0x0000000084a00000, 0x0000000084b00000|  0%| F|  |TAMS 0x0000000084a00000, 0x0000000084a00000| Untracked 
|  49|0x0000000084b00000, 0x0000000084b00000, 0x0000000084c00000|  0%| F|  |TAMS 0x0000000084b00000, 0x0000000084b00000| Untracked 
|  50|0x0000000084c00000, 0x0000000084c00000, 0x0000000084d00000|  0%| F|  |TAMS 0x0000000084c00000, 0x0000000084c00000| Untracked 
|  51|0x0000000084d00000, 0x0000000084d00000, 0x0000000084e00000|  0%| F|  |TAMS 0x0000000084d00000, 0x0000000084d00000| Untracked 
|  52|0x0000000084e00000, 0x0000000084e00000, 0x0000000084f00000|  0%| F|  |TAMS 0x0000000084e00000, 0x0000000084e00000| Untracked 
|  53|0x0000000084f00000, 0x0000000084f00000, 0x0000000085000000|  0%| F|  |TAMS 0x0000000084f00000, 0x0000000084f00000| Untracked 
|  54|0x0000000085000000, 0x0000000085000000, 0x0000000085100000|  0%| F|  |TAMS 0x0000000085000000, 0x0000000085000000| Untracked 
|  55|0x0000000085100000, 0x0000000085100000, 0x0000000085200000|  0%| F|  |TAMS 0x0000000085100000, 0x0000000085100000| Untracked 
|  56|0x0000000085200000, 0x0000000085200000, 0x0000000085300000|  0%| F|  |TAMS 0x0000000085200000, 0x0000000085200000| Untracked 
|  57|0x0000000085300000, 0x0000000085300000, 0x0000000085400000|  0%| F|  |TAMS 0x0000000085300000, 0x0000000085300000| Untracked 
|  58|0x0000000085400000, 0x0000000085400000, 0x0000000085500000|  0%| F|  |TAMS 0x0000000085400000, 0x0000000085400000| Untracked 
|  59|0x0000000085500000, 0x0000000085500000, 0x0000000085600000|  0%| F|  |TAMS 0x0000000085500000, 0x0000000085500000| Untracked 
|  60|0x0000000085600000, 0x0000000085600000, 0x0000000085700000|  0%| F|  |TAMS 0x0000000085600000, 0x0000000085600000| Untracked 
|  61|0x0000000085700000, 0x0000000085700000, 0x0000000085800000|  0%| F|  |TAMS 0x0000000085700000, 0x0000000085700000| Untracked 
|  62|0x0000000085800000, 0x0000000085800000, 0x0000000085900000|  0%| F|  |TAMS 0x0000000085800000, 0x0000000085800000| Untracked 
|  63|0x0000000085900000, 0x0000000085900000, 0x0000000085a00000|  0%| F|  |TAMS 0x0000000085900000, 0x0000000085900000| Untracked 
|  64|0x0000000085a00000, 0x0000000085a00000, 0x0000000085b00000|  0%| F|  |TAMS 0x0000000085a00000, 0x0000000085a00000| Untracked 
|  65|0x0000000085b00000, 0x0000000085b00000, 0x0000000085c00000|  0%| F|  |TAMS 0x0000000085b00000, 0x0000000085b00000| Untracked 
|  66|0x0000000085c00000, 0x0000000085c00000, 0x0000000085d00000|  0%| F|  |TAMS 0x0000000085c00000, 0x0000000085c00000| Untracked 
|  67|0x0000000085d00000, 0x0000000085d00000, 0x0000000085e00000|  0%| F|  |TAMS 0x0000000085d00000, 0x0000000085d00000| Untracked 
|  68|0x0000000085e00000, 0x0000000085e00000, 0x0000000085f00000|  0%| F|  |TAMS 0x0000000085e00000, 0x0000000085e00000| Untracked 
|  69|0x0000000085f00000, 0x0000000085f00000, 0x0000000086000000|  0%| F|  |TAMS 0x0000000085f00000, 0x0000000085f00000| Untracked 
|  70|0x0000000086000000, 0x000000008605a9f0, 0x0000000086100000| 35%| S|CS|TAMS 0x0000000086000000, 0x0000000086000000| Complete 
|  71|0x0000000086100000, 0x0000000086200000, 0x0000000086200000|100%| S|CS|TAMS 0x0000000086100000, 0x0000000086100000| Complete 
|  72|0x0000000086200000, 0x0000000086300000, 0x0000000086300000|100%| S|CS|TAMS 0x0000000086200000, 0x0000000086200000| Complete 
|  73|0x0000000086300000, 0x0000000086400000, 0x0000000086400000|100%| S|CS|TAMS 0x0000000086300000, 0x0000000086300000| Complete 
|  74|0x0000000086400000, 0x0000000086500000, 0x0000000086500000|100%| S|CS|TAMS 0x0000000086400000, 0x0000000086400000| Complete 
|  75|0x0000000086500000, 0x0000000086600000, 0x0000000086600000|100%| S|CS|TAMS 0x0000000086500000, 0x0000000086500000| Complete 
|  76|0x0000000086600000, 0x0000000086600000, 0x0000000086700000|  0%| F|  |TAMS 0x0000000086600000, 0x0000000086600000| Untracked 
|  77|0x0000000086700000, 0x0000000086700000, 0x0000000086800000|  0%| F|  |TAMS 0x0000000086700000, 0x0000000086700000| Untracked 
|  78|0x0000000086800000, 0x0000000086800000, 0x0000000086900000|  0%| F|  |TAMS 0x0000000086800000, 0x0000000086800000| Untracked 
|  79|0x0000000086900000, 0x0000000086900000, 0x0000000086a00000|  0%| F|  |TAMS 0x0000000086900000, 0x0000000086900000| Untracked 
|  80|0x0000000086a00000, 0x0000000086a00000, 0x0000000086b00000|  0%| F|  |TAMS 0x0000000086a00000, 0x0000000086a00000| Untracked 
|  81|0x0000000086b00000, 0x0000000086b00000, 0x0000000086c00000|  0%| F|  |TAMS 0x0000000086b00000, 0x0000000086b00000| Untracked 
|  82|0x0000000086c00000, 0x0000000086c00000, 0x0000000086d00000|  0%| F|  |TAMS 0x0000000086c00000, 0x0000000086c00000| Untracked 
|  83|0x0000000086d00000, 0x0000000086d00000, 0x0000000086e00000|  0%| F|  |TAMS 0x0000000086d00000, 0x0000000086d00000| Untracked 
|  84|0x0000000086e00000, 0x0000000086e00000, 0x0000000086f00000|  0%| F|  |TAMS 0x0000000086e00000, 0x0000000086e00000| Untracked 
|  85|0x0000000086f00000, 0x0000000086f00000, 0x0000000087000000|  0%| F|  |TAMS 0x0000000086f00000, 0x0000000086f00000| Untracked 
|  86|0x0000000087000000, 0x0000000087000000, 0x0000000087100000|  0%| F|  |TAMS 0x0000000087000000, 0x0000000087000000| Untracked 
|  87|0x0000000087100000, 0x0000000087100000, 0x0000000087200000|  0%| F|  |TAMS 0x0000000087100000, 0x0000000087100000| Untracked 
|  88|0x0000000087200000, 0x0000000087200000, 0x0000000087300000|  0%| F|  |TAMS 0x0000000087200000, 0x0000000087200000| Untracked 
|  89|0x0000000087300000, 0x0000000087300000, 0x0000000087400000|  0%| F|  |TAMS 0x0000000087300000, 0x0000000087300000| Untracked 
|  90|0x0000000087400000, 0x0000000087400000, 0x0000000087500000|  0%| F|  |TAMS 0x0000000087400000, 0x0000000087400000| Untracked 
|  91|0x0000000087500000, 0x0000000087500000, 0x0000000087600000|  0%| F|  |TAMS 0x0000000087500000, 0x0000000087500000| Untracked 
|  92|0x0000000087600000, 0x0000000087600000, 0x0000000087700000|  0%| F|  |TAMS 0x0000000087600000, 0x0000000087600000| Untracked 
|  93|0x0000000087700000, 0x0000000087700000, 0x0000000087800000|  0%| F|  |TAMS 0x0000000087700000, 0x0000000087700000| Untracked 
|  94|0x0000000087800000, 0x0000000087800000, 0x0000000087900000|  0%| F|  |TAMS 0x0000000087800000, 0x0000000087800000| Untracked 
|  95|0x0000000087900000, 0x0000000087900000, 0x0000000087a00000|  0%| F|  |TAMS 0x0000000087900000, 0x0000000087900000| Untracked 
|  96|0x0000000087a00000, 0x0000000087a00000, 0x0000000087b00000|  0%| F|  |TAMS 0x0000000087a00000, 0x0000000087a00000| Untracked 
|  97|0x0000000087b00000, 0x0000000087b00000, 0x0000000087c00000|  0%| F|  |TAMS 0x0000000087b00000, 0x0000000087b00000| Untracked 
|  98|0x0000000087c00000, 0x0000000087c00000, 0x0000000087d00000|  0%| F|  |TAMS 0x0000000087c00000, 0x0000000087c00000| Untracked 
|  99|0x0000000087d00000, 0x0000000087d00000, 0x0000000087e00000|  0%| F|  |TAMS 0x0000000087d00000, 0x0000000087d00000| Untracked 
| 100|0x0000000087e00000, 0x0000000087e00000, 0x0000000087f00000|  0%| F|  |TAMS 0x0000000087e00000, 0x0000000087e00000| Untracked 
| 101|0x0000000087f00000, 0x0000000087f00000, 0x0000000088000000|  0%| F|  |TAMS 0x0000000087f00000, 0x0000000087f00000| Untracked 
| 102|0x0000000088000000, 0x0000000088000000, 0x0000000088100000|  0%| F|  |TAMS 0x0000000088000000, 0x0000000088000000| Untracked 
| 103|0x0000000088100000, 0x0000000088100000, 0x0000000088200000|  0%| F|  |TAMS 0x0000000088100000, 0x0000000088100000| Untracked 
| 104|0x0000000088200000, 0x0000000088200000, 0x0000000088300000|  0%| F|  |TAMS 0x0000000088200000, 0x0000000088200000| Untracked 
| 105|0x0000000088300000, 0x0000000088300000, 0x0000000088400000|  0%| F|  |TAMS 0x0000000088300000, 0x0000000088300000| Untracked 
| 106|0x0000000088400000, 0x0000000088400000, 0x0000000088500000|  0%| F|  |TAMS 0x0000000088400000, 0x0000000088400000| Untracked 
| 107|0x0000000088500000, 0x0000000088585b60, 0x0000000088600000| 52%| E|  |TAMS 0x0000000088500000, 0x0000000088500000| Complete 
| 108|0x0000000088600000, 0x0000000088700000, 0x0000000088700000|100%| E|CS|TAMS 0x0000000088600000, 0x0000000088600000| Complete 
| 109|0x0000000088700000, 0x0000000088800000, 0x0000000088800000|100%| E|CS|TAMS 0x0000000088700000, 0x0000000088700000| Complete 
| 110|0x0000000088800000, 0x0000000088900000, 0x0000000088900000|100%| E|CS|TAMS 0x0000000088800000, 0x0000000088800000| Complete 
| 111|0x0000000088900000, 0x0000000088a00000, 0x0000000088a00000|100%| E|CS|TAMS 0x0000000088900000, 0x0000000088900000| Complete 
| 112|0x0000000088a00000, 0x0000000088b00000, 0x0000000088b00000|100%| E|CS|TAMS 0x0000000088a00000, 0x0000000088a00000| Complete 
| 113|0x0000000088b00000, 0x0000000088c00000, 0x0000000088c00000|100%| E|CS|TAMS 0x0000000088b00000, 0x0000000088b00000| Complete 
| 114|0x0000000088c00000, 0x0000000088d00000, 0x0000000088d00000|100%| E|CS|TAMS 0x0000000088c00000, 0x0000000088c00000| Complete 
| 115|0x0000000088d00000, 0x0000000088e00000, 0x0000000088e00000|100%| E|CS|TAMS 0x0000000088d00000, 0x0000000088d00000| Complete 
| 116|0x0000000088e00000, 0x0000000088f00000, 0x0000000088f00000|100%| E|CS|TAMS 0x0000000088e00000, 0x0000000088e00000| Complete 
| 117|0x0000000088f00000, 0x0000000089000000, 0x0000000089000000|100%| E|CS|TAMS 0x0000000088f00000, 0x0000000088f00000| Complete 
| 118|0x0000000089000000, 0x0000000089100000, 0x0000000089100000|100%| E|CS|TAMS 0x0000000089000000, 0x0000000089000000| Complete 
| 119|0x0000000089100000, 0x0000000089200000, 0x0000000089200000|100%| E|CS|TAMS 0x0000000089100000, 0x0000000089100000| Complete 
| 120|0x0000000089200000, 0x0000000089300000, 0x0000000089300000|100%| E|CS|TAMS 0x0000000089200000, 0x0000000089200000| Complete 
| 121|0x0000000089300000, 0x0000000089400000, 0x0000000089400000|100%| E|CS|TAMS 0x0000000089300000, 0x0000000089300000| Complete 
| 122|0x0000000089400000, 0x0000000089500000, 0x0000000089500000|100%| E|CS|TAMS 0x0000000089400000, 0x0000000089400000| Complete 
| 123|0x0000000089500000, 0x0000000089600000, 0x0000000089600000|100%| E|CS|TAMS 0x0000000089500000, 0x0000000089500000| Complete 
| 124|0x0000000089600000, 0x0000000089700000, 0x0000000089700000|100%| E|CS|TAMS 0x0000000089600000, 0x0000000089600000| Complete 
| 125|0x0000000089700000, 0x0000000089800000, 0x0000000089800000|100%| E|CS|TAMS 0x0000000089700000, 0x0000000089700000| Complete 
| 126|0x0000000089800000, 0x0000000089900000, 0x0000000089900000|100%| E|CS|TAMS 0x0000000089800000, 0x0000000089800000| Complete 
| 127|0x0000000089900000, 0x0000000089a00000, 0x0000000089a00000|100%| E|CS|TAMS 0x0000000089900000, 0x0000000089900000| Complete 
| 128|0x0000000089a00000, 0x0000000089b00000, 0x0000000089b00000|100%| E|CS|TAMS 0x0000000089a00000, 0x0000000089a00000| Complete 

Card table byte_map: [0x00000225c2800000,0x00000225c2c00000] _byte_map_base: 0x00000225c23f3000

Marking Bits (Prev, Next): (CMBitMap*) 0x00000225abcd12f0, (CMBitMap*) 0x00000225abcd12b0
 Prev Bits: [0x00000225c4fa0000, 0x00000225c6f38000)
 Next Bits: [0x00000225c3000000, 0x00000225c4f98000)

Polling page: 0x00000225a9b60000

Metaspace:

Usage:
  Non-class:     27.42 MB used.
      Class:      3.39 MB used.
       Both:     30.81 MB used.

Virtual space:
  Non-class space:       32.00 MB reserved,      27.56 MB ( 86%) committed,  4 nodes.
      Class space:        1.00 GB reserved,       3.56 MB ( <1%) committed,  1 nodes.
              Both:        1.03 GB reserved,      31.12 MB (  3%) committed. 

Chunk freelists:
   Non-Class:  3.70 MB
       Class:  480.00 KB
        Both:  4.17 MB

MaxMetaspaceSize: 17179869184.00 GB
CompressedClassSpaceSize: 1.00 GB
 - commit_granule_bytes: 65536.
 - commit_granule_words: 8192.
 - virtual_space_node_default_size: 1048576.
 - enlarge_chunks_in_place: 1.
 - new_chunks_are_fully_committed: 0.
 - uncommit_free_chunks: 1.
 - use_allocation_guard: 0.
 - handle_deallocations: 1.


Internal statistics:

num_allocs_failed_limit: 3.
num_arena_births: 316.
num_arena_deaths: 2.
num_vsnodes_births: 5.
num_vsnodes_deaths: 0.
num_space_committed: 498.
num_space_uncommitted: 0.
num_chunks_returned_to_freelist: 5.
num_chunks_taken_from_freelist: 1125.
num_chunk_merges: 3.
num_chunk_splits: 836.
num_chunks_enlarged: 668.
num_purges: 2.

CodeHeap 'non-profiled nmethods': size=120000Kb used=2677Kb max_used=2677Kb free=117322Kb
 bounds [0x00000225baed0000, 0x00000225bb170000, 0x00000225c2400000]
CodeHeap 'profiled nmethods': size=120000Kb used=7682Kb max_used=7682Kb free=112317Kb
 bounds [0x00000225b39a0000, 0x00000225b4130000, 0x00000225baed0000]
CodeHeap 'non-nmethods': size=5760Kb used=1283Kb max_used=1372Kb free=4477Kb
 bounds [0x00000225b3400000, 0x00000225b3670000, 0x00000225b39a0000]
 total_blobs=4080 nmethods=3490 adapters=502
 compilation: enabled
              stopped_count=0, restarted_count=0
 full_count=0

Compilation events (20 events):
Event: 7.866 Thread 0x00000225c9439630 nmethod 3544 0x00000225bb15aa10 code [0x00000225bb15aba0, 0x00000225bb15ac78]
Event: 7.866 Thread 0x00000225c9439630 3545       1       sun.reflect.generics.tree.SimpleClassTypeSignature::getDollar (5 bytes)
Event: 7.866 Thread 0x00000225c9439630 nmethod 3545 0x00000225bb15ad10 code [0x00000225bb15aea0, 0x00000225bb15af78]
Event: 7.882 Thread 0x00000225c93d2db0 nmethod 3537 0x00000225bb15b010 code [0x00000225bb15b200, 0x00000225bb15bee8]
Event: 7.882 Thread 0x00000225c93d2db0 3534       4       org.aspectj.weaver.patterns.SignaturePattern::matches (113 bytes)
Event: 7.893 Thread 0x00000225c93d2db0 nmethod 3534 0x00000225bb15c390 code [0x00000225bb15c5a0, 0x00000225bb15cbf8]
Event: 7.894 Thread 0x00000225c93d2db0 3498       4       java.io.InputStream::<init> (5 bytes)
Event: 7.894 Thread 0x00000225c93d2db0 nmethod 3498 0x00000225bb15d510 code [0x00000225bb15d6a0, 0x00000225bb15d758]
Event: 7.894 Thread 0x00000225c93d2db0 3420       4       java.util.ArrayList::removeAll (12 bytes)
Event: 7.906 Thread 0x00000225c9439630 3548       2       jdk.internal.loader.BuiltinClassLoader::findResource (48 bytes)
Event: 7.907 Thread 0x00000225c9439630 nmethod 3548 0x00000225b411fc10 code [0x00000225b411fde0, 0x00000225b4120038]
Event: 7.909 Thread 0x00000225c93d2db0 nmethod 3420 0x00000225bb15d810 code [0x00000225bb15d9e0, 0x00000225bb15e190]
Event: 7.909 Thread 0x00000225c93d2db0 3547       4       org.aspectj.weaver.ReferenceType::isAssignableFrom (861 bytes)
Event: 7.910 Thread 0x00000225c9439630 3549       2       java.util.Collections::addAll (43 bytes)
Event: 7.910 Thread 0x00000225c9439630 nmethod 3549 0x00000225b4120190 code [0x00000225b4120340, 0x00000225b4120508]
Event: 8.023 Thread 0x00000225c93d2db0 nmethod 3547 0x00000225bb15e690 code [0x00000225bb15eb20, 0x00000225bb1617b0]
Event: 8.023 Thread 0x00000225c93d2db0 3551       4       org.aspectj.util.GenericSignatureParser::tokenize (822 bytes)
Event: 8.289 Thread 0x00000225c9439630 3552       3       java.lang.Thread::interrupted (23 bytes)
Event: 8.289 Thread 0x00000225c9439630 nmethod 3552 0x00000225b4120610 code [0x00000225b41207c0, 0x00000225b4120948]
Event: 8.345 Thread 0x00000225c93d2db0 nmethod 3551 0x00000225bb163a10 code [0x00000225bb1640e0, 0x00000225bb16b0b8]

GC Heap History (16 events):
Event: 0.747 GC heap before
{Heap before GC invocations=0 (full 0):
 garbage-first heap   total 131072K, used 13312K [0x0000000081a00000, 0x0000000100000000)
  region size 1024K, 13 young (13312K), 0 survivors (0K)
 Metaspace       used 3724K, committed 3840K, reserved 1056768K
  class space    used 339K, committed 384K, reserved 1048576K
}
Event: 0.751 GC heap after
{Heap after GC invocations=1 (full 0):
 garbage-first heap   total 131072K, used 3913K [0x0000000081a00000, 0x0000000100000000)
  region size 1024K, 2 young (2048K), 2 survivors (2048K)
 Metaspace       used 3724K, committed 3840K, reserved 1056768K
  class space    used 339K, committed 384K, reserved 1048576K
}
Event: 1.280 GC heap before
{Heap before GC invocations=1 (full 0):
 garbage-first heap   total 131072K, used 18249K [0x0000000081a00000, 0x0000000100000000)
  region size 1024K, 16 young (16384K), 2 survivors (2048K)
 Metaspace       used 7393K, committed 7552K, reserved 1056768K
  class space    used 665K, committed 768K, reserved 1048576K
}
Event: 1.286 GC heap after
{Heap after GC invocations=2 (full 0):
 garbage-first heap   total 131072K, used 6167K [0x0000000081a00000, 0x0000000100000000)
  region size 1024K, 2 young (2048K), 2 survivors (2048K)
 Metaspace       used 7393K, committed 7552K, reserved 1056768K
  class space    used 665K, committed 768K, reserved 1048576K
}
Event: 2.624 GC heap before
{Heap before GC invocations=2 (full 0):
 garbage-first heap   total 131072K, used 81943K [0x0000000081a00000, 0x0000000100000000)
  region size 1024K, 76 young (77824K), 2 survivors (2048K)
 Metaspace       used 13094K, committed 13184K, reserved 1064960K
  class space    used 1146K, committed 1216K, reserved 1048576K
}
Event: 2.643 GC heap after
{Heap after GC invocations=3 (full 0):
 garbage-first heap   total 131072K, used 18145K [0x0000000081a00000, 0x0000000100000000)
  region size 1024K, 10 young (10240K), 10 survivors (10240K)
 Metaspace       used 13094K, committed 13184K, reserved 1064960K
  class space    used 1146K, committed 1216K, reserved 1048576K
}
Event: 3.390 GC heap before
{Heap before GC invocations=3 (full 0):
 garbage-first heap   total 131072K, used 67297K [0x0000000081a00000, 0x0000000100000000)
  region size 1024K, 58 young (59392K), 10 survivors (10240K)
 Metaspace       used 15912K, committed 16128K, reserved 1064960K
  class space    used 1493K, committed 1600K, reserved 1048576K
}
Event: 3.408 GC heap after
{Heap after GC invocations=4 (full 0):
 garbage-first heap   total 131072K, used 22528K [0x0000000081a00000, 0x0000000100000000)
  region size 1024K, 4 young (4096K), 4 survivors (4096K)
 Metaspace       used 15912K, committed 16128K, reserved 1064960K
  class space    used 1493K, committed 1600K, reserved 1048576K
}
Event: 4.415 GC heap before
{Heap before GC invocations=4 (full 0):
 garbage-first heap   total 131072K, used 77824K [0x0000000081a00000, 0x0000000100000000)
  region size 1024K, 59 young (60416K), 4 survivors (4096K)
 Metaspace       used 20924K, committed 21248K, reserved 1073152K
  class space    used 2053K, committed 2240K, reserved 1048576K
}
Event: 4.429 GC heap after
{Heap after GC invocations=5 (full 0):
 garbage-first heap   total 131072K, used 28672K [0x0000000081a00000, 0x0000000100000000)
  region size 1024K, 8 young (8192K), 8 survivors (8192K)
 Metaspace       used 20924K, committed 21248K, reserved 1073152K
  class space    used 2053K, committed 2240K, reserved 1048576K
}
Event: 5.546 GC heap before
{Heap before GC invocations=6 (full 0):
 garbage-first heap   total 109568K, used 86016K [0x0000000081a00000, 0x0000000100000000)
  region size 1024K, 64 young (65536K), 8 survivors (8192K)
 Metaspace       used 23621K, committed 23936K, reserved 1073152K
  class space    used 2428K, committed 2560K, reserved 1048576K
}
Event: 5.575 GC heap after
{Heap after GC invocations=7 (full 0):
 garbage-first heap   total 109568K, used 35142K [0x0000000081a00000, 0x0000000100000000)
  region size 1024K, 6 young (6144K), 6 survivors (6144K)
 Metaspace       used 23621K, committed 23936K, reserved 1073152K
  class space    used 2428K, committed 2560K, reserved 1048576K
}
Event: 6.226 GC heap before
{Heap before GC invocations=7 (full 0):
 garbage-first heap   total 109568K, used 79174K [0x0000000081a00000, 0x0000000100000000)
  region size 1024K, 49 young (50176K), 6 survivors (6144K)
 Metaspace       used 26978K, committed 27264K, reserved 1081344K
  class space    used 2807K, committed 2944K, reserved 1048576K
}
Event: 6.250 GC heap after
{Heap after GC invocations=8 (full 0):
 garbage-first heap   total 132096K, used 40960K [0x0000000081a00000, 0x0000000100000000)
  region size 1024K, 6 young (6144K), 6 survivors (6144K)
 Metaspace       used 26978K, committed 27264K, reserved 1081344K
  class space    used 2807K, committed 2944K, reserved 1048576K
}
Event: 7.659 GC heap before
{Heap before GC invocations=8 (full 0):
 garbage-first heap   total 132096K, used 95232K [0x0000000081a00000, 0x0000000100000000)
  region size 1024K, 59 young (60416K), 6 survivors (6144K)
 Metaspace       used 30300K, committed 30656K, reserved 1081344K
  class space    used 3288K, committed 3456K, reserved 1048576K
}
Event: 7.675 GC heap after
{Heap after GC invocations=9 (full 0):
 garbage-first heap   total 132096K, used 46223K [0x0000000081a00000, 0x0000000100000000)
  region size 1024K, 6 young (6144K), 6 survivors (6144K)
 Metaspace       used 30300K, committed 30656K, reserved 1081344K
  class space    used 3288K, committed 3456K, reserved 1048576K
}

Deoptimization events (20 events):
Event: 6.592 Thread 0x00000225abc91200 Uncommon trap: trap_request=0xffffff45 fr.pc=0x00000225baf59d90 relative=0x00000000000005d0
Event: 6.592 Thread 0x00000225abc91200 Uncommon trap: reason=unstable_if action=reinterpret pc=0x00000225baf59d90 method=java.lang.String.replace(CC)Ljava/lang/String; @ 2 c2
Event: 6.592 Thread 0x00000225abc91200 DEOPT PACKING pc=0x00000225baf59d90 sp=0x000000944dbfd8d0
Event: 6.592 Thread 0x00000225abc91200 DEOPT UNPACKING pc=0x00000225b344d72e sp=0x000000944dbfd880 mode 2
Event: 6.732 Thread 0x00000225ccc89470 Uncommon trap: trap_request=0xffffffc6 fr.pc=0x00000225bb03091c relative=0x000000000000081c
Event: 6.732 Thread 0x00000225ccc89470 Uncommon trap: reason=bimorphic_or_optimized_type_check action=maybe_recompile pc=0x00000225bb03091c method=java.lang.ThreadLocal.setInitialValue()Ljava/lang/Object; @ 31 c2
Event: 6.732 Thread 0x00000225ccc89470 DEOPT PACKING pc=0x00000225bb03091c sp=0x000000944f8fe210
Event: 6.732 Thread 0x00000225ccc89470 DEOPT UNPACKING pc=0x00000225b344d72e sp=0x000000944f8fe158 mode 2
Event: 7.128 Thread 0x00000225abc91200 DEOPT PACKING pc=0x00000225b3b320cc sp=0x000000944dbf9460
Event: 7.128 Thread 0x00000225abc91200 DEOPT UNPACKING pc=0x00000225b344dece sp=0x000000944dbf89e0 mode 0
Event: 7.490 Thread 0x00000225abc91200 DEOPT PACKING pc=0x00000225b3cb3840 sp=0x000000944dbf9a10
Event: 7.490 Thread 0x00000225abc91200 DEOPT UNPACKING pc=0x00000225b344dece sp=0x000000944dbf9030 mode 0
Event: 7.531 Thread 0x00000225abc91200 DEOPT PACKING pc=0x00000225b3b320cc sp=0x000000944dbf6a90
Event: 7.531 Thread 0x00000225abc91200 DEOPT UNPACKING pc=0x00000225b344dece sp=0x000000944dbf6010 mode 0
Event: 7.759 Thread 0x00000225abc91200 DEOPT PACKING pc=0x00000225b3d94609 sp=0x000000944dbf9160
Event: 7.759 Thread 0x00000225abc91200 DEOPT UNPACKING pc=0x00000225b344dece sp=0x000000944dbf8748 mode 0
Event: 7.763 Thread 0x00000225ccc8c990 DEOPT PACKING pc=0x00000225b3cb3840 sp=0x000000944fdfb230
Event: 7.764 Thread 0x00000225ccc8c990 DEOPT UNPACKING pc=0x00000225b344dece sp=0x000000944fdfa850 mode 0
Event: 7.962 Thread 0x00000225ccc8c990 DEOPT PACKING pc=0x00000225b3d94609 sp=0x000000944fdfaa80
Event: 7.962 Thread 0x00000225ccc8c990 DEOPT UNPACKING pc=0x00000225b344dece sp=0x000000944fdfa068 mode 0

Classes unloaded (1 events):
Event: 4.485 Thread 0x00000225c93bc750 Unloading class 0x0000000800ca0800 'java/lang/invoke/LambdaForm$DMH+0x0000000800ca0800'

Classes redefined (0 events):
No events

Internal exceptions (20 events):
Event: 6.642 Thread 0x00000225cade1280 Exception <a 'java/lang/NoSuchMethodError'{0x00000000889c8748}: 'java.lang.Object java.lang.invoke.DirectMethodHandle$Holder.invokeStatic(java.lang.Object, java.lang.Object, long, java.lang.Object)'> (0x00000000889c8748) 
thrown [t:\workspace\open\src\hotspot\share\interpreter\linkResolver.cpp, line 790]
Event: 6.643 Thread 0x00000225cade1280 Exception <a 'java/lang/NoSuchMethodError'{0x00000000889cc140}: 'java.lang.Object java.lang.invoke.DirectMethodHandle$Holder.invokeStaticInit(java.lang.Object, java.lang.Object, long, java.lang.Object)'> (0x00000000889cc140) 
thrown [t:\workspace\open\src\hotspot\share\interpreter\linkResolver.cpp, line 790]
Event: 6.644 Thread 0x00000225cade1280 Exception <a 'java/lang/NoSuchMethodError'{0x00000000889d24b8}: 'java.lang.Object java.lang.invoke.DirectMethodHandle$Holder.newInvokeSpecial(java.lang.Object, java.lang.Object, long)'> (0x00000000889d24b8) 
thrown [t:\workspace\open\src\hotspot\share\interpreter\linkResolver.cpp, line 790]
Event: 6.733 Thread 0x00000225ccc89470 Exception <a 'java/net/ConnectException'{0x00000000888dfe70}: Connection refused: no further information> (0x00000000888dfe70) 
thrown [t:\workspace\open\src\hotspot\share\prims\jni.cpp, line 600]
Event: 6.733 Thread 0x00000225ccc89470 Exception <a 'java/net/SocketException'{0x00000000888e01a8}: Socket is not connected: shutdown> (0x00000000888e01a8) 
thrown [t:\workspace\open\src\hotspot\share\prims\jni.cpp, line 600]
Event: 6.762 Thread 0x00000225ccc89470 Exception <a 'java/net/ConnectException'{0x00000000888e1c38}: Connection refused: no further information> (0x00000000888e1c38) 
thrown [t:\workspace\open\src\hotspot\share\prims\jni.cpp, line 600]
Event: 6.762 Thread 0x00000225ccc89470 Exception <a 'java/net/SocketException'{0x00000000888e1f70}: Socket is not connected: shutdown> (0x00000000888e1f70) 
thrown [t:\workspace\open\src\hotspot\share\prims\jni.cpp, line 600]
Event: 6.788 Thread 0x00000225ccc89470 Exception <a 'java/net/ConnectException'{0x00000000888e2f08}: Connection refused: no further information> (0x00000000888e2f08) 
thrown [t:\workspace\open\src\hotspot\share\prims\jni.cpp, line 600]
Event: 6.789 Thread 0x00000225ccc89470 Exception <a 'java/net/SocketException'{0x00000000888e3240}: Socket is not connected: shutdown> (0x00000000888e3240) 
thrown [t:\workspace\open\src\hotspot\share\prims\jni.cpp, line 600]
Event: 6.836 Thread 0x00000225ccc89470 Exception <a 'java/net/ConnectException'{0x00000000888e4210}: Connection refused: no further information> (0x00000000888e4210) 
thrown [t:\workspace\open\src\hotspot\share\prims\jni.cpp, line 600]
Event: 6.837 Thread 0x00000225ccc89470 Exception <a 'java/net/SocketException'{0x00000000888e4548}: Socket is not connected: shutdown> (0x00000000888e4548) 
thrown [t:\workspace\open\src\hotspot\share\prims\jni.cpp, line 600]
Event: 6.932 Thread 0x00000225ccc89470 Exception <a 'java/net/ConnectException'{0x00000000888e54e0}: Connection refused: no further information> (0x00000000888e54e0) 
thrown [t:\workspace\open\src\hotspot\share\prims\jni.cpp, line 600]
Event: 6.932 Thread 0x00000225ccc89470 Exception <a 'java/net/SocketException'{0x00000000888e5818}: Socket is not connected: shutdown> (0x00000000888e5818) 
thrown [t:\workspace\open\src\hotspot\share\prims\jni.cpp, line 600]
Event: 7.153 Thread 0x00000225abc91200 Exception <a 'java/lang/NoSuchMethodError'{0x00000000884239e8}: 'double java.lang.invoke.DirectMethodHandle$Holder.invokeVirtual(java.lang.Object, java.lang.Object)'> (0x00000000884239e8) 
thrown [t:\workspace\open\src\hotspot\share\interpreter\linkResolver.cpp, line 790]
Event: 7.154 Thread 0x00000225abc91200 Exception <a 'java/lang/NoSuchMethodError'{0x000000008842a3f8}: 'float java.lang.invoke.DirectMethodHandle$Holder.invokeVirtual(java.lang.Object, java.lang.Object)'> (0x000000008842a3f8) 
thrown [t:\workspace\open\src\hotspot\share\interpreter\linkResolver.cpp, line 790]
Event: 7.158 Thread 0x00000225abc91200 Exception <a 'java/lang/NoSuchMethodError'{0x00000000884336a0}: 'long java.lang.invoke.DirectMethodHandle$Holder.invokeVirtual(java.lang.Object, java.lang.Object)'> (0x00000000884336a0) 
thrown [t:\workspace\open\src\hotspot\share\interpreter\linkResolver.cpp, line 790]
Event: 7.229 Thread 0x00000225abc91200 Exception <a 'java/lang/NoSuchMethodError'{0x000000008808bc40}: 'void java.lang.invoke.DirectMethodHandle$Holder.invokeSpecial(java.lang.Object, java.lang.Object, java.lang.Object, java.lang.Object, java.lang.Object)'> (0x000000008808bc40) 
thrown [t:\workspace\open\src\hotspot\share\interpreter\linkResolver.cpp, line 790]
Event: 7.229 Thread 0x00000225abc91200 Exception <a 'java/lang/NoSuchMethodError'{0x0000000088092e98}: 'void java.lang.invoke.DirectMethodHandle$Holder.invokeStatic(java.lang.Object, java.lang.Object, int)'> (0x0000000088092e98) 
thrown [t:\workspace\open\src\hotspot\share\interpreter\linkResolver.cpp, line 790]
Event: 7.327 Thread 0x00000225abc91200 Exception <a 'java/lang/NoSuchMethodError'{0x0000000087ad2a08}: 'int java.lang.invoke.DirectMethodHandle$Holder.invokeSpecialIFC(java.lang.Object, java.lang.Object, java.lang.Object)'> (0x0000000087ad2a08) 
thrown [t:\workspace\open\src\hotspot\share\interpreter\linkResolver.cpp, line 790]
Event: 7.518 Thread 0x00000225abc91200 Exception <a 'java/lang/NoSuchMethodError'{0x0000000086ba2198}: 'void java.lang.invoke.DirectMethodHandle$Holder.invokeSpecial(java.lang.Object, java.lang.Object, java.lang.Object, java.lang.Object, java.lang.Object, java.lang.Object)'> (0x0000000086ba2198) 
thrown [t:\workspace\open\src\hotspot\share\interpreter\linkResolver.cpp, line 790]

Events (20 events):
Event: 7.759 loading class java/nio/channels/spi/AbstractSelector$1
Event: 7.759 loading class java/nio/channels/spi/AbstractSelector$1 done
Event: 7.759 loading class java/lang/invoke/ConstantBootstraps
Event: 7.759 loading class java/lang/invoke/ConstantBootstraps done
Event: 7.869 loading class java/nio/channels/UnsupportedAddressTypeException
Event: 7.869 loading class java/nio/channels/UnsupportedAddressTypeException done
Event: 7.881 loading class sun/nio/ch/WindowsSelectorImpl$MapEntry
Event: 7.881 loading class sun/nio/ch/WindowsSelectorImpl$MapEntry done
Event: 7.902 loading class java/io/PushbackInputStream
Event: 7.902 loading class java/io/PushbackInputStream done
Event: 7.960 loading class java/nio/charset/IllegalCharsetNameException
Event: 7.960 loading class java/nio/charset/IllegalCharsetNameException done
Event: 7.960 loading class java/nio/charset/UnsupportedCharsetException
Event: 7.960 loading class java/nio/charset/UnsupportedCharsetException done
Event: 7.976 loading class sun/nio/ch/IOVecWrapper
Event: 7.976 loading class sun/nio/ch/IOVecWrapper done
Event: 7.976 loading class sun/nio/ch/IOVecWrapper$Deallocator
Event: 7.976 loading class sun/nio/ch/IOVecWrapper$Deallocator done
Event: 8.345 Executing  VM operation: HandshakeAllThreads
Event: 8.345 Executing  VM operation: HandshakeAllThreads done


Dynamic libraries:
0x00007ff67b6e0000 - 0x00007ff67b6f0000 	C:\Program Files\Java\jdk-16.0.1\bin\java.exe
0x00007ffbcaf50000 - 0x00007ffbcb148000 	C:\WINDOWS\SYSTEM32\ntdll.dll
0x00007ffbc9fc0000 - 0x00007ffbca07d000 	C:\WINDOWS\System32\KERNEL32.DLL
0x00007ffbc8ce0000 - 0x00007ffbc8fae000 	C:\WINDOWS\System32\KERNELBASE.dll
0x00007ffbc8670000 - 0x00007ffbc8770000 	C:\WINDOWS\System32\ucrtbase.dll
0x00007ffbc10a0000 - 0x00007ffbc10b9000 	C:\Program Files\Java\jdk-16.0.1\bin\VCRUNTIME140.dll
0x00007ffbc2da0000 - 0x00007ffbc2db8000 	C:\Program Files\Java\jdk-16.0.1\bin\jli.dll
0x00007ffbc9040000 - 0x00007ffbc90ee000 	C:\WINDOWS\System32\ADVAPI32.dll
0x00007ffbca080000 - 0x00007ffbca11e000 	C:\WINDOWS\System32\msvcrt.dll
0x00007ffbc90f0000 - 0x00007ffbc918c000 	C:\WINDOWS\System32\sechost.dll
0x00007ffbca120000 - 0x00007ffbca245000 	C:\WINDOWS\System32\RPCRT4.dll
0x00007ffbcad70000 - 0x00007ffbcaf10000 	C:\WINDOWS\System32\USER32.dll
0x00007ffbc8770000 - 0x00007ffbc8792000 	C:\WINDOWS\System32\win32u.dll
0x00007ffbc9a40000 - 0x00007ffbc9a6a000 	C:\WINDOWS\System32\GDI32.dll
0x00007ffbb3e40000 - 0x00007ffbb40da000 	C:\WINDOWS\WinSxS\amd64_microsoft.windows.common-controls_6595b64144ccf1df_6.0.19041.1110_none_60b5254171f9507e\COMCTL32.dll
0x00007ffbc8850000 - 0x00007ffbc895b000 	C:\WINDOWS\System32\gdi32full.dll
0x00007ffbc8960000 - 0x00007ffbc89fd000 	C:\WINDOWS\System32\msvcp_win.dll
0x00007ffbc65b0000 - 0x00007ffbc65ba000 	C:\WINDOWS\SYSTEM32\VERSION.dll
0x00007ffbc9010000 - 0x00007ffbc9040000 	C:\WINDOWS\System32\IMM32.DLL
0x00007ffbc2f80000 - 0x00007ffbc2f8c000 	C:\Program Files\Java\jdk-16.0.1\bin\vcruntime140_1.dll
0x00007ffb92c10000 - 0x00007ffb92ca1000 	C:\Program Files\Java\jdk-16.0.1\bin\msvcp140.dll
0x00007ffb540d0000 - 0x00007ffb54c7b000 	C:\Program Files\Java\jdk-16.0.1\bin\server\jvm.dll
0x00007ffbc9e80000 - 0x00007ffbc9e88000 	C:\WINDOWS\System32\PSAPI.DLL
0x00007ffbc6580000 - 0x00007ffbc65a7000 	C:\WINDOWS\SYSTEM32\WINMM.dll
0x00007ffbb07c0000 - 0x00007ffbb07c9000 	C:\WINDOWS\SYSTEM32\WSOCK32.dll
0x00007ffbc9ad0000 - 0x00007ffbc9b3b000 	C:\WINDOWS\System32\WS2_32.dll
0x00007ffbc6f50000 - 0x00007ffbc6f62000 	C:\WINDOWS\SYSTEM32\kernel.appcore.dll
0x00007ffbc2e40000 - 0x00007ffbc2e4a000 	C:\Program Files\Java\jdk-16.0.1\bin\jimage.dll
0x00007ffbc6390000 - 0x00007ffbc6574000 	C:\WINDOWS\SYSTEM32\DBGHELP.DLL
0x00007ffbc6360000 - 0x00007ffbc638c000 	C:\WINDOWS\SYSTEM32\dbgcore.DLL
0x00007ffbc8c50000 - 0x00007ffbc8cd2000 	C:\WINDOWS\System32\bcryptPrimitives.dll
0x00007ffbc1080000 - 0x00007ffbc108e000 	C:\Program Files\Java\jdk-16.0.1\bin\instrument.dll
0x00007ffbb64f0000 - 0x00007ffbb6515000 	C:\Program Files\Java\jdk-16.0.1\bin\java.dll
0x00007ffbca300000 - 0x00007ffbcaa44000 	C:\WINDOWS\System32\SHELL32.dll
0x00007ffbc6750000 - 0x00007ffbc6ee4000 	C:\WINDOWS\SYSTEM32\windows.storage.dll
0x00007ffbc96e0000 - 0x00007ffbc9a34000 	C:\WINDOWS\System32\combase.dll
0x00007ffbc80d0000 - 0x00007ffbc8100000 	C:\WINDOWS\SYSTEM32\Wldp.dll
0x00007ffbcaa50000 - 0x00007ffbcaafd000 	C:\WINDOWS\System32\SHCORE.dll
0x00007ffbc9e20000 - 0x00007ffbc9e75000 	C:\WINDOWS\System32\shlwapi.dll
0x00007ffbc85b0000 - 0x00007ffbc85cf000 	C:\WINDOWS\SYSTEM32\profapi.dll
0x00007ffbb6290000 - 0x00007ffbb62a8000 	C:\Program Files\Java\jdk-16.0.1\bin\zip.dll
0x00007ffbc0840000 - 0x00007ffbc0859000 	C:\Program Files\Java\jdk-16.0.1\bin\net.dll
0x00007ffbb6340000 - 0x00007ffbb644a000 	C:\WINDOWS\SYSTEM32\WINHTTP.dll
0x00007ffbc7e30000 - 0x00007ffbc7e9a000 	C:\WINDOWS\system32\mswsock.dll
0x00007ffbb66b0000 - 0x00007ffbb66c3000 	C:\Program Files\Java\jdk-16.0.1\bin\nio.dll
0x00007ffbb3020000 - 0x00007ffbb303a000 	C:\Program Files\JetBrains\IntelliJ IDEA 2022.2\bin\breakgen64.dll
0x00007ffbc0f30000 - 0x00007ffbc0f40000 	C:\Program Files\Java\jdk-16.0.1\bin\verify.dll
0x00007ffbc8020000 - 0x00007ffbc8038000 	C:\WINDOWS\SYSTEM32\CRYPTSP.dll
0x00007ffbc7740000 - 0x00007ffbc7774000 	C:\WINDOWS\system32\rsaenh.dll
0x00007ffbc8c20000 - 0x00007ffbc8c47000 	C:\WINDOWS\System32\bcrypt.dll
0x00007ffbc8570000 - 0x00007ffbc859e000 	C:\WINDOWS\SYSTEM32\USERENV.dll
0x00007ffbc8040000 - 0x00007ffbc804c000 	C:\WINDOWS\SYSTEM32\CRYPTBASE.dll
0x00007ffbc7ad0000 - 0x00007ffbc7b0b000 	C:\WINDOWS\SYSTEM32\IPHLPAPI.DLL
0x00007ffbc9260000 - 0x00007ffbc9268000 	C:\WINDOWS\System32\NSI.dll
0x00007ffbbeb20000 - 0x00007ffbbeb37000 	C:\WINDOWS\SYSTEM32\dhcpcsvc6.DLL
0x00007ffbbeb60000 - 0x00007ffbbeb7d000 	C:\WINDOWS\SYSTEM32\dhcpcsvc.DLL
0x00007ffbc7b10000 - 0x00007ffbc7bda000 	C:\WINDOWS\SYSTEM32\DNSAPI.dll
0x00007ffbc0830000 - 0x00007ffbc083e000 	C:\Program Files\Java\jdk-16.0.1\bin\sunmscapi.dll
0x00007ffbc8ac0000 - 0x00007ffbc8c16000 	C:\WINDOWS\System32\CRYPT32.dll
0x00007ffbc8140000 - 0x00007ffbc8167000 	C:\WINDOWS\SYSTEM32\ncrypt.dll
0x00007ffbc8100000 - 0x00007ffbc813b000 	C:\WINDOWS\SYSTEM32\NTASN1.dll
0x00007ffbb4b40000 - 0x00007ffbb4b4a000 	C:\Windows\System32\rasadhlp.dll
0x00007ffbb62b0000 - 0x00007ffbb6330000 	C:\WINDOWS\System32\fwpuclnt.dll
0x00007ffbc0ed0000 - 0x00007ffbc0ed9000 	C:\Program Files\Java\jdk-16.0.1\bin\management.dll
0x00007ffbc0e50000 - 0x00007ffbc0e5b000 	C:\Program Files\Java\jdk-16.0.1\bin\management_ext.dll
0x00007ffbc0f20000 - 0x00007ffbc0f27000 	C:\WINDOWS\system32\wshunix.dll
0x00007ffba5790000 - 0x00007ffba57a7000 	C:\WINDOWS\system32\napinsp.dll
0x00007ffba5770000 - 0x00007ffba578b000 	C:\WINDOWS\system32\pnrpnsp.dll
0x00007ffba5750000 - 0x00007ffba5765000 	C:\WINDOWS\system32\wshbth.dll
0x00007ffbc3bf0000 - 0x00007ffbc3c0d000 	C:\WINDOWS\system32\NLAapi.dll
0x00007ffba5730000 - 0x00007ffba5742000 	C:\WINDOWS\System32\winrnr.dll

dbghelp: loaded successfully - version: 4.0.5 - missing functions: none
symbol engine: initialized successfully - sym options: 0x614 - pdb path: .;C:\Program Files\Java\jdk-16.0.1\bin;C:\WINDOWS\SYSTEM32;C:\WINDOWS\WinSxS\amd64_microsoft.windows.common-controls_6595b64144ccf1df_6.0.19041.1110_none_60b5254171f9507e;C:\Program Files\Java\jdk-16.0.1\bin\server;C:\Program Files\JetBrains\IntelliJ IDEA 2022.2\bin

VM Arguments:
jvm_args: -ea -javaagent:C:\Users\DELL\.m2\repository/org/aspectj/aspectjweaver/1.9.9.1/aspectjweaver-1.9.9.1.jar -Didea.test.cyclic.buffer.size=1048576 -javaagent:C:\Program Files\JetBrains\IntelliJ IDEA 2022.2\lib\idea_rt.jar=58872:C:\Program Files\JetBrains\IntelliJ IDEA 2022.2\bin -Dfile.encoding=UTF-8 
java_command: com.intellij.rt.testng.RemoteTestNGStarter -usedefaultlisteners false -socket58871 @w@C:\Users\DELL\AppData\Local\Temp\idea_working_dirs_testng.tmp -temp C:\Users\DELL\AppData\Local\Temp\idea_testng.tmp
java_class_path (initial): C:\Program Files\JetBrains\IntelliJ IDEA 2022.2\lib\idea_rt.jar;C:\Program Files\JetBrains\IntelliJ IDEA 2022.2\plugins\testng\lib\testng-rt.jar;C:\Users\DELL\IdeaProjects\TAProject\target\test-classes;C:\Users\DELL\.m2\repository\io\qameta\allure\allure-testng\2.18.1\allure-testng-2.18.1.jar;C:\Users\DELL\.m2\repository\io\qameta\allure\allure-java-commons\2.18.1\allure-java-commons-2.18.1.jar;C:\Users\DELL\.m2\repository\io\qameta\allure\allure-model\2.18.1\allure-model-2.18.1.jar;C:\Users\DELL\.m2\repository\io\qameta\allure\allure-test-filter\2.18.1\allure-test-filter-2.18.1.jar;C:\Users\DELL\.m2\repository\com\codeborne\selenide-testng\6.5.1\selenide-testng-6.5.1.jar;C:\Users\DELL\.m2\repository\org\seleniumhq\selenium\selenium-java\4.1.4\selenium-java-4.1.4.jar;C:\Users\DELL\.m2\repository\org\seleniumhq\selenium\selenium-api\4.1.4\selenium-api-4.1.4.jar;C:\Users\DELL\.m2\repository\org\seleniumhq\selenium\selenium-chrome-driver\4.1.4\selenium-chrome-driver-4.1.4.jar;C:\Users\DELL\.m2\repository\com\google\auto\service\auto-service-annotations\1.0.1\auto-service-annotations-1.0.1.jar;C:\Users\DELL\.m2\repository\com\google\auto\service\auto-service\1.0.1\auto-service-1.0.1.jar;C:\Users\DELL\.m2\repository\com\google\auto\auto-common\1.2\auto-common-1.2.jar;C:\Users\DELL\.m2\repository\org\seleniumhq\selenium\selenium-chromium-driver\4.1.4\selenium-chromium-driver-4.1.4.jar;C:\Users\DELL\.m2\repository\org\seleniumhq\selenium\selenium-json\4.1.4\selenium-json-4.1.4.jar;C:\Users\DELL\.m2\repository\org\seleniumhq\selenium\selenium-devtools-v100\4.1.4\selenium-devtools-v100-4.1.4.jar;C:\Users\DELL\.m2\repository\org\seleniumhq\selenium\selenium-devtools-v101\4.1.4\selenium-devtools-v101-4.1.4.jar;C:\Users\DELL\.m2\repository\org\seleniumhq\selenium\selenium-devtools-v85\4.1.4\selenium-devtools-v85-4.1.4.jar;C:\Users\DELL\.m2\repository\org\seleniumhq\selenium\selenium-devtools-v99\4.1.4\selenium-devtools-v99-4.1.4.jar;C:\Users\DELL\.m
Launcher Type: SUN_STANDARD

[Global flags]
     intx CICompilerCount                          = 3                                         {product} {ergonomic}
     uint ConcGCThreads                            = 1                                         {product} {ergonomic}
     uint G1ConcRefinementThreads                  = 4                                         {product} {ergonomic}
   size_t G1HeapRegionSize                         = 1048576                                   {product} {ergonomic}
    uintx GCDrainStackTargetSize                   = 64                                        {product} {ergonomic}
   size_t InitialHeapSize                          = 134217728                                 {product} {ergonomic}
   size_t MarkStackSize                            = 4194304                                   {product} {ergonomic}
   size_t MaxHeapSize                              = 2120220672                                {product} {ergonomic}
   size_t MaxNewSize                               = 1271922688                                {product} {ergonomic}
   size_t MinHeapDeltaBytes                        = 1048576                                   {product} {ergonomic}
   size_t MinHeapSize                              = 8388608                                   {product} {ergonomic}
    uintx NonNMethodCodeHeapSize                   = 5832780                                {pd product} {ergonomic}
    uintx NonProfiledCodeHeapSize                  = 122912730                              {pd product} {ergonomic}
    uintx ProfiledCodeHeapSize                     = 122912730                              {pd product} {ergonomic}
    uintx ReservedCodeCacheSize                    = 251658240                              {pd product} {ergonomic}
     bool SegmentedCodeCache                       = true                                      {product} {ergonomic}
   size_t SoftMaxHeapSize                          = 2120220672                             {manageable} {ergonomic}
     bool UseCompressedClassPointers               = true                           {product lp64_product} {ergonomic}
     bool UseCompressedOops                        = true                           {product lp64_product} {ergonomic}
     bool UseG1GC                                  = true                                      {product} {ergonomic}
     bool UseLargePagesIndividualAllocation        = false                                  {pd product} {ergonomic}

Logging:
Log output configuration:
 #0: stdout all=warning uptime,level,tags
 #1: stderr all=off uptime,level,tags

Environment Variables:
PATH=C:\Program Files\Common Files\Oracle\Java\javapath;C:\WINDOWS\system32;C:\WINDOWS;C:\WINDOWS\System32\Wbem;C:\WINDOWS\System32\WindowsPowerShell\v1.0\;C:\WINDOWS\System32\OpenSSH\;C:\Program Files\Microsoft SQL Server\110\Tools\Binn\;C:\Program Files (x86)\Microsoft SQL Server\110\Tools\Binn\;C:\Program Files\Microsoft SQL Server\110\DTS\Binn\;C:\Program Files (x86)\Microsoft SQL Server\110\Tools\Binn\ManagementStudio\;C:\Program Files (x86)\Microsoft Visual Studio 10.0\Common7\IDE\PrivateAssemblies\;C:\Program Files (x86)\Microsoft SQL Server\110\DTS\Binn\;C:\Program Files\TortoiseGit\bin;C:\Program Files\Git\cmd;C:\Users\DELL\AppData\Local\Microsoft\WindowsApps;;C:\Program Files\JetBrains\IntelliJ IDEA Community Edition 2020.3.3\bin;;C:\Users\DELL\AppData\Local\Programs\Microsoft VS Code\bin
USERNAME=DELL
OS=Windows_NT
PROCESSOR_IDENTIFIER=Intel64 Family 6 Model 78 Stepping 3, GenuineIntel



---------------  S Y S T E M  ---------------

OS:
 Windows 10 , 64 bit Build 19041 (10.0.19041.1889)
OS uptime: 6 days 3:38 hours

CPU: total 4 (initial active 4) (2 cores per cpu, 2 threads per core) family 6 model 78 stepping 3 microcode 0xcc, cx8, cmov, fxsr, ht, mmx, 3dnowpref, sse, sse2, sse3, ssse3, sse4.1, sse4.2, popcnt, lzcnt, tsc, tscinvbit, avx, avx2, aes, erms, clmul, bmi1, bmi2, rtm, adx, fma, vzeroupper, clflush, clflushopt

Memory: 4k page, system-wide physical 8083M (705M free)
TotalPageFile size 21906M (AvailPageFile size 2M)
current process WorkingSet (physical memory assigned to process): 271M, peak: 283M
current process commit charge ("private bytes"): 305M, peak: 316M

vm_info: Java HotSpot(TM) 64-Bit Server VM (16.0.1+9-24) for windows-amd64 JRE (16.0.1+9-24), built on Mar 26 2021 19:31:42 by "mach5one" with MS VC++ 16.7 (VS2019)

END.
