#
# There is insufficient memory for the Java Runtime Environment to continue.
# Native memory allocation (malloc) failed to allocate 32744 bytes for ChunkPool::allocate
# Possible reasons:
#   The system is out of physical RAM or swap space
#   The process is running with CompressedOops enabled, and the Java Heap may be blocking the growth of the native heap
# Possible solutions:
#   Reduce memory load on the system
#   Increase physical memory or swap space
#   Check if swap backing store is full
#   Decrease Java heap size (-Xmx/-Xms)
#   Decrease number of Java threads
#   Decrease Java thread stack sizes (-Xss)
#   Set larger code cache with -XX:ReservedCodeCacheSize=
#   JVM is running with Unscaled Compressed Oops mode in which the Java heap is
#     placed in the first 4GB address space. The Java Heap base address is the
#     maximum limit for the native heap growth. Please use -XX:HeapBaseMinAddress
#     to set the Java Heap base and to place the Java Heap above 4GB virtual address.
# This output file may be truncated or incomplete.
#
#  Out of Memory Error (arena.cpp:79), pid=18708, tid=20928
#
# JRE version: Java(TM) SE Runtime Environment (16.0.1+9) (build 16.0.1+9-24)
# Java VM: Java HotSpot(TM) 64-Bit Server VM (16.0.1+9-24, mixed mode, sharing, tiered, compressed oops, compressed class ptrs, g1 gc, windows-amd64)
# No core dump will be written. Minidumps are not enabled by default on client versions of Windows
#

---------------  S U M M A R Y ------------

Command Line: -ea -javaagent:C:\Users\DELL\.m2\repository/org/aspectj/aspectjweaver/1.9.9.1/aspectjweaver-1.9.9.1.jar -Didea.test.cyclic.buffer.size=1048576 -javaagent:C:\Program Files\JetBrains\IntelliJ IDEA 2022.2\lib\idea_rt.jar=61163:C:\Program Files\JetBrains\IntelliJ IDEA 2022.2\bin -Dfile.encoding=UTF-8 com.intellij.rt.testng.RemoteTestNGStarter -usedefaultlisteners false -socket61162 @w@C:\Users\DELL\AppData\Local\Temp\idea_working_dirs_testng.tmp -temp C:\Users\DELL\AppData\Local\Temp\idea_testng.tmp

Host: Intel(R) Core(TM) i7-6600U CPU @ 2.60GHz, 4 cores, 7G,  Windows 10 , 64 bit Build 19041 (10.0.19041.1889)
Time: Thu Aug 18 01:36:15 2022 SE Asia Standard Time elapsed time: 11.334107 seconds (0d 0h 0m 11s)

---------------  T H R E A D  ---------------

Current thread (0x0000013bfebae160):  JavaThread "C2 CompilerThread0" daemon [_thread_in_native, id=20928, stack(0x00000034dda00000,0x00000034ddb00000)]


Current CompileTask:
C2:  11334 3901       4       org.aspectj.util.GenericSignatureParser::tokenize (822 bytes)

Stack: [0x00000034dda00000,0x00000034ddb00000]
Native frames: (J=compiled Java code, j=interpreted, Vv=VM code, C=native code)
V  [jvm.dll+0x6687ca]
V  [jvm.dll+0x7ca3c9]
V  [jvm.dll+0x7cbb53]
V  [jvm.dll+0x7cc1b3]
V  [jvm.dll+0x242ea5]
V  [jvm.dll+0xae25f]
V  [jvm.dll+0xae5ac]
V  [jvm.dll+0x3602dc]
V  [jvm.dll+0x558758]
V  [jvm.dll+0x557770]
V  [jvm.dll+0x558373]
V  [jvm.dll+0x325400]
V  [jvm.dll+0x32487a]
V  [jvm.dll+0x215f3c]
V  [jvm.dll+0x215350]
V  [jvm.dll+0x1a1d9b]
V  [jvm.dll+0x2253a8]
V  [jvm.dll+0x2233ec]
V  [jvm.dll+0x780002]
V  [jvm.dll+0x779b4a]
V  [jvm.dll+0x667666]
C  [ucrtbase.dll+0x21bb2]
C  [KERNEL32.DLL+0x17034]
C  [ntdll.dll+0x52651]


---------------  P R O C E S S  ---------------

Threads class SMR info:
_java_thread_list=0x0000013b991ad6c0, length=26, elements={
0x0000013bf639b170, 0x0000013bfeb8f9c0, 0x0000013bfeb903a0, 0x0000013bfeb9d490,
0x0000013bfeb9d9b0, 0x0000013bfeba1ee0, 0x0000013bfeba2400, 0x0000013bfebae160,
0x0000013bfebb26f0, 0x0000013bfebccc30, 0x0000013bfeb6ccc0, 0x0000013b9581c260,
0x0000013b9581c780, 0x0000013b970c1070, 0x0000013b970c25b0, 0x0000013b970c4040,
0x0000013b970c15c0, 0x0000013b970c4590, 0x0000013b970c1b10, 0x0000013b970c2060,
0x0000013b970c3050, 0x0000013b970c2b00, 0x0000013b970c35a0, 0x0000013b970c3af0,
0x0000013b964ad410, 0x0000013b96c4be70
}

Java Threads: ( => current thread )
  0x0000013bf639b170 JavaThread "Forwarding close on session 33a5bdefea13de9e4f9d18349b2ffd89 to remote" [_thread_blocked, id=14436, stack(0x00000034dcd00000,0x00000034dce00000)]
  0x0000013bfeb8f9c0 JavaThread "Reference Handler" daemon [_thread_blocked, id=1880, stack(0x00000034dd400000,0x00000034dd500000)]
  0x0000013bfeb903a0 JavaThread "Finalizer" daemon [_thread_blocked, id=20372, stack(0x00000034dd500000,0x00000034dd600000)]
  0x0000013bfeb9d490 JavaThread "Signal Dispatcher" daemon [_thread_blocked, id=15944, stack(0x00000034dd600000,0x00000034dd700000)]
  0x0000013bfeb9d9b0 JavaThread "Attach Listener" daemon [_thread_blocked, id=5196, stack(0x00000034dd700000,0x00000034dd800000)]
  0x0000013bfeba1ee0 JavaThread "Service Thread" daemon [_thread_blocked, id=13364, stack(0x00000034dd800000,0x00000034dd900000)]
  0x0000013bfeba2400 JavaThread "Monitor Deflation Thread" daemon [_thread_blocked, id=3672, stack(0x00000034dd900000,0x00000034dda00000)]
=>0x0000013bfebae160 JavaThread "C2 CompilerThread0" daemon [_thread_in_native, id=20928, stack(0x00000034dda00000,0x00000034ddb00000)]
  0x0000013bfebb26f0 JavaThread "C1 CompilerThread0" daemon [_thread_blocked, id=21428, stack(0x00000034ddb00000,0x00000034ddc00000)]
  0x0000013bfebccc30 JavaThread "Sweeper thread" daemon [_thread_blocked, id=17216, stack(0x00000034ddc00000,0x00000034ddd00000)]
  0x0000013bfeb6ccc0 JavaThread "Common-Cleaner" daemon [_thread_blocked, id=18960, stack(0x00000034ddd00000,0x00000034dde00000)]
  0x0000013b9581c260 JavaThread "Monitor Ctrl-Break" daemon [_thread_in_native, id=19164, stack(0x00000034de200000,0x00000034de300000)]
  0x0000013b9581c780 JavaThread "Notification Thread" daemon [_thread_blocked, id=16696, stack(0x00000034de300000,0x00000034de400000)]
  0x0000013b970c1070 JavaThread "ForkJoinPool.commonPool-worker-3" daemon [_thread_blocked, id=21676, stack(0x00000034de500000,0x00000034de600000)]
  0x0000013b970c25b0 JavaThread "AsyncHttpClient-1-1" daemon [_thread_blocked, id=5152, stack(0x00000034de600000,0x00000034de700000)]
  0x0000013b970c4040 JavaThread "Exec Default Executor" daemon [_thread_in_native, id=23380, stack(0x00000034de700000,0x00000034de800000)]
  0x0000013b970c15c0 JavaThread "Driver Service Executor" daemon [_thread_blocked, id=13484, stack(0x00000034de800000,0x00000034de900000)]
  0x0000013b970c4590 JavaThread "Driver Service Executor" daemon [_thread_blocked, id=21444, stack(0x00000034de900000,0x00000034dea00000)]
  0x0000013b970c1b10 JavaThread "UrlChecker-2" daemon [_thread_blocked, id=22684, stack(0x00000034dea00000,0x00000034deb00000)]
  0x0000013b970c2060 JavaThread "Exec Stream Pumper" daemon [_thread_in_native, id=15884, stack(0x00000034deb00000,0x00000034dec00000)]
  0x0000013b970c3050 JavaThread "Exec Stream Pumper" daemon [_thread_in_native, id=7728, stack(0x00000034dec00000,0x00000034ded00000)]
  0x0000013b970c2b00 JavaThread "Keep-Alive-Timer" daemon [_thread_blocked, id=12624, stack(0x00000034dee00000,0x00000034def00000)]
  0x0000013b970c35a0 JavaThread "AsyncHttpClient-1-2" daemon [_thread_in_native, id=21604, stack(0x00000034def00000,0x00000034df000000)]
  0x0000013b970c3af0 JavaThread "AsyncHttpClient-1-3" daemon [_thread_in_native, id=20872, stack(0x00000034df000000,0x00000034df100000)]
  0x0000013b964ad410 JavaThread "AsyncHttpClient-1-4" daemon [_thread_in_native, id=23396, stack(0x00000034df100000,0x00000034df200000)]
  0x0000013b96c4be70 JavaThread "C2 CompilerThread1" daemon [_thread_in_native, id=15528, stack(0x00000034dde00000,0x00000034ddf00000)]

Other Threads:
  0x0000013bfeb8be60 VMThread "VM Thread" [stack: 0x00000034dd300000,0x00000034dd400000] [id=23448]
  0x0000013b954e2f60 WatcherThread [stack: 0x00000034de400000,0x00000034de500000] [id=21624]
  0x0000013bf63d9d10 GCTaskThread "GC Thread#0" [stack: 0x00000034dce00000,0x00000034dcf00000] [id=15100]
  0x0000013b955473f0 GCTaskThread "GC Thread#1" [stack: 0x00000034ddf00000,0x00000034de000000] [id=15820]
  0x0000013b95547700 GCTaskThread "GC Thread#2" [stack: 0x00000034de000000,0x00000034de100000] [id=23164]
  0x0000013b955c3f30 GCTaskThread "GC Thread#3" [stack: 0x00000034de100000,0x00000034de200000] [id=21004]
  0x0000013bf63eaa20 ConcurrentGCThread "G1 Main Marker" [stack: 0x00000034dcf00000,0x00000034dd000000] [id=10732]
  0x0000013bf63ecbd0 ConcurrentGCThread "G1 Conc#0" [stack: 0x00000034dd000000,0x00000034dd100000] [id=5752]
  0x0000013bf646ba20 ConcurrentGCThread "G1 Refine#0" [stack: 0x00000034dd100000,0x00000034dd200000] [id=18820]
  0x0000013bf646c040 ConcurrentGCThread "G1 Service" [stack: 0x00000034dd200000,0x00000034dd300000] [id=5008]

Threads with active compile tasks:
C2 CompilerThread0    11403 3901       4       org.aspectj.util.GenericSignatureParser::tokenize (822 bytes)
C2 CompilerThread1    11403 3864       4       org.aspectj.weaver.JoinPointSignatureIterator::addSignaturesUpToFirstDefiningMember (336 bytes)

VM state: not at safepoint (normal execution)

VM Mutex/Monitor currently owned by a thread: None

Heap address: 0x0000000081a00000, size: 2022 MB, Compressed Oops mode: 32-bit

CDS archive(s) mapped at: [0x0000000800000000-0x0000000800bb0000-0x0000000800bb0000), size 12255232, SharedBaseAddress: 0x0000000800000000, ArchiveRelocationMode: 0.
Compressed class space mapped at: 0x0000000800c00000-0x0000000840c00000, reserved size: 1073741824
Narrow klass base: 0x0000000800000000, Narrow klass shift: 3, Narrow klass range: 0x100000000

GC Precious Log:
 CPUs: 4 total, 4 available
 Memory: 8083M
 Large Page Support: Disabled
 NUMA Support: Disabled
 Compressed Oops: Enabled (32-bit)
 Heap Region Size: 1M
 Heap Min Capacity: 8M
 Heap Initial Capacity: 128M
 Heap Max Capacity: 2022M
 Pre-touch: Disabled
 Parallel Workers: 4
 Concurrent Workers: 1
 Concurrent Refinement Workers: 4
 Periodic GC: Disabled

Heap:
 garbage-first heap   total 122880K, used 62195K [0x0000000081a00000, 0x0000000100000000)
  region size 1024K, 9 young (9216K), 4 survivors (4096K)
 Metaspace       used 34957K, committed 35328K, reserved 1081344K
  class space    used 3912K, committed 4096K, reserved 1048576K

Heap Regions: E=young(eden), S=young(survivor), O=old, HS=humongous(starts), HC=humongous(continues), CS=collection set, F=free, OA=open archive, CA=closed archive, TAMS=top-at-mark-start (previous, next)
|   0|0x0000000081a00000, 0x0000000081b00000, 0x0000000081b00000|100%| O|  |TAMS 0x0000000081b00000, 0x0000000081a00000| Untracked 
|   1|0x0000000081b00000, 0x0000000081c00000, 0x0000000081c00000|100%| O|  |TAMS 0x0000000081c00000, 0x0000000081b00000| Untracked 
|   2|0x0000000081c00000, 0x0000000081d00000, 0x0000000081d00000|100%| O|  |TAMS 0x0000000081d00000, 0x0000000081c00000| Untracked 
|   3|0x0000000081d00000, 0x0000000081e00000, 0x0000000081e00000|100%| O|  |TAMS 0x0000000081e00000, 0x0000000081d00000| Untracked 
|   4|0x0000000081e00000, 0x0000000081f00000, 0x0000000081f00000|100%| O|  |TAMS 0x0000000081f00000, 0x0000000081e00000| Untracked 
|   5|0x0000000081f00000, 0x0000000082000000, 0x0000000082000000|100%| O|  |TAMS 0x0000000082000000, 0x0000000081f00000| Untracked 
|   6|0x0000000082000000, 0x0000000082100000, 0x0000000082100000|100%| O|  |TAMS 0x0000000082100000, 0x0000000082000000| Untracked 
|   7|0x0000000082100000, 0x0000000082200000, 0x0000000082200000|100%| O|  |TAMS 0x0000000082200000, 0x0000000082100000| Untracked 
|   8|0x0000000082200000, 0x0000000082300000, 0x0000000082300000|100%| O|  |TAMS 0x0000000082300000, 0x0000000082200000| Untracked 
|   9|0x0000000082300000, 0x0000000082400000, 0x0000000082400000|100%| O|  |TAMS 0x0000000082400000, 0x0000000082300000| Untracked 
|  10|0x0000000082400000, 0x0000000082500000, 0x0000000082500000|100%| O|  |TAMS 0x0000000082500000, 0x0000000082400000| Untracked 
|  11|0x0000000082500000, 0x0000000082600000, 0x0000000082600000|100%| O|  |TAMS 0x0000000082600000, 0x0000000082500000| Untracked 
|  12|0x0000000082600000, 0x0000000082700000, 0x0000000082700000|100%| O|  |TAMS 0x0000000082700000, 0x0000000082600000| Untracked 
|  13|0x0000000082700000, 0x0000000082800000, 0x0000000082800000|100%| O|  |TAMS 0x0000000082800000, 0x0000000082700000| Untracked 
|  14|0x0000000082800000, 0x0000000082900000, 0x0000000082900000|100%| O|  |TAMS 0x0000000082900000, 0x0000000082800000| Untracked 
|  15|0x0000000082900000, 0x0000000082a00000, 0x0000000082a00000|100%| O|  |TAMS 0x0000000082a00000, 0x0000000082900000| Untracked 
|  16|0x0000000082a00000, 0x0000000082b00000, 0x0000000082b00000|100%| O|  |TAMS 0x0000000082b00000, 0x0000000082a00000| Untracked 
|  17|0x0000000082b00000, 0x0000000082c00000, 0x0000000082c00000|100%| O|  |TAMS 0x0000000082bcb400, 0x0000000082b00000| Untracked 
|  18|0x0000000082c00000, 0x0000000082d00000, 0x0000000082d00000|100%| O|  |TAMS 0x0000000082c00000, 0x0000000082c00000| Untracked 
|  19|0x0000000082d00000, 0x0000000082d80000, 0x0000000082e00000| 50%| O|  |TAMS 0x0000000082d00000, 0x0000000082d00000| Untracked 
|  20|0x0000000082e00000, 0x0000000082f00000, 0x0000000082f00000|100%| O|  |TAMS 0x0000000082e00000, 0x0000000082e00000| Untracked 
|  21|0x0000000082f00000, 0x0000000083000000, 0x0000000083000000|100%| O|  |TAMS 0x0000000082f00000, 0x0000000082f00000| Untracked 
|  22|0x0000000083000000, 0x0000000083100000, 0x0000000083100000|100%| O|  |TAMS 0x0000000083000000, 0x0000000083000000| Untracked 
|  23|0x0000000083100000, 0x0000000083200000, 0x0000000083200000|100%| O|  |TAMS 0x0000000083100000, 0x0000000083100000| Untracked 
|  24|0x0000000083200000, 0x0000000083300000, 0x0000000083300000|100%| O|  |TAMS 0x0000000083200000, 0x0000000083200000| Untracked 
|  25|0x0000000083300000, 0x0000000083400000, 0x0000000083400000|100%| O|  |TAMS 0x0000000083300000, 0x0000000083300000| Untracked 
|  26|0x0000000083400000, 0x0000000083500000, 0x0000000083500000|100%| O|  |TAMS 0x0000000083400000, 0x0000000083400000| Untracked 
|  27|0x0000000083500000, 0x0000000083600000, 0x0000000083600000|100%| O|  |TAMS 0x0000000083500000, 0x0000000083500000| Untracked 
|  28|0x0000000083600000, 0x0000000083700000, 0x0000000083700000|100%| O|  |TAMS 0x0000000083600000, 0x0000000083600000| Untracked 
|  29|0x0000000083700000, 0x0000000083800000, 0x0000000083800000|100%| O|  |TAMS 0x0000000083700000, 0x0000000083700000| Untracked 
|  30|0x0000000083800000, 0x0000000083900000, 0x0000000083900000|100%| O|  |TAMS 0x0000000083800000, 0x0000000083800000| Untracked 
|  31|0x0000000083900000, 0x0000000083a00000, 0x0000000083a00000|100%| O|  |TAMS 0x0000000083900000, 0x0000000083900000| Untracked 
|  32|0x0000000083a00000, 0x0000000083b00000, 0x0000000083b00000|100%| O|  |TAMS 0x0000000083a00000, 0x0000000083a00000| Untracked 
|  33|0x0000000083b00000, 0x0000000083c00000, 0x0000000083c00000|100%| O|  |TAMS 0x0000000083b00000, 0x0000000083b00000| Untracked 
|  34|0x0000000083c00000, 0x0000000083d00000, 0x0000000083d00000|100%| O|  |TAMS 0x0000000083c00000, 0x0000000083c00000| Untracked 
|  35|0x0000000083d00000, 0x0000000083e00000, 0x0000000083e00000|100%| O|  |TAMS 0x0000000083d00000, 0x0000000083d00000| Untracked 
|  36|0x0000000083e00000, 0x0000000083f00000, 0x0000000083f00000|100%| O|  |TAMS 0x0000000083e00000, 0x0000000083e00000| Untracked 
|  37|0x0000000083f00000, 0x0000000084000000, 0x0000000084000000|100%| O|  |TAMS 0x0000000083f00000, 0x0000000083f00000| Untracked 
|  38|0x0000000084000000, 0x0000000084100000, 0x0000000084100000|100%| O|  |TAMS 0x0000000084000000, 0x0000000084000000| Untracked 
|  39|0x0000000084100000, 0x0000000084200000, 0x0000000084200000|100%| O|  |TAMS 0x0000000084100000, 0x0000000084100000| Untracked 
|  40|0x0000000084200000, 0x0000000084300000, 0x0000000084300000|100%|HS|  |TAMS 0x0000000084200000, 0x0000000084200000| Complete 
|  41|0x0000000084300000, 0x0000000084400000, 0x0000000084400000|100%|HC|  |TAMS 0x0000000084300000, 0x0000000084300000| Complete 
|  42|0x0000000084400000, 0x0000000084500000, 0x0000000084500000|100%|HC|  |TAMS 0x0000000084400000, 0x0000000084400000| Complete 
|  43|0x0000000084500000, 0x0000000084600000, 0x0000000084600000|100%|HC|  |TAMS 0x0000000084500000, 0x0000000084500000| Complete 
|  44|0x0000000084600000, 0x0000000084700000, 0x0000000084700000|100%|HC|  |TAMS 0x0000000084600000, 0x0000000084600000| Complete 
|  45|0x0000000084700000, 0x0000000084800000, 0x0000000084800000|100%| O|  |TAMS 0x0000000084700000, 0x0000000084700000| Untracked 
|  46|0x0000000084800000, 0x0000000084900000, 0x0000000084900000|100%| O|  |TAMS 0x0000000084800000, 0x0000000084800000| Untracked 
|  47|0x0000000084900000, 0x0000000084a00000, 0x0000000084a00000|100%| O|  |TAMS 0x0000000084900000, 0x0000000084900000| Untracked 
|  48|0x0000000084a00000, 0x0000000084b00000, 0x0000000084b00000|100%| O|  |TAMS 0x0000000084a00000, 0x0000000084a00000| Untracked 
|  49|0x0000000084b00000, 0x0000000084c00000, 0x0000000084c00000|100%| O|  |TAMS 0x0000000084b00000, 0x0000000084b00000| Untracked 
|  50|0x0000000084c00000, 0x0000000084d00000, 0x0000000084d00000|100%| O|  |TAMS 0x0000000084c00000, 0x0000000084c00000| Untracked 
|  51|0x0000000084d00000, 0x0000000084e00000, 0x0000000084e00000|100%| O|  |TAMS 0x0000000084d00000, 0x0000000084d00000| Untracked 
|  52|0x0000000084e00000, 0x0000000084f00000, 0x0000000084f00000|100%| O|  |TAMS 0x0000000084e00000, 0x0000000084e00000| Untracked 
|  53|0x0000000084f00000, 0x0000000084f73600, 0x0000000085000000| 45%| O|  |TAMS 0x0000000084f00000, 0x0000000084f00000| Untracked 
|  54|0x0000000085000000, 0x0000000085000000, 0x0000000085100000|  0%| F|  |TAMS 0x0000000085000000, 0x0000000085000000| Untracked 
|  55|0x0000000085100000, 0x0000000085100000, 0x0000000085200000|  0%| F|  |TAMS 0x0000000085100000, 0x0000000085100000| Untracked 
|  56|0x0000000085200000, 0x0000000085200000, 0x0000000085300000|  0%| F|  |TAMS 0x0000000085200000, 0x0000000085200000| Untracked 
|  57|0x0000000085300000, 0x0000000085300000, 0x0000000085400000|  0%| F|  |TAMS 0x0000000085300000, 0x0000000085300000| Untracked 
|  58|0x0000000085400000, 0x0000000085400000, 0x0000000085500000|  0%| F|  |TAMS 0x0000000085400000, 0x0000000085400000| Untracked 
|  59|0x0000000085500000, 0x0000000085500000, 0x0000000085600000|  0%| F|  |TAMS 0x0000000085500000, 0x0000000085500000| Untracked 
|  60|0x0000000085600000, 0x0000000085600000, 0x0000000085700000|  0%| F|  |TAMS 0x0000000085600000, 0x0000000085600000| Untracked 
|  61|0x0000000085700000, 0x0000000085700000, 0x0000000085800000|  0%| F|  |TAMS 0x0000000085700000, 0x0000000085700000| Untracked 
|  62|0x0000000085800000, 0x0000000085800000, 0x0000000085900000|  0%| F|  |TAMS 0x0000000085800000, 0x0000000085800000| Untracked 
|  63|0x0000000085900000, 0x0000000085900000, 0x0000000085a00000|  0%| F|  |TAMS 0x0000000085900000, 0x0000000085900000| Untracked 
|  64|0x0000000085a00000, 0x0000000085a00000, 0x0000000085b00000|  0%| F|  |TAMS 0x0000000085a00000, 0x0000000085a00000| Untracked 
|  65|0x0000000085b00000, 0x0000000085b00000, 0x0000000085c00000|  0%| F|  |TAMS 0x0000000085b00000, 0x0000000085b00000| Untracked 
|  66|0x0000000085c00000, 0x0000000085c00000, 0x0000000085d00000|  0%| F|  |TAMS 0x0000000085c00000, 0x0000000085c00000| Untracked 
|  67|0x0000000085d00000, 0x0000000085d00000, 0x0000000085e00000|  0%| F|  |TAMS 0x0000000085d00000, 0x0000000085d00000| Untracked 
|  68|0x0000000085e00000, 0x0000000085e00000, 0x0000000085f00000|  0%| F|  |TAMS 0x0000000085e00000, 0x0000000085e00000| Untracked 
|  69|0x0000000085f00000, 0x0000000085f00000, 0x0000000086000000|  0%| F|  |TAMS 0x0000000085f00000, 0x0000000085f00000| Untracked 
|  70|0x0000000086000000, 0x0000000086000000, 0x0000000086100000|  0%| F|  |TAMS 0x0000000086000000, 0x0000000086000000| Untracked 
|  71|0x0000000086100000, 0x0000000086100000, 0x0000000086200000|  0%| F|  |TAMS 0x0000000086100000, 0x0000000086100000| Untracked 
|  72|0x0000000086200000, 0x0000000086200000, 0x0000000086300000|  0%| F|  |TAMS 0x0000000086200000, 0x0000000086200000| Untracked 
|  73|0x0000000086300000, 0x0000000086300000, 0x0000000086400000|  0%| F|  |TAMS 0x0000000086300000, 0x0000000086300000| Untracked 
|  74|0x0000000086400000, 0x0000000086400000, 0x0000000086500000|  0%| F|  |TAMS 0x0000000086400000, 0x0000000086400000| Untracked 
|  75|0x0000000086500000, 0x0000000086500000, 0x0000000086600000|  0%| F|  |TAMS 0x0000000086500000, 0x0000000086500000| Untracked 
|  76|0x0000000086600000, 0x00000000866c9790, 0x0000000086700000| 78%| S|CS|TAMS 0x0000000086600000, 0x0000000086600000| Complete 
|  77|0x0000000086700000, 0x0000000086800000, 0x0000000086800000|100%| S|CS|TAMS 0x0000000086700000, 0x0000000086700000| Complete 
|  78|0x0000000086800000, 0x0000000086900000, 0x0000000086900000|100%| S|CS|TAMS 0x0000000086800000, 0x0000000086800000| Complete 
|  79|0x0000000086900000, 0x0000000086a00000, 0x0000000086a00000|100%| S|CS|TAMS 0x0000000086900000, 0x0000000086900000| Complete 
|  80|0x0000000086a00000, 0x0000000086a00000, 0x0000000086b00000|  0%| F|  |TAMS 0x0000000086a00000, 0x0000000086a00000| Untracked 
|  81|0x0000000086b00000, 0x0000000086b00000, 0x0000000086c00000|  0%| F|  |TAMS 0x0000000086b00000, 0x0000000086b00000| Untracked 
|  82|0x0000000086c00000, 0x0000000086c00000, 0x0000000086d00000|  0%| F|  |TAMS 0x0000000086c00000, 0x0000000086c00000| Untracked 
|  83|0x0000000086d00000, 0x0000000086d00000, 0x0000000086e00000|  0%| F|  |TAMS 0x0000000086d00000, 0x0000000086d00000| Untracked 
|  84|0x0000000086e00000, 0x0000000086e00000, 0x0000000086f00000|  0%| F|  |TAMS 0x0000000086e00000, 0x0000000086e00000| Untracked 
|  85|0x0000000086f00000, 0x0000000086f00000, 0x0000000087000000|  0%| F|  |TAMS 0x0000000086f00000, 0x0000000086f00000| Untracked 
|  86|0x0000000087000000, 0x0000000087000000, 0x0000000087100000|  0%| F|  |TAMS 0x0000000087000000, 0x0000000087000000| Untracked 
|  87|0x0000000087100000, 0x0000000087100000, 0x0000000087200000|  0%| F|  |TAMS 0x0000000087100000, 0x0000000087100000| Untracked 
|  88|0x0000000087200000, 0x0000000087200000, 0x0000000087300000|  0%| F|  |TAMS 0x0000000087200000, 0x0000000087200000| Untracked 
|  89|0x0000000087300000, 0x0000000087300000, 0x0000000087400000|  0%| F|  |TAMS 0x0000000087300000, 0x0000000087300000| Untracked 
|  90|0x0000000087400000, 0x0000000087400000, 0x0000000087500000|  0%| F|  |TAMS 0x0000000087400000, 0x0000000087400000| Untracked 
|  91|0x0000000087500000, 0x0000000087500000, 0x0000000087600000|  0%| F|  |TAMS 0x0000000087500000, 0x0000000087500000| Untracked 
|  92|0x0000000087600000, 0x0000000087600000, 0x0000000087700000|  0%| F|  |TAMS 0x0000000087600000, 0x0000000087600000| Untracked 
|  93|0x0000000087700000, 0x0000000087700000, 0x0000000087800000|  0%| F|  |TAMS 0x0000000087700000, 0x0000000087700000| Untracked 
|  94|0x0000000087800000, 0x0000000087800000, 0x0000000087900000|  0%| F|  |TAMS 0x0000000087800000, 0x0000000087800000| Untracked 
|  95|0x0000000087900000, 0x0000000087900000, 0x0000000087a00000|  0%| F|  |TAMS 0x0000000087900000, 0x0000000087900000| Untracked 
|  96|0x0000000087a00000, 0x0000000087a00000, 0x0000000087b00000|  0%| F|  |TAMS 0x0000000087a00000, 0x0000000087a00000| Untracked 
|  97|0x0000000087b00000, 0x0000000087b00000, 0x0000000087c00000|  0%| F|  |TAMS 0x0000000087b00000, 0x0000000087b00000| Untracked 
|  98|0x0000000087c00000, 0x0000000087c00000, 0x0000000087d00000|  0%| F|  |TAMS 0x0000000087c00000, 0x0000000087c00000| Untracked 
|  99|0x0000000087d00000, 0x0000000087d00000, 0x0000000087e00000|  0%| F|  |TAMS 0x0000000087d00000, 0x0000000087d00000| Untracked 
| 100|0x0000000087e00000, 0x0000000087e00000, 0x0000000087f00000|  0%| F|  |TAMS 0x0000000087e00000, 0x0000000087e00000| Untracked 
| 101|0x0000000087f00000, 0x0000000087f00000, 0x0000000088000000|  0%| F|  |TAMS 0x0000000087f00000, 0x0000000087f00000| Untracked 
| 102|0x0000000088000000, 0x0000000088000000, 0x0000000088100000|  0%| F|  |TAMS 0x0000000088000000, 0x0000000088000000| Untracked 
| 103|0x0000000088100000, 0x0000000088100000, 0x0000000088200000|  0%| F|  |TAMS 0x0000000088100000, 0x0000000088100000| Untracked 
| 104|0x0000000088200000, 0x0000000088200000, 0x0000000088300000|  0%| F|  |TAMS 0x0000000088200000, 0x0000000088200000| Untracked 
| 105|0x0000000088300000, 0x0000000088300000, 0x0000000088400000|  0%| F|  |TAMS 0x0000000088300000, 0x0000000088300000| Untracked 
| 106|0x0000000088400000, 0x0000000088400000, 0x0000000088500000|  0%| F|  |TAMS 0x0000000088400000, 0x0000000088400000| Untracked 
| 107|0x0000000088500000, 0x0000000088500000, 0x0000000088600000|  0%| F|  |TAMS 0x0000000088500000, 0x0000000088500000| Untracked 
| 108|0x0000000088600000, 0x0000000088600000, 0x0000000088700000|  0%| F|  |TAMS 0x0000000088600000, 0x0000000088600000| Untracked 
| 109|0x0000000088700000, 0x0000000088700000, 0x0000000088800000|  0%| F|  |TAMS 0x0000000088700000, 0x0000000088700000| Untracked 
| 110|0x0000000088800000, 0x0000000088800000, 0x0000000088900000|  0%| F|  |TAMS 0x0000000088800000, 0x0000000088800000| Untracked 
| 111|0x0000000088900000, 0x0000000088900000, 0x0000000088a00000|  0%| F|  |TAMS 0x0000000088900000, 0x0000000088900000| Untracked 
| 112|0x0000000088a00000, 0x0000000088a00000, 0x0000000088b00000|  0%| F|  |TAMS 0x0000000088a00000, 0x0000000088a00000| Untracked 
| 113|0x0000000088b00000, 0x0000000088b00000, 0x0000000088c00000|  0%| F|  |TAMS 0x0000000088b00000, 0x0000000088b00000| Untracked 
| 114|0x0000000088c00000, 0x0000000088c00000, 0x0000000088d00000|  0%| F|  |TAMS 0x0000000088c00000, 0x0000000088c00000| Untracked 
| 115|0x0000000088d00000, 0x0000000088da9a08, 0x0000000088e00000| 66%| E|  |TAMS 0x0000000088d00000, 0x0000000088d00000| Complete 
| 116|0x0000000088e00000, 0x0000000088f00000, 0x0000000088f00000|100%| E|CS|TAMS 0x0000000088e00000, 0x0000000088e00000| Complete 
| 117|0x0000000088f00000, 0x0000000089000000, 0x0000000089000000|100%| E|CS|TAMS 0x0000000088f00000, 0x0000000088f00000| Complete 
| 126|0x0000000089800000, 0x0000000089900000, 0x0000000089900000|100%| E|CS|TAMS 0x0000000089800000, 0x0000000089800000| Complete 
| 127|0x0000000089900000, 0x0000000089a00000, 0x0000000089a00000|100%| E|CS|TAMS 0x0000000089900000, 0x0000000089900000| Complete 

Card table byte_map: [0x0000013bfdf10000,0x0000013bfe310000] _byte_map_base: 0x0000013bfdb03000

Marking Bits (Prev, Next): (CMBitMap*) 0x0000013bf63da350, (CMBitMap*) 0x0000013bf63da310
 Prev Bits: [0x0000013b90fa0000, 0x0000013b92f38000)
 Next Bits: [0x0000013b8f000000, 0x0000013b90f98000)

Polling page: 0x0000013bf4300000

Metaspace:

Usage:
  Non-class:     30.32 MB used.
      Class:      3.82 MB used.
       Both:     34.14 MB used.

Virtual space:
  Non-class space:       32.00 MB reserved,      30.50 MB ( 95%) committed,  4 nodes.
      Class space:        1.00 GB reserved,       4.00 MB ( <1%) committed,  1 nodes.
              Both:        1.03 GB reserved,      34.50 MB (  3%) committed. 

Chunk freelists:
   Non-Class:  592.00 KB
       Class:  3.84 MB
        Both:  4.42 MB

MaxMetaspaceSize: 17179869184.00 GB
CompressedClassSpaceSize: 1.00 GB
 - commit_granule_bytes: 65536.
 - commit_granule_words: 8192.
 - virtual_space_node_default_size: 1048576.
 - enlarge_chunks_in_place: 1.
 - new_chunks_are_fully_committed: 0.
 - uncommit_free_chunks: 1.
 - use_allocation_guard: 0.
 - handle_deallocations: 1.


Internal statistics:

num_allocs_failed_limit: 3.
num_arena_births: 328.
num_arena_deaths: 2.
num_vsnodes_births: 5.
num_vsnodes_deaths: 0.
num_space_committed: 552.
num_space_uncommitted: 0.
num_chunks_returned_to_freelist: 6.
num_chunks_taken_from_freelist: 1253.
num_chunk_merges: 0.
num_chunk_splits: 910.
num_chunks_enlarged: 735.
num_purges: 2.

CodeHeap 'non-profiled nmethods': size=120000Kb used=2998Kb max_used=2998Kb free=117001Kb
 bounds [0x0000013b87ad0000, 0x0000013b87dc0000, 0x0000013b8f000000]
CodeHeap 'profiled nmethods': size=120000Kb used=8004Kb max_used=8004Kb free=111995Kb
 bounds [0x0000013b805a0000, 0x0000013b80d80000, 0x0000013b87ad0000]
CodeHeap 'non-nmethods': size=5760Kb used=1313Kb max_used=1400Kb free=4447Kb
 bounds [0x0000013b80000000, 0x0000013b80270000, 0x0000013b805a0000]
 total_blobs=4444 nmethods=3816 adapters=540
 compilation: enabled
              stopped_count=0, restarted_count=0
 full_count=0

Compilation events (20 events):
Event: 11.053 Thread 0x0000013bfebb26f0 3918   !   2       java.lang.reflect.Field::declaredAnnotations (82 bytes)
Event: 11.054 Thread 0x0000013bfebb26f0 nmethod 3918 0x0000013b80d6f390 code [0x0000013b80d6f560, 0x0000013b80d6f8a8]
Event: 11.056 Thread 0x0000013bfebb26f0 3919       1       io.qameta.allure.internal.shadowed.jackson.databind.JavaType::hashCode (5 bytes)
Event: 11.056 Thread 0x0000013bfebb26f0 nmethod 3919 0x0000013b87db0610 code [0x0000013b87db07a0, 0x0000013b87db0878]
Event: 11.056 Thread 0x0000013bfebb26f0 3920       2       io.qameta.allure.internal.shadowed.jackson.databind.cfg.MapperConfig::getAnnotationIntrospector (22 bytes)
Event: 11.056 Thread 0x0000013bfebb26f0 nmethod 3920 0x0000013b80d6fb10 code [0x0000013b80d6fcc0, 0x0000013b80d6fed8]
Event: 11.056 Thread 0x0000013bfebb26f0 3921       1       io.qameta.allure.internal.shadowed.jackson.databind.cfg.BaseSettings::getTypeFactory (5 bytes)
Event: 11.057 Thread 0x0000013bfebb26f0 nmethod 3921 0x0000013b87db0910 code [0x0000013b87db0aa0, 0x0000013b87db0b78]
Event: 11.065 Thread 0x0000013bfebb26f0 3923       2       java.util.stream.Sink::begin (1 bytes)
Event: 11.065 Thread 0x0000013bfebb26f0 nmethod 3923 0x0000013b80d70010 code [0x0000013b80d701a0, 0x0000013b80d70298]
Event: 11.065 Thread 0x0000013bfebb26f0 3924       2       java.util.Spliterators$ArraySpliterator::tryAdvance (58 bytes)
Event: 11.066 Thread 0x0000013bfebb26f0 nmethod 3924 0x0000013b80d70310 code [0x0000013b80d704e0, 0x0000013b80d70758]
Event: 11.066 Thread 0x0000013bfebb26f0 3926       2       java.lang.Class::getDeclaredConstructors (27 bytes)
Event: 11.066 Thread 0x0000013bfebb26f0 nmethod 3926 0x0000013b80d70890 code [0x0000013b80d70a60, 0x0000013b80d70bf8]
Event: 11.068 Thread 0x0000013bfebb26f0 3927       2       java.lang.invoke.VarForm::getMemberName (21 bytes)
Event: 11.068 Thread 0x0000013bfebb26f0 nmethod 3927 0x0000013b80d70d10 code [0x0000013b80d70ec0, 0x0000013b80d710a8]
Event: 11.132 Thread 0x0000013bfebae160 nmethod 3859 0x0000013b87db0f10 code [0x0000013b87db14a0, 0x0000013b87db8b70]
Event: 11.133 Thread 0x0000013bfebae160 3899   !   4       java.util.ArrayList::batchRemove (184 bytes)
Event: 11.152 Thread 0x0000013bfebae160 nmethod 3899 0x0000013b87dbc610 code [0x0000013b87dbc800, 0x0000013b87dbd310]
Event: 11.152 Thread 0x0000013bfebae160 3901       4       org.aspectj.util.GenericSignatureParser::tokenize (822 bytes)

GC Heap History (20 events):
Event: 0.806 GC heap before
{Heap before GC invocations=0 (full 0):
 garbage-first heap   total 131072K, used 13312K [0x0000000081a00000, 0x0000000100000000)
  region size 1024K, 13 young (13312K), 0 survivors (0K)
 Metaspace       used 3770K, committed 3968K, reserved 1056768K
  class space    used 345K, committed 448K, reserved 1048576K
}
Event: 0.812 GC heap after
{Heap after GC invocations=1 (full 0):
 garbage-first heap   total 131072K, used 3682K [0x0000000081a00000, 0x0000000100000000)
  region size 1024K, 2 young (2048K), 2 survivors (2048K)
 Metaspace       used 3770K, committed 3968K, reserved 1056768K
  class space    used 345K, committed 448K, reserved 1048576K
}
Event: 1.304 GC heap before
{Heap before GC invocations=1 (full 0):
 garbage-first heap   total 131072K, used 16994K [0x0000000081a00000, 0x0000000100000000)
  region size 1024K, 16 young (16384K), 2 survivors (2048K)
 Metaspace       used 7412K, committed 7616K, reserved 1056768K
  class space    used 661K, committed 768K, reserved 1048576K
}
Event: 1.312 GC heap after
{Heap after GC invocations=2 (full 0):
 garbage-first heap   total 131072K, used 6210K [0x0000000081a00000, 0x0000000100000000)
  region size 1024K, 2 young (2048K), 2 survivors (2048K)
 Metaspace       used 7412K, committed 7616K, reserved 1056768K
  class space    used 661K, committed 768K, reserved 1048576K
}
Event: 2.676 GC heap before
{Heap before GC invocations=2 (full 0):
 garbage-first heap   total 131072K, used 81986K [0x0000000081a00000, 0x0000000100000000)
  region size 1024K, 76 young (77824K), 2 survivors (2048K)
 Metaspace       used 13116K, committed 13312K, reserved 1064960K
  class space    used 1145K, committed 1216K, reserved 1048576K
}
Event: 2.694 GC heap after
{Heap after GC invocations=3 (full 0):
 garbage-first heap   total 131072K, used 18154K [0x0000000081a00000, 0x0000000100000000)
  region size 1024K, 10 young (10240K), 10 survivors (10240K)
 Metaspace       used 13116K, committed 13312K, reserved 1064960K
  class space    used 1145K, committed 1216K, reserved 1048576K
}
Event: 3.396 GC heap before
{Heap before GC invocations=3 (full 0):
 garbage-first heap   total 131072K, used 67306K [0x0000000081a00000, 0x0000000100000000)
  region size 1024K, 58 young (59392K), 10 survivors (10240K)
 Metaspace       used 15889K, committed 16128K, reserved 1064960K
  class space    used 1485K, committed 1600K, reserved 1048576K
}
Event: 3.414 GC heap after
{Heap after GC invocations=4 (full 0):
 garbage-first heap   total 131072K, used 21805K [0x0000000081a00000, 0x0000000100000000)
  region size 1024K, 4 young (4096K), 4 survivors (4096K)
 Metaspace       used 15889K, committed 16128K, reserved 1064960K
  class space    used 1485K, committed 1600K, reserved 1048576K
}
Event: 4.341 GC heap before
{Heap before GC invocations=4 (full 0):
 garbage-first heap   total 131072K, used 76077K [0x0000000081a00000, 0x0000000100000000)
  region size 1024K, 58 young (59392K), 4 survivors (4096K)
 Metaspace       used 20918K, committed 21248K, reserved 1073152K
  class space    used 2051K, committed 2240K, reserved 1048576K
}
Event: 4.355 GC heap after
{Heap after GC invocations=5 (full 0):
 garbage-first heap   total 131072K, used 28160K [0x0000000081a00000, 0x0000000100000000)
  region size 1024K, 8 young (8192K), 8 survivors (8192K)
 Metaspace       used 20918K, committed 21248K, reserved 1073152K
  class space    used 2051K, committed 2240K, reserved 1048576K
}
Event: 5.040 GC heap before
{Heap before GC invocations=6 (full 0):
 garbage-first heap   total 102400K, used 81408K [0x0000000081a00000, 0x0000000100000000)
  region size 1024K, 60 young (61440K), 8 survivors (8192K)
 Metaspace       used 22888K, committed 23168K, reserved 1073152K
  class space    used 2314K, committed 2432K, reserved 1048576K
}
Event: 5.067 GC heap after
{Heap after GC invocations=7 (full 0):
 garbage-first heap   total 102400K, used 34616K [0x0000000081a00000, 0x0000000100000000)
  region size 1024K, 6 young (6144K), 6 survivors (6144K)
 Metaspace       used 22888K, committed 23168K, reserved 1073152K
  class space    used 2314K, committed 2432K, reserved 1048576K
}
Event: 5.563 GC heap before
{Heap before GC invocations=7 (full 0):
 garbage-first heap   total 102400K, used 74552K [0x0000000081a00000, 0x0000000100000000)
  region size 1024K, 45 young (46080K), 6 survivors (6144K)
 Metaspace       used 26214K, committed 26496K, reserved 1073152K
  class space    used 2721K, committed 2880K, reserved 1048576K
}
Event: 5.586 GC heap after
{Heap after GC invocations=8 (full 0):
 garbage-first heap   total 122880K, used 39424K [0x0000000081a00000, 0x0000000100000000)
  region size 1024K, 5 young (5120K), 5 survivors (5120K)
 Metaspace       used 26214K, committed 26496K, reserved 1073152K
  class space    used 2721K, committed 2880K, reserved 1048576K
}
Event: 6.964 GC heap before
{Heap before GC invocations=8 (full 0):
 garbage-first heap   total 122880K, used 89600K [0x0000000081a00000, 0x0000000100000000)
  region size 1024K, 54 young (55296K), 5 survivors (5120K)
 Metaspace       used 29529K, committed 29888K, reserved 1081344K
  class space    used 3189K, committed 3392K, reserved 1048576K
}
Event: 6.986 GC heap after
{Heap after GC invocations=9 (full 0):
 garbage-first heap   total 122880K, used 45056K [0x0000000081a00000, 0x0000000100000000)
  region size 1024K, 5 young (5120K), 5 survivors (5120K)
 Metaspace       used 29529K, committed 29888K, reserved 1081344K
  class space    used 3189K, committed 3392K, reserved 1048576K
}
Event: 8.622 GC heap before
{Heap before GC invocations=9 (full 0):
 garbage-first heap   total 122880K, used 97280K [0x0000000081a00000, 0x0000000100000000)
  region size 1024K, 51 young (52224K), 5 survivors (5120K)
 Metaspace       used 32091K, committed 32448K, reserved 1081344K
  class space    used 3548K, committed 3712K, reserved 1048576K
}
Event: 8.640 GC heap after
{Heap after GC invocations=10 (full 0):
 garbage-first heap   total 122880K, used 54190K [0x0000000081a00000, 0x0000000100000000)
  region size 1024K, 4 young (4096K), 4 survivors (4096K)
 Metaspace       used 32091K, committed 32448K, reserved 1081344K
  class space    used 3548K, committed 3712K, reserved 1048576K
}
Event: 10.922 GC heap before
{Heap before GC invocations=10 (full 0):
 garbage-first heap   total 122880K, used 95150K [0x0000000081a00000, 0x0000000100000000)
  region size 1024K, 44 young (45056K), 4 survivors (4096K)
 Metaspace       used 34707K, committed 35008K, reserved 1081344K
  class space    used 3880K, committed 4032K, reserved 1048576K
}
Event: 10.940 GC heap after
{Heap after GC invocations=11 (full 0):
 garbage-first heap   total 122880K, used 58099K [0x0000000081a00000, 0x0000000100000000)
  region size 1024K, 4 young (4096K), 4 survivors (4096K)
 Metaspace       used 34707K, committed 35008K, reserved 1081344K
  class space    used 3880K, committed 4032K, reserved 1048576K
}

Deoptimization events (20 events):
Event: 10.675 Thread 0x0000013bf639b170 Uncommon trap: trap_request=0xffffff45 fr.pc=0x0000013b87b4e534 relative=0x0000000000000194
Event: 10.675 Thread 0x0000013bf639b170 Uncommon trap: reason=unstable_if action=reinterpret pc=0x0000013b87b4e534 method=java.lang.StringCoding.hasNegatives([BII)Z @ 12 c2
Event: 10.675 Thread 0x0000013bf639b170 DEOPT PACKING pc=0x0000013b87b4e534 sp=0x00000034dcdfd4d0
Event: 10.675 Thread 0x0000013bf639b170 DEOPT UNPACKING pc=0x0000013b8004d72e sp=0x00000034dcdfd460 mode 2
Event: 10.695 Thread 0x0000013bf639b170 Uncommon trap: trap_request=0xffffff45 fr.pc=0x0000013b87c6411c relative=0x000000000000071c
Event: 10.695 Thread 0x0000013bf639b170 Uncommon trap: reason=unstable_if action=reinterpret pc=0x0000013b87c6411c method=java.lang.ThreadLocal$ThreadLocalMap.getEntry(Ljava/lang/ThreadLocal;)Ljava/lang/ThreadLocal$ThreadLocalMap$Entry; @ 29 c2
Event: 10.695 Thread 0x0000013bf639b170 DEOPT PACKING pc=0x0000013b87c6411c sp=0x00000034dcdfe160
Event: 10.695 Thread 0x0000013bf639b170 DEOPT UNPACKING pc=0x0000013b8004d72e sp=0x00000034dcdfe0b8 mode 2
Event: 10.738 Thread 0x0000013bf639b170 Uncommon trap: trap_request=0xffffff45 fr.pc=0x0000013b87d9991c relative=0x0000000000000f9c
Event: 10.738 Thread 0x0000013bf639b170 Uncommon trap: reason=unstable_if action=reinterpret pc=0x0000013b87d9991c method=java.util.WeakHashMap.remove(Ljava/lang/Object;)Ljava/lang/Object; @ 92 c2
Event: 10.738 Thread 0x0000013bf639b170 DEOPT PACKING pc=0x0000013b87d9991c sp=0x00000034dcdfa200
Event: 10.738 Thread 0x0000013bf639b170 DEOPT UNPACKING pc=0x0000013b8004d72e sp=0x00000034dcdfa1b0 mode 2
Event: 10.989 Thread 0x0000013bf639b170 DEOPT PACKING pc=0x0000013b80d64ed6 sp=0x00000034dcdfa090
Event: 10.989 Thread 0x0000013bf639b170 DEOPT UNPACKING pc=0x0000013b8004dece sp=0x00000034dcdf9518 mode 0
Event: 10.993 Thread 0x0000013bf639b170 DEOPT PACKING pc=0x0000013b809e2509 sp=0x00000034dcdf99b0
Event: 10.993 Thread 0x0000013bf639b170 DEOPT UNPACKING pc=0x0000013b8004dece sp=0x00000034dcdf8f98 mode 0
Event: 11.017 Thread 0x0000013bf639b170 Uncommon trap: trap_request=0xffffff45 fr.pc=0x0000013b87bc1dbc relative=0x000000000000021c
Event: 11.017 Thread 0x0000013bf639b170 Uncommon trap: reason=unstable_if action=reinterpret pc=0x0000013b87bc1dbc method=java.util.concurrent.ConcurrentHashMap.get(Ljava/lang/Object;)Ljava/lang/Object; @ 152 c2
Event: 11.017 Thread 0x0000013bf639b170 DEOPT PACKING pc=0x0000013b87bc1dbc sp=0x00000034dcdfd970
Event: 11.017 Thread 0x0000013bf639b170 DEOPT UNPACKING pc=0x0000013b8004d72e sp=0x00000034dcdfd8e8 mode 2

Classes unloaded (1 events):
Event: 4.411 Thread 0x0000013bfeb8be60 Unloading class 0x0000000800ca0800 'java/lang/invoke/LambdaForm$DMH+0x0000000800ca0800'

Classes redefined (0 events):
No events

Internal exceptions (20 events):
Event: 8.784 Thread 0x0000013bf639b170 Exception <a 'java/lang/ClassNotFoundException'{0x0000000088b27600}: sun/util/logging/resources/spi/loggingProvider> (0x0000000088b27600) 
thrown [t:\workspace\open\src\hotspot\share\classfile\systemDictionary.cpp, line 256]
Event: 10.142 Thread 0x0000013bf639b170 Exception <a 'java/lang/IncompatibleClassChangeError'{0x0000000087818b68}: Found class java.lang.Object, but interface was expected> (0x0000000087818b68) 
thrown [t:\workspace\open\src\hotspot\share\interpreter\linkResolver.cpp, line 857]
Event: 10.142 Thread 0x0000013bf639b170 Exception <a 'java/lang/IncompatibleClassChangeError'{0x000000008781c180}: Found class java.lang.Object, but interface was expected> (0x000000008781c180) 
thrown [t:\workspace\open\src\hotspot\share\interpreter\linkResolver.cpp, line 857]
Event: 10.143 Thread 0x0000013bf639b170 Exception <a 'java/lang/IncompatibleClassChangeError'{0x000000008781f4e8}: Found class java.lang.Object, but interface was expected> (0x000000008781f4e8) 
thrown [t:\workspace\open\src\hotspot\share\interpreter\linkResolver.cpp, line 857]
Event: 10.144 Thread 0x0000013bf639b170 Exception <a 'java/lang/IncompatibleClassChangeError'{0x0000000087822880}: Found class java.lang.Object, but interface was expected> (0x0000000087822880) 
thrown [t:\workspace\open\src\hotspot\share\interpreter\linkResolver.cpp, line 857]
Event: 10.155 Thread 0x0000013bf639b170 Exception <a 'java/lang/NoSuchMethodError'{0x0000000087852f50}: 'int java.lang.invoke.DirectMethodHandle$Holder.invokeStatic(java.lang.Object, java.lang.Object, java.lang.Object, java.lang.Object, java.lang.Object)'> (0x0000000087852f50) 
thrown [t:\workspace\open\src\hotspot\share\interpreter\linkResolver.cpp, line 790]
Event: 10.187 Thread 0x0000013bf639b170 Exception <a 'java/lang/NoSuchMethodError'{0x0000000087681a28}: 'void java.lang.invoke.DirectMethodHandle$Holder.invokeInterface(java.lang.Object, java.lang.Object)'> (0x0000000087681a28) 
thrown [t:\workspace\open\src\hotspot\share\interpreter\linkResolver.cpp, line 790]
Event: 10.278 Thread 0x0000013bf639b170 Exception <a 'java/lang/IncompatibleClassChangeError'{0x000000008723b5b0}: Found class java.lang.Object, but interface was expected> (0x000000008723b5b0) 
thrown [t:\workspace\open\src\hotspot\share\interpreter\linkResolver.cpp, line 857]
Event: 10.278 Thread 0x0000013bf639b170 Exception <a 'java/lang/IncompatibleClassChangeError'{0x000000008723e8d0}: Found class java.lang.Object, but interface was expected> (0x000000008723e8d0) 
thrown [t:\workspace\open\src\hotspot\share\interpreter\linkResolver.cpp, line 857]
Event: 10.279 Thread 0x0000013bf639b170 Exception <a 'java/lang/IncompatibleClassChangeError'{0x0000000087241bc8}: Found class java.lang.Object, but interface was expected> (0x0000000087241bc8) 
thrown [t:\workspace\open\src\hotspot\share\interpreter\linkResolver.cpp, line 857]
Event: 10.279 Thread 0x0000013bf639b170 Exception <a 'java/lang/IncompatibleClassChangeError'{0x0000000087244ef0}: Found class java.lang.Object, but interface was expected> (0x0000000087244ef0) 
thrown [t:\workspace\open\src\hotspot\share\interpreter\linkResolver.cpp, line 857]
Event: 10.281 Thread 0x0000013bf639b170 Exception <a 'java/lang/IncompatibleClassChangeError'{0x0000000087253310}: Found class java.lang.Object, but interface was expected> (0x0000000087253310) 
thrown [t:\workspace\open\src\hotspot\share\interpreter\linkResolver.cpp, line 857]
Event: 10.281 Thread 0x0000013bf639b170 Exception <a 'java/lang/IncompatibleClassChangeError'{0x00000000872566f8}: Found class java.lang.Object, but interface was expected> (0x00000000872566f8) 
thrown [t:\workspace\open\src\hotspot\share\interpreter\linkResolver.cpp, line 857]
Event: 10.686 Thread 0x0000013bf639b170 Exception <a 'java/lang/IncompatibleClassChangeError'{0x0000000087177258}: Found class java.lang.Object, but interface was expected> (0x0000000087177258) 
thrown [t:\workspace\open\src\hotspot\share\interpreter\linkResolver.cpp, line 857]
Event: 10.686 Thread 0x0000013bf639b170 Exception <a 'java/lang/IncompatibleClassChangeError'{0x000000008717a510}: Found class java.lang.Object, but interface was expected> (0x000000008717a510) 
thrown [t:\workspace\open\src\hotspot\share\interpreter\linkResolver.cpp, line 857]
Event: 10.687 Thread 0x0000013bf639b170 Exception <a 'java/lang/IncompatibleClassChangeError'{0x000000008717d808}: Found class java.lang.Object, but interface was expected> (0x000000008717d808) 
thrown [t:\workspace\open\src\hotspot\share\interpreter\linkResolver.cpp, line 857]
Event: 10.687 Thread 0x0000013bf639b170 Exception <a 'java/lang/IncompatibleClassChangeError'{0x0000000087180d18}: Found class java.lang.Object, but interface was expected> (0x0000000087180d18) 
thrown [t:\workspace\open\src\hotspot\share\interpreter\linkResolver.cpp, line 857]
Event: 10.687 Thread 0x0000013bf639b170 Exception <a 'java/lang/IncompatibleClassChangeError'{0x0000000087184010}: Found class java.lang.Object, but interface was expected> (0x0000000087184010) 
thrown [t:\workspace\open\src\hotspot\share\interpreter\linkResolver.cpp, line 857]
Event: 10.688 Thread 0x0000013bf639b170 Exception <a 'sun/nio/fs/WindowsException'{0x00000000871872f8}> (0x00000000871872f8) 
thrown [t:\workspace\open\src\hotspot\share\prims\jni.cpp, line 579]
Event: 11.059 Thread 0x0000013bf639b170 Exception <a 'java/lang/IncompatibleClassChangeError'{0x0000000088ecf9c8}: Found class java.lang.Object, but interface was expected> (0x0000000088ecf9c8) 
thrown [t:\workspace\open\src\hotspot\share\interpreter\linkResolver.cpp, line 857]

Events (20 events):
Event: 10.697 loading class java/util/concurrent/atomic/AtomicReferenceArray
Event: 10.697 loading class java/util/concurrent/atomic/AtomicReferenceArray done
Event: 10.754 Executing  VM operation: HandshakeAllThreads
Event: 10.754 Executing  VM operation: HandshakeAllThreads done
Event: 10.907 loading class org/w3c/dom/Node
Event: 10.907 loading class org/w3c/dom/Node done
Event: 10.907 loading class org/w3c/dom/Document
Event: 10.908 loading class org/w3c/dom/Document done
Event: 10.922 Executing  VM operation: G1CollectForAllocation
Event: 10.940 Executing  VM operation: G1CollectForAllocation done
Event: 10.991 loading class sun/reflect/generics/scope/MethodScope
Event: 10.991 loading class sun/reflect/generics/scope/MethodScope done
Event: 10.991 loading class sun/reflect/generics/repository/MethodRepository
Event: 10.992 loading class sun/reflect/generics/repository/ConstructorRepository
Event: 10.992 loading class sun/reflect/generics/repository/ConstructorRepository done
Event: 10.992 loading class sun/reflect/generics/repository/MethodRepository done
Event: 10.992 loading class sun/reflect/generics/tree/MethodTypeSignature
Event: 10.992 loading class sun/reflect/generics/tree/MethodTypeSignature done
Event: 11.060 loading class java/util/concurrent/ConcurrentLinkedQueue$Itr
Event: 11.061 loading class java/util/concurrent/ConcurrentLinkedQueue$Itr done


Dynamic libraries:
0x00007ff67b6e0000 - 0x00007ff67b6f0000 	C:\Program Files\Java\jdk-16.0.1\bin\java.exe
0x00007ffbcaf50000 - 0x00007ffbcb148000 	C:\WINDOWS\SYSTEM32\ntdll.dll
0x00007ffbc9fc0000 - 0x00007ffbca07d000 	C:\WINDOWS\System32\KERNEL32.DLL
0x00007ffbc8ce0000 - 0x00007ffbc8fae000 	C:\WINDOWS\System32\KERNELBASE.dll
0x00007ffbc8670000 - 0x00007ffbc8770000 	C:\WINDOWS\System32\ucrtbase.dll
0x00007ffbc0ef0000 - 0x00007ffbc0f09000 	C:\Program Files\Java\jdk-16.0.1\bin\VCRUNTIME140.dll
0x00007ffbc0f50000 - 0x00007ffbc0f68000 	C:\Program Files\Java\jdk-16.0.1\bin\jli.dll
0x00007ffbc9040000 - 0x00007ffbc90ee000 	C:\WINDOWS\System32\ADVAPI32.dll
0x00007ffbca080000 - 0x00007ffbca11e000 	C:\WINDOWS\System32\msvcrt.dll
0x00007ffbc90f0000 - 0x00007ffbc918c000 	C:\WINDOWS\System32\sechost.dll
0x00007ffbca120000 - 0x00007ffbca245000 	C:\WINDOWS\System32\RPCRT4.dll
0x00007ffbcad70000 - 0x00007ffbcaf10000 	C:\WINDOWS\System32\USER32.dll
0x00007ffbc8770000 - 0x00007ffbc8792000 	C:\WINDOWS\System32\win32u.dll
0x00007ffbc9a40000 - 0x00007ffbc9a6a000 	C:\WINDOWS\System32\GDI32.dll
0x00007ffbc8850000 - 0x00007ffbc895b000 	C:\WINDOWS\System32\gdi32full.dll
0x00007ffbc8960000 - 0x00007ffbc89fd000 	C:\WINDOWS\System32\msvcp_win.dll
0x00007ffbb3e40000 - 0x00007ffbb40da000 	C:\WINDOWS\WinSxS\amd64_microsoft.windows.common-controls_6595b64144ccf1df_6.0.19041.1110_none_60b5254171f9507e\COMCTL32.dll
0x00007ffbc65b0000 - 0x00007ffbc65ba000 	C:\WINDOWS\SYSTEM32\VERSION.dll
0x00007ffbc9010000 - 0x00007ffbc9040000 	C:\WINDOWS\System32\IMM32.DLL
0x00007ffbc3930000 - 0x00007ffbc393c000 	C:\Program Files\Java\jdk-16.0.1\bin\vcruntime140_1.dll
0x00007ffb9f580000 - 0x00007ffb9f611000 	C:\Program Files\Java\jdk-16.0.1\bin\msvcp140.dll
0x00007ffb575e0000 - 0x00007ffb5818b000 	C:\Program Files\Java\jdk-16.0.1\bin\server\jvm.dll
0x00007ffbc9e80000 - 0x00007ffbc9e88000 	C:\WINDOWS\System32\PSAPI.DLL
0x00007ffbb07c0000 - 0x00007ffbb07c9000 	C:\WINDOWS\SYSTEM32\WSOCK32.dll
0x00007ffbc9ad0000 - 0x00007ffbc9b3b000 	C:\WINDOWS\System32\WS2_32.dll
0x00007ffbc6580000 - 0x00007ffbc65a7000 	C:\WINDOWS\SYSTEM32\WINMM.dll
0x00007ffbc6f50000 - 0x00007ffbc6f62000 	C:\WINDOWS\SYSTEM32\kernel.appcore.dll
0x00007ffbc0f40000 - 0x00007ffbc0f4a000 	C:\Program Files\Java\jdk-16.0.1\bin\jimage.dll
0x00007ffbc6390000 - 0x00007ffbc6574000 	C:\WINDOWS\SYSTEM32\DBGHELP.DLL
0x00007ffbc6360000 - 0x00007ffbc638c000 	C:\WINDOWS\SYSTEM32\dbgcore.DLL
0x00007ffbc8c50000 - 0x00007ffbc8cd2000 	C:\WINDOWS\System32\bcryptPrimitives.dll
0x00007ffbc0ee0000 - 0x00007ffbc0eee000 	C:\Program Files\Java\jdk-16.0.1\bin\instrument.dll
0x00007ffbc0e50000 - 0x00007ffbc0e75000 	C:\Program Files\Java\jdk-16.0.1\bin\java.dll
0x00007ffbca300000 - 0x00007ffbcaa44000 	C:\WINDOWS\System32\SHELL32.dll
0x00007ffbc6750000 - 0x00007ffbc6ee4000 	C:\WINDOWS\SYSTEM32\windows.storage.dll
0x00007ffbc96e0000 - 0x00007ffbc9a34000 	C:\WINDOWS\System32\combase.dll
0x00007ffbc80d0000 - 0x00007ffbc8100000 	C:\WINDOWS\SYSTEM32\Wldp.dll
0x00007ffbcaa50000 - 0x00007ffbcaafd000 	C:\WINDOWS\System32\SHCORE.dll
0x00007ffbc9e20000 - 0x00007ffbc9e75000 	C:\WINDOWS\System32\shlwapi.dll
0x00007ffbc85b0000 - 0x00007ffbc85cf000 	C:\WINDOWS\SYSTEM32\profapi.dll
0x00007ffbb6500000 - 0x00007ffbb6518000 	C:\Program Files\Java\jdk-16.0.1\bin\zip.dll
0x00007ffbc0840000 - 0x00007ffbc0859000 	C:\Program Files\Java\jdk-16.0.1\bin\net.dll
0x00007ffbb6340000 - 0x00007ffbb644a000 	C:\WINDOWS\SYSTEM32\WINHTTP.dll
0x00007ffbc7e30000 - 0x00007ffbc7e9a000 	C:\WINDOWS\system32\mswsock.dll
0x00007ffbb66f0000 - 0x00007ffbb6703000 	C:\Program Files\Java\jdk-16.0.1\bin\nio.dll
0x00007ffbb6290000 - 0x00007ffbb62aa000 	C:\Program Files\JetBrains\IntelliJ IDEA 2022.2\bin\breakgen64.dll
0x00007ffbc0ed0000 - 0x00007ffbc0ee0000 	C:\Program Files\Java\jdk-16.0.1\bin\verify.dll
0x00007ffbc8020000 - 0x00007ffbc8038000 	C:\WINDOWS\SYSTEM32\CRYPTSP.dll
0x00007ffbc7740000 - 0x00007ffbc7774000 	C:\WINDOWS\system32\rsaenh.dll
0x00007ffbc8c20000 - 0x00007ffbc8c47000 	C:\WINDOWS\System32\bcrypt.dll
0x00007ffbc8570000 - 0x00007ffbc859e000 	C:\WINDOWS\SYSTEM32\USERENV.dll
0x00007ffbc8040000 - 0x00007ffbc804c000 	C:\WINDOWS\SYSTEM32\CRYPTBASE.dll
0x00007ffbc7ad0000 - 0x00007ffbc7b0b000 	C:\WINDOWS\SYSTEM32\IPHLPAPI.DLL
0x00007ffbc9260000 - 0x00007ffbc9268000 	C:\WINDOWS\System32\NSI.dll
0x00007ffbbeb20000 - 0x00007ffbbeb37000 	C:\WINDOWS\SYSTEM32\dhcpcsvc6.DLL
0x00007ffbbeb60000 - 0x00007ffbbeb7d000 	C:\WINDOWS\SYSTEM32\dhcpcsvc.DLL
0x00007ffbc7b10000 - 0x00007ffbc7bda000 	C:\WINDOWS\SYSTEM32\DNSAPI.dll
0x00007ffbb66e0000 - 0x00007ffbb66ee000 	C:\Program Files\Java\jdk-16.0.1\bin\sunmscapi.dll
0x00007ffbc8ac0000 - 0x00007ffbc8c16000 	C:\WINDOWS\System32\CRYPT32.dll
0x00007ffbc8140000 - 0x00007ffbc8167000 	C:\WINDOWS\SYSTEM32\ncrypt.dll
0x00007ffbc8100000 - 0x00007ffbc813b000 	C:\WINDOWS\SYSTEM32\NTASN1.dll
0x00007ffbb4b40000 - 0x00007ffbb4b4a000 	C:\Windows\System32\rasadhlp.dll
0x00007ffbb62b0000 - 0x00007ffbb6330000 	C:\WINDOWS\System32\fwpuclnt.dll
0x00007ffbc0830000 - 0x00007ffbc0839000 	C:\Program Files\Java\jdk-16.0.1\bin\management.dll
0x00007ffbbf670000 - 0x00007ffbbf67b000 	C:\Program Files\Java\jdk-16.0.1\bin\management_ext.dll
0x00007ffbc0e80000 - 0x00007ffbc0e87000 	C:\WINDOWS\system32\wshunix.dll
0x00007ffba5790000 - 0x00007ffba57a7000 	C:\WINDOWS\system32\napinsp.dll
0x00007ffba5770000 - 0x00007ffba578b000 	C:\WINDOWS\system32\pnrpnsp.dll
0x00007ffba5750000 - 0x00007ffba5765000 	C:\WINDOWS\system32\wshbth.dll
0x00007ffbc3bf0000 - 0x00007ffbc3c0d000 	C:\WINDOWS\system32\NLAapi.dll
0x00007ffba5730000 - 0x00007ffba5742000 	C:\WINDOWS\System32\winrnr.dll

dbghelp: loaded successfully - version: 4.0.5 - missing functions: none
symbol engine: initialized successfully - sym options: 0x614 - pdb path: .;C:\Program Files\Java\jdk-16.0.1\bin;C:\WINDOWS\SYSTEM32;C:\WINDOWS\WinSxS\amd64_microsoft.windows.common-controls_6595b64144ccf1df_6.0.19041.1110_none_60b5254171f9507e;C:\Program Files\Java\jdk-16.0.1\bin\server;C:\Program Files\JetBrains\IntelliJ IDEA 2022.2\bin

VM Arguments:
jvm_args: -ea -javaagent:C:\Users\DELL\.m2\repository/org/aspectj/aspectjweaver/1.9.9.1/aspectjweaver-1.9.9.1.jar -Didea.test.cyclic.buffer.size=1048576 -javaagent:C:\Program Files\JetBrains\IntelliJ IDEA 2022.2\lib\idea_rt.jar=61163:C:\Program Files\JetBrains\IntelliJ IDEA 2022.2\bin -Dfile.encoding=UTF-8 
java_command: com.intellij.rt.testng.RemoteTestNGStarter -usedefaultlisteners false -socket61162 @w@C:\Users\DELL\AppData\Local\Temp\idea_working_dirs_testng.tmp -temp C:\Users\DELL\AppData\Local\Temp\idea_testng.tmp
java_class_path (initial): C:\Program Files\JetBrains\IntelliJ IDEA 2022.2\lib\idea_rt.jar;C:\Program Files\JetBrains\IntelliJ IDEA 2022.2\plugins\testng\lib\testng-rt.jar;D:\TAProject\target\test-classes;C:\Users\DELL\.m2\repository\io\qameta\allure\allure-testng\2.18.1\allure-testng-2.18.1.jar;C:\Users\DELL\.m2\repository\io\qameta\allure\allure-java-commons\2.18.1\allure-java-commons-2.18.1.jar;C:\Users\DELL\.m2\repository\io\qameta\allure\allure-model\2.18.1\allure-model-2.18.1.jar;C:\Users\DELL\.m2\repository\io\qameta\allure\allure-test-filter\2.18.1\allure-test-filter-2.18.1.jar;C:\Users\DELL\.m2\repository\com\codeborne\selenide-testng\6.5.1\selenide-testng-6.5.1.jar;C:\Users\DELL\.m2\repository\org\seleniumhq\selenium\selenium-java\4.1.4\selenium-java-4.1.4.jar;C:\Users\DELL\.m2\repository\org\seleniumhq\selenium\selenium-api\4.1.4\selenium-api-4.1.4.jar;C:\Users\DELL\.m2\repository\org\seleniumhq\selenium\selenium-chrome-driver\4.1.4\selenium-chrome-driver-4.1.4.jar;C:\Users\DELL\.m2\repository\com\google\auto\service\auto-service-annotations\1.0.1\auto-service-annotations-1.0.1.jar;C:\Users\DELL\.m2\repository\com\google\auto\service\auto-service\1.0.1\auto-service-1.0.1.jar;C:\Users\DELL\.m2\repository\com\google\auto\auto-common\1.2\auto-common-1.2.jar;C:\Users\DELL\.m2\repository\org\seleniumhq\selenium\selenium-chromium-driver\4.1.4\selenium-chromium-driver-4.1.4.jar;C:\Users\DELL\.m2\repository\org\seleniumhq\selenium\selenium-json\4.1.4\selenium-json-4.1.4.jar;C:\Users\DELL\.m2\repository\org\seleniumhq\selenium\selenium-devtools-v100\4.1.4\selenium-devtools-v100-4.1.4.jar;C:\Users\DELL\.m2\repository\org\seleniumhq\selenium\selenium-devtools-v101\4.1.4\selenium-devtools-v101-4.1.4.jar;C:\Users\DELL\.m2\repository\org\seleniumhq\selenium\selenium-devtools-v85\4.1.4\selenium-devtools-v85-4.1.4.jar;C:\Users\DELL\.m2\repository\org\seleniumhq\selenium\selenium-devtools-v99\4.1.4\selenium-devtools-v99-4.1.4.jar;C:\Users\DELL\.m2\repository\org\seleniu
Launcher Type: SUN_STANDARD

[Global flags]
     intx CICompilerCount                          = 3                                         {product} {ergonomic}
     uint ConcGCThreads                            = 1                                         {product} {ergonomic}
     uint G1ConcRefinementThreads                  = 4                                         {product} {ergonomic}
   size_t G1HeapRegionSize                         = 1048576                                   {product} {ergonomic}
    uintx GCDrainStackTargetSize                   = 64                                        {product} {ergonomic}
   size_t InitialHeapSize                          = 134217728                                 {product} {ergonomic}
   size_t MarkStackSize                            = 4194304                                   {product} {ergonomic}
   size_t MaxHeapSize                              = 2120220672                                {product} {ergonomic}
   size_t MaxNewSize                               = 1271922688                                {product} {ergonomic}
   size_t MinHeapDeltaBytes                        = 1048576                                   {product} {ergonomic}
   size_t MinHeapSize                              = 8388608                                   {product} {ergonomic}
    uintx NonNMethodCodeHeapSize                   = 5832780                                {pd product} {ergonomic}
    uintx NonProfiledCodeHeapSize                  = 122912730                              {pd product} {ergonomic}
    uintx ProfiledCodeHeapSize                     = 122912730                              {pd product} {ergonomic}
    uintx ReservedCodeCacheSize                    = 251658240                              {pd product} {ergonomic}
     bool SegmentedCodeCache                       = true                                      {product} {ergonomic}
   size_t SoftMaxHeapSize                          = 2120220672                             {manageable} {ergonomic}
     bool UseCompressedClassPointers               = true                           {product lp64_product} {ergonomic}
     bool UseCompressedOops                        = true                           {product lp64_product} {ergonomic}
     bool UseG1GC                                  = true                                      {product} {ergonomic}
     bool UseLargePagesIndividualAllocation        = false                                  {pd product} {ergonomic}

Logging:
Log output configuration:
 #0: stdout all=warning uptime,level,tags
 #1: stderr all=off uptime,level,tags

Environment Variables:
PATH=C:\Program Files\Common Files\Oracle\Java\javapath;C:\WINDOWS\system32;C:\WINDOWS;C:\WINDOWS\System32\Wbem;C:\WINDOWS\System32\WindowsPowerShell\v1.0\;C:\WINDOWS\System32\OpenSSH\;C:\Program Files\Microsoft SQL Server\110\Tools\Binn\;C:\Program Files (x86)\Microsoft SQL Server\110\Tools\Binn\;C:\Program Files\Microsoft SQL Server\110\DTS\Binn\;C:\Program Files (x86)\Microsoft SQL Server\110\Tools\Binn\ManagementStudio\;C:\Program Files (x86)\Microsoft Visual Studio 10.0\Common7\IDE\PrivateAssemblies\;C:\Program Files (x86)\Microsoft SQL Server\110\DTS\Binn\;C:\Program Files\TortoiseGit\bin;C:\Program Files\Git\cmd;C:\Users\DELL\AppData\Local\Microsoft\WindowsApps;;C:\Program Files\JetBrains\IntelliJ IDEA Community Edition 2020.3.3\bin;;C:\Users\DELL\AppData\Local\Programs\Microsoft VS Code\bin
USERNAME=DELL
OS=Windows_NT
PROCESSOR_IDENTIFIER=Intel64 Family 6 Model 78 Stepping 3, GenuineIntel



---------------  S Y S T E M  ---------------

OS:
 Windows 10 , 64 bit Build 19041 (10.0.19041.1889)
OS uptime: 6 days 14:32 hours

CPU: total 4 (initial active 4) (2 cores per cpu, 2 threads per core) family 6 model 78 stepping 3 microcode 0xcc, cx8, cmov, fxsr, ht, mmx, 3dnowpref, sse, sse2, sse3, ssse3, sse4.1, sse4.2, popcnt, lzcnt, tsc, tscinvbit, avx, avx2, aes, erms, clmul, bmi1, bmi2, rtm, adx, fma, vzeroupper, clflush, clflushopt

Memory: 4k page, system-wide physical 8083M (375M free)
TotalPageFile size 21906M (AvailPageFile size 15M)
current process WorkingSet (physical memory assigned to process): 281M, peak: 288M
current process commit charge ("private bytes"): 317M, peak: 320M

vm_info: Java HotSpot(TM) 64-Bit Server VM (16.0.1+9-24) for windows-amd64 JRE (16.0.1+9-24), built on Mar 26 2021 19:31:42 by "mach5one" with MS VC++ 16.7 (VS2019)

END.
