#
# There is insufficient memory for the Java Runtime Environment to continue.
# Native memory allocation (malloc) failed to allocate 1114336 bytes for Chunk::new
# Possible reasons:
#   The system is out of physical RAM or swap space
#   The process is running with CompressedOops enabled, and the Java Heap may be blocking the growth of the native heap
# Possible solutions:
#   Reduce memory load on the system
#   Increase physical memory or swap space
#   Check if swap backing store is full
#   Decrease Java heap size (-Xmx/-Xms)
#   Decrease number of Java threads
#   Decrease Java thread stack sizes (-Xss)
#   Set larger code cache with -XX:ReservedCodeCacheSize=
#   JVM is running with Unscaled Compressed Oops mode in which the Java heap is
#     placed in the first 4GB address space. The Java Heap base address is the
#     maximum limit for the native heap growth. Please use -XX:HeapBaseMinAddress
#     to set the Java Heap base and to place the Java Heap above 4GB virtual address.
# This output file may be truncated or incomplete.
#
#  Out of Memory Error (arena.cpp:195), pid=17372, tid=22380
#
# JRE version: Java(TM) SE Runtime Environment (16.0.1+9) (build 16.0.1+9-24)
# Java VM: Java HotSpot(TM) 64-Bit Server VM (16.0.1+9-24, mixed mode, sharing, tiered, compressed oops, compressed class ptrs, g1 gc, windows-amd64)
# No core dump will be written. Minidumps are not enabled by default on client versions of Windows
#

---------------  S U M M A R Y ------------

Command Line: -ea -javaagent:C:\Users\DELL\.m2\repository/org/aspectj/aspectjweaver/1.9.9.1/aspectjweaver-1.9.9.1.jar -Didea.test.cyclic.buffer.size=1048576 -javaagent:C:\Program Files\JetBrains\IntelliJ IDEA 2022.2\lib\idea_rt.jar=57977:C:\Program Files\JetBrains\IntelliJ IDEA 2022.2\bin -Dfile.encoding=UTF-8 com.intellij.rt.testng.RemoteTestNGStarter -usedefaultlisteners false -socket57976 @w@C:\Users\DELL\AppData\Local\Temp\idea_working_dirs_testng.tmp -temp C:\Users\DELL\AppData\Local\Temp\idea_testng.tmp

Host: Intel(R) Core(TM) i7-6600U CPU @ 2.60GHz, 4 cores, 7G,  Windows 10 , 64 bit Build 19041 (10.0.19041.1889)
Time: Wed Aug 17 14:19:02 2022 SE Asia Standard Time elapsed time: 13.453604 seconds (0d 0h 0m 13s)

---------------  T H R E A D  ---------------

Current thread (0x000001a3e0caca00):  JavaThread "C2 CompilerThread0" daemon [_thread_in_native, id=22380, stack(0x0000000456f00000,0x0000000457000000)]


Current CompileTask:
C2:  13453 3784   !   4       jdk.internal.loader.URLClassPath$JarLoader::getResource (354 bytes)

Stack: [0x0000000456f00000,0x0000000457000000]
Native frames: (J=compiled Java code, j=interpreted, Vv=VM code, C=native code)
V  [jvm.dll+0x6687ca]
V  [jvm.dll+0x7ca3c9]
V  [jvm.dll+0x7cbb53]
V  [jvm.dll+0x7cc1b3]
V  [jvm.dll+0x242ea5]
V  [jvm.dll+0xadeca]
V  [jvm.dll+0xae5ac]
V  [jvm.dll+0x2a52cf]
V  [jvm.dll+0x574359]
V  [jvm.dll+0x21eb55]
V  [jvm.dll+0x217e51]
V  [jvm.dll+0x21524c]
V  [jvm.dll+0x1a1d9b]
V  [jvm.dll+0x2253a8]
V  [jvm.dll+0x2233ec]
V  [jvm.dll+0x780002]
V  [jvm.dll+0x779b4a]
V  [jvm.dll+0x667666]
C  [ucrtbase.dll+0x21bb2]
C  [KERNEL32.DLL+0x17034]
C  [ntdll.dll+0x52651]


---------------  P R O C E S S  ---------------

Threads class SMR info:
_java_thread_list=0x000001a3e4654f00, length=27, elements={
0x000001a3c160b090, 0x000001a3e0c8f280, 0x000001a3e0c903a0, 0x000001a3e0c9c7e0,
0x000001a3e0c9d0f0, 0x000001a3e0c9da00, 0x000001a3e0ca0320, 0x000001a3e0caca00,
0x000001a3e0cb6370, 0x000001a3e0cd30a0, 0x000001a3c16ddf80, 0x000001a3e25aee80,
0x000001a3e1f1faf0, 0x000001a3e3ff9630, 0x000001a3e3ffa620, 0x000001a3e3ffa0d0,
0x000001a3e3ff7650, 0x000001a3e3ff7ba0, 0x000001a3e3ff80f0, 0x000001a3e3ff8640,
0x000001a3e3ff8b90, 0x000001a3e3ff90e0, 0x000001a3e3ff9b80, 0x000001a3e43cdd00,
0x000001a3e43d2760, 0x000001a3e43cecf0, 0x000001a3e3a0aad0
}

Java Threads: ( => current thread )
  0x000001a3c160b090 JavaThread "Forwarding findElement on session 6c4544307921bb2a539bad2fdb5193dd to remote" [_thread_blocked, id=12784, stack(0x0000000456200000,0x0000000456300000)]
  0x000001a3e0c8f280 JavaThread "Reference Handler" daemon [_thread_blocked, id=16744, stack(0x0000000456900000,0x0000000456a00000)]
  0x000001a3e0c903a0 JavaThread "Finalizer" daemon [_thread_blocked, id=14424, stack(0x0000000456a00000,0x0000000456b00000)]
  0x000001a3e0c9c7e0 JavaThread "Signal Dispatcher" daemon [_thread_blocked, id=12592, stack(0x0000000456b00000,0x0000000456c00000)]
  0x000001a3e0c9d0f0 JavaThread "Attach Listener" daemon [_thread_blocked, id=16852, stack(0x0000000456c00000,0x0000000456d00000)]
  0x000001a3e0c9da00 JavaThread "Service Thread" daemon [_thread_blocked, id=12676, stack(0x0000000456d00000,0x0000000456e00000)]
  0x000001a3e0ca0320 JavaThread "Monitor Deflation Thread" daemon [_thread_blocked, id=16560, stack(0x0000000456e00000,0x0000000456f00000)]
=>0x000001a3e0caca00 JavaThread "C2 CompilerThread0" daemon [_thread_in_native, id=22380, stack(0x0000000456f00000,0x0000000457000000)]
  0x000001a3e0cb6370 JavaThread "C1 CompilerThread0" daemon [_thread_blocked, id=12736, stack(0x0000000457000000,0x0000000457100000)]
  0x000001a3e0cd30a0 JavaThread "Sweeper thread" daemon [_thread_blocked, id=13932, stack(0x0000000457100000,0x0000000457200000)]
  0x000001a3c16ddf80 JavaThread "Common-Cleaner" daemon [_thread_blocked, id=8428, stack(0x0000000457200000,0x0000000457300000)]
  0x000001a3e25aee80 JavaThread "Monitor Ctrl-Break" daemon [_thread_in_native, id=16308, stack(0x0000000457700000,0x0000000457800000)]
  0x000001a3e1f1faf0 JavaThread "Notification Thread" daemon [_thread_blocked, id=6456, stack(0x0000000457800000,0x0000000457900000)]
  0x000001a3e3ff9630 JavaThread "ForkJoinPool.commonPool-worker-3" daemon [_thread_blocked, id=21100, stack(0x0000000457a00000,0x0000000457b00000)]
  0x000001a3e3ffa620 JavaThread "ForkJoinPool.commonPool-worker-5" daemon [_thread_blocked, id=21752, stack(0x0000000457b00000,0x0000000457c00000)]
  0x000001a3e3ffa0d0 JavaThread "ForkJoinPool.commonPool-worker-7" daemon [_thread_blocked, id=924, stack(0x0000000457c00000,0x0000000457d00000)]
  0x000001a3e3ff7650 JavaThread "AsyncHttpClient-1-1" daemon [_thread_blocked, id=17328, stack(0x0000000457d00000,0x0000000457e00000)]
  0x000001a3e3ff7ba0 JavaThread "Exec Default Executor" daemon [_thread_in_native, id=1816, stack(0x0000000457e00000,0x0000000457f00000)]
  0x000001a3e3ff80f0 JavaThread "Driver Service Executor" daemon [_thread_blocked, id=3872, stack(0x0000000457f00000,0x0000000458000000)]
  0x000001a3e3ff8640 JavaThread "Driver Service Executor" daemon [_thread_blocked, id=16468, stack(0x0000000458000000,0x0000000458100000)]
  0x000001a3e3ff8b90 JavaThread "UrlChecker-2" daemon [_thread_blocked, id=13712, stack(0x0000000458100000,0x0000000458200000)]
  0x000001a3e3ff90e0 JavaThread "Exec Stream Pumper" daemon [_thread_in_native, id=17256, stack(0x0000000458200000,0x0000000458300000)]
  0x000001a3e3ff9b80 JavaThread "Exec Stream Pumper" daemon [_thread_in_native, id=1880, stack(0x0000000458300000,0x0000000458400000)]
  0x000001a3e43cdd00 JavaThread "AsyncHttpClient-1-2" daemon [_thread_in_native, id=11992, stack(0x0000000458600000,0x0000000458700000)]
  0x000001a3e43d2760 JavaThread "AsyncHttpClient-1-3" daemon [_thread_in_native, id=21308, stack(0x0000000458700000,0x0000000458800000)]
  0x000001a3e43cecf0 JavaThread "AsyncHttpClient-1-4" daemon [_thread_in_native, id=17860, stack(0x0000000458800000,0x0000000458900000)]
  0x000001a3e3a0aad0 JavaThread "C2 CompilerThread1" daemon [_thread_in_native, id=12040, stack(0x0000000457300000,0x0000000457400000)]

Other Threads:
  0x000001a3e0c8a870 VMThread "VM Thread" [stack: 0x0000000456800000,0x0000000456900000] [id=9180]
  0x000001a3e1f20010 WatcherThread [stack: 0x0000000457900000,0x0000000457a00000] [id=9108]
  0x000001a3c1649e10 GCTaskThread "GC Thread#0" [stack: 0x0000000456300000,0x0000000456400000] [id=17464]
  0x000001a3e265a630 GCTaskThread "GC Thread#1" [stack: 0x0000000457400000,0x0000000457500000] [id=10232]
  0x000001a3e1efccc0 GCTaskThread "GC Thread#2" [stack: 0x0000000457500000,0x0000000457600000] [id=1484]
  0x000001a3e1fce020 GCTaskThread "GC Thread#3" [stack: 0x0000000457600000,0x0000000457700000] [id=5608]
  0x000001a3c165bb30 ConcurrentGCThread "G1 Main Marker" [stack: 0x0000000456400000,0x0000000456500000] [id=5308]
  0x000001a3c165ccd0 ConcurrentGCThread "G1 Conc#0" [stack: 0x0000000456500000,0x0000000456600000] [id=13924]
  0x000001a3c16d5b20 ConcurrentGCThread "G1 Refine#0" [stack: 0x0000000456600000,0x0000000456700000] [id=9692]
  0x000001a3c16d6530 ConcurrentGCThread "G1 Service" [stack: 0x0000000456700000,0x0000000456800000] [id=14312]

Threads with active compile tasks:
C2 CompilerThread0    13524 3784   !   4       jdk.internal.loader.URLClassPath$JarLoader::getResource (354 bytes)
C2 CompilerThread1    13524 3756       4       java.lang.invoke.MethodType::makeImpl (108 bytes)

VM state: not at safepoint (normal execution)

VM Mutex/Monitor currently owned by a thread: None

Heap address: 0x0000000081a00000, size: 2022 MB, Compressed Oops mode: 32-bit

CDS archive(s) mapped at: [0x0000000800000000-0x0000000800bb0000-0x0000000800bb0000), size 12255232, SharedBaseAddress: 0x0000000800000000, ArchiveRelocationMode: 0.
Compressed class space mapped at: 0x0000000800c00000-0x0000000840c00000, reserved size: 1073741824
Narrow klass base: 0x0000000800000000, Narrow klass shift: 3, Narrow klass range: 0x100000000

GC Precious Log:
 CPUs: 4 total, 4 available
 Memory: 8083M
 Large Page Support: Disabled
 NUMA Support: Disabled
 Compressed Oops: Enabled (32-bit)
 Heap Region Size: 1M
 Heap Min Capacity: 8M
 Heap Initial Capacity: 128M
 Heap Max Capacity: 2022M
 Pre-touch: Disabled
 Parallel Workers: 4
 Concurrent Workers: 1
 Concurrent Refinement Workers: 4
 Periodic GC: Disabled

Heap:
 garbage-first heap   total 137216K, used 100854K [0x0000000081a00000, 0x0000000100000000)
  region size 1024K, 47 young (48128K), 5 survivors (5120K)
 Metaspace       used 34111K, committed 34432K, reserved 1081344K
  class space    used 3821K, committed 3968K, reserved 1048576K

Heap Regions: E=young(eden), S=young(survivor), O=old, HS=humongous(starts), HC=humongous(continues), CS=collection set, F=free, OA=open archive, CA=closed archive, TAMS=top-at-mark-start (previous, next)
|   0|0x0000000081a00000, 0x0000000081b00000, 0x0000000081b00000|100%| O|  |TAMS 0x0000000081b00000, 0x0000000081a00000| Untracked 
|   1|0x0000000081b00000, 0x0000000081c00000, 0x0000000081c00000|100%| O|  |TAMS 0x0000000081c00000, 0x0000000081b00000| Untracked 
|   2|0x0000000081c00000, 0x0000000081d00000, 0x0000000081d00000|100%| O|  |TAMS 0x0000000081d00000, 0x0000000081c00000| Untracked 
|   3|0x0000000081d00000, 0x0000000081e00000, 0x0000000081e00000|100%| O|  |TAMS 0x0000000081e00000, 0x0000000081d00000| Untracked 
|   4|0x0000000081e00000, 0x0000000081f00000, 0x0000000081f00000|100%| O|  |TAMS 0x0000000081f00000, 0x0000000081e00000| Untracked 
|   5|0x0000000081f00000, 0x0000000082000000, 0x0000000082000000|100%| O|  |TAMS 0x0000000082000000, 0x0000000081f00000| Untracked 
|   6|0x0000000082000000, 0x0000000082100000, 0x0000000082100000|100%| O|  |TAMS 0x0000000082100000, 0x0000000082000000| Untracked 
|   7|0x0000000082100000, 0x0000000082200000, 0x0000000082200000|100%| O|  |TAMS 0x0000000082200000, 0x0000000082100000| Untracked 
|   8|0x0000000082200000, 0x0000000082300000, 0x0000000082300000|100%| O|  |TAMS 0x0000000082300000, 0x0000000082200000| Untracked 
|   9|0x0000000082300000, 0x0000000082400000, 0x0000000082400000|100%| O|  |TAMS 0x0000000082400000, 0x0000000082300000| Untracked 
|  10|0x0000000082400000, 0x0000000082500000, 0x0000000082500000|100%| O|  |TAMS 0x0000000082500000, 0x0000000082400000| Untracked 
|  11|0x0000000082500000, 0x0000000082600000, 0x0000000082600000|100%| O|  |TAMS 0x0000000082600000, 0x0000000082500000| Untracked 
|  12|0x0000000082600000, 0x0000000082700000, 0x0000000082700000|100%| O|  |TAMS 0x0000000082700000, 0x0000000082600000| Untracked 
|  13|0x0000000082700000, 0x0000000082800000, 0x0000000082800000|100%| O|  |TAMS 0x0000000082800000, 0x0000000082700000| Untracked 
|  14|0x0000000082800000, 0x0000000082900000, 0x0000000082900000|100%| O|  |TAMS 0x0000000082900000, 0x0000000082800000| Untracked 
|  15|0x0000000082900000, 0x0000000082a00000, 0x0000000082a00000|100%| O|  |TAMS 0x0000000082a00000, 0x0000000082900000| Untracked 
|  16|0x0000000082a00000, 0x0000000082b00000, 0x0000000082b00000|100%| O|  |TAMS 0x0000000082b00000, 0x0000000082a00000| Untracked 
|  17|0x0000000082b00000, 0x0000000082c00000, 0x0000000082c00000|100%| O|  |TAMS 0x0000000082c00000, 0x0000000082b00000| Untracked 
|  18|0x0000000082c00000, 0x0000000082d00000, 0x0000000082d00000|100%| O|  |TAMS 0x0000000082d00000, 0x0000000082c00000| Untracked 
|  19|0x0000000082d00000, 0x0000000082e00000, 0x0000000082e00000|100%| O|  |TAMS 0x0000000082e00000, 0x0000000082d00000| Untracked 
|  20|0x0000000082e00000, 0x0000000082f00000, 0x0000000082f00000|100%| O|  |TAMS 0x0000000082f00000, 0x0000000082e00000| Untracked 
|  21|0x0000000082f00000, 0x0000000083000000, 0x0000000083000000|100%| O|  |TAMS 0x0000000083000000, 0x0000000082f00000| Untracked 
|  22|0x0000000083000000, 0x0000000083100000, 0x0000000083100000|100%| O|  |TAMS 0x0000000083100000, 0x0000000083000000| Untracked 
|  23|0x0000000083100000, 0x0000000083200000, 0x0000000083200000|100%| O|  |TAMS 0x0000000083100000, 0x0000000083100000| Untracked 
|  24|0x0000000083200000, 0x0000000083300000, 0x0000000083300000|100%| O|  |TAMS 0x0000000083200000, 0x0000000083200000| Untracked 
|  25|0x0000000083300000, 0x0000000083400000, 0x0000000083400000|100%| O|  |TAMS 0x0000000083300000, 0x0000000083300000| Untracked 
|  26|0x0000000083400000, 0x0000000083500000, 0x0000000083500000|100%| O|  |TAMS 0x0000000083400000, 0x0000000083400000| Untracked 
|  27|0x0000000083500000, 0x00000000835e5800, 0x0000000083600000| 89%| O|  |TAMS 0x0000000083500000, 0x0000000083500000| Untracked 
|  28|0x0000000083600000, 0x0000000083700000, 0x0000000083700000|100%| O|  |TAMS 0x0000000083600000, 0x0000000083600000| Untracked 
|  29|0x0000000083700000, 0x0000000083800000, 0x0000000083800000|100%| O|  |TAMS 0x0000000083700000, 0x0000000083700000| Untracked 
|  30|0x0000000083800000, 0x0000000083900000, 0x0000000083900000|100%| O|  |TAMS 0x0000000083800000, 0x0000000083800000| Untracked 
|  31|0x0000000083900000, 0x0000000083a00000, 0x0000000083a00000|100%| O|  |TAMS 0x0000000083900000, 0x0000000083900000| Untracked 
|  32|0x0000000083a00000, 0x0000000083b00000, 0x0000000083b00000|100%| O|  |TAMS 0x0000000083a00000, 0x0000000083a00000| Untracked 
|  33|0x0000000083b00000, 0x0000000083c00000, 0x0000000083c00000|100%| O|  |TAMS 0x0000000083b00000, 0x0000000083b00000| Untracked 
|  34|0x0000000083c00000, 0x0000000083d00000, 0x0000000083d00000|100%| O|  |TAMS 0x0000000083c00000, 0x0000000083c00000| Untracked 
|  35|0x0000000083d00000, 0x0000000083e00000, 0x0000000083e00000|100%| O|  |TAMS 0x0000000083d00000, 0x0000000083d00000| Untracked 
|  36|0x0000000083e00000, 0x0000000083f00000, 0x0000000083f00000|100%| O|  |TAMS 0x0000000083e00000, 0x0000000083e00000| Untracked 
|  37|0x0000000083f00000, 0x0000000084000000, 0x0000000084000000|100%| O|  |TAMS 0x0000000083f00000, 0x0000000083f00000| Untracked 
|  38|0x0000000084000000, 0x0000000084100000, 0x0000000084100000|100%| O|  |TAMS 0x0000000084000000, 0x0000000084000000| Untracked 
|  39|0x0000000084100000, 0x0000000084200000, 0x0000000084200000|100%| O|  |TAMS 0x0000000084100000, 0x0000000084100000| Untracked 
|  40|0x0000000084200000, 0x0000000084300000, 0x0000000084300000|100%| O|  |TAMS 0x0000000084200000, 0x0000000084200000| Untracked 
|  41|0x0000000084300000, 0x0000000084400000, 0x0000000084400000|100%| O|  |TAMS 0x0000000084300000, 0x0000000084300000| Untracked 
|  42|0x0000000084400000, 0x0000000084500000, 0x0000000084500000|100%| O|  |TAMS 0x0000000084400000, 0x0000000084400000| Untracked 
|  43|0x0000000084500000, 0x0000000084600000, 0x0000000084600000|100%| O|  |TAMS 0x0000000084500000, 0x0000000084500000| Untracked 
|  44|0x0000000084600000, 0x0000000084700000, 0x0000000084700000|100%| O|  |TAMS 0x0000000084600000, 0x0000000084600000| Untracked 
|  45|0x0000000084700000, 0x0000000084800000, 0x0000000084800000|100%| O|  |TAMS 0x0000000084700000, 0x0000000084700000| Untracked 
|  46|0x0000000084800000, 0x0000000084900000, 0x0000000084900000|100%| O|  |TAMS 0x0000000084800000, 0x0000000084800000| Untracked 
|  47|0x0000000084900000, 0x00000000849d3400, 0x0000000084a00000| 82%| O|  |TAMS 0x0000000084900000, 0x0000000084900000| Untracked 
|  48|0x0000000084a00000, 0x0000000084b00000, 0x0000000084b00000|100%|HS|  |TAMS 0x0000000084a00000, 0x0000000084a00000| Complete 
|  49|0x0000000084b00000, 0x0000000084c00000, 0x0000000084c00000|100%|HC|  |TAMS 0x0000000084b00000, 0x0000000084b00000| Complete 
|  50|0x0000000084c00000, 0x0000000084d00000, 0x0000000084d00000|100%|HC|  |TAMS 0x0000000084c00000, 0x0000000084c00000| Complete 
|  51|0x0000000084d00000, 0x0000000084e00000, 0x0000000084e00000|100%|HC|  |TAMS 0x0000000084d00000, 0x0000000084d00000| Complete 
|  52|0x0000000084e00000, 0x0000000084f00000, 0x0000000084f00000|100%|HC|  |TAMS 0x0000000084e00000, 0x0000000084e00000| Complete 
|  53|0x0000000084f00000, 0x0000000084f00000, 0x0000000085000000|  0%| F|  |TAMS 0x0000000084f00000, 0x0000000084f00000| Untracked 
|  54|0x0000000085000000, 0x0000000085000000, 0x0000000085100000|  0%| F|  |TAMS 0x0000000085000000, 0x0000000085000000| Untracked 
|  55|0x0000000085100000, 0x0000000085100000, 0x0000000085200000|  0%| F|  |TAMS 0x0000000085100000, 0x0000000085100000| Untracked 
|  56|0x0000000085200000, 0x0000000085200000, 0x0000000085300000|  0%| F|  |TAMS 0x0000000085200000, 0x0000000085200000| Untracked 
|  57|0x0000000085300000, 0x0000000085300000, 0x0000000085400000|  0%| F|  |TAMS 0x0000000085300000, 0x0000000085300000| Untracked 
|  58|0x0000000085400000, 0x0000000085400000, 0x0000000085500000|  0%| F|  |TAMS 0x0000000085400000, 0x0000000085400000| Untracked 
|  59|0x0000000085500000, 0x0000000085500000, 0x0000000085600000|  0%| F|  |TAMS 0x0000000085500000, 0x0000000085500000| Untracked 
|  60|0x0000000085600000, 0x0000000085600000, 0x0000000085700000|  0%| F|  |TAMS 0x0000000085600000, 0x0000000085600000| Untracked 
|  61|0x0000000085700000, 0x0000000085700000, 0x0000000085800000|  0%| F|  |TAMS 0x0000000085700000, 0x0000000085700000| Untracked 
|  62|0x0000000085800000, 0x0000000085800000, 0x0000000085900000|  0%| F|  |TAMS 0x0000000085800000, 0x0000000085800000| Untracked 
|  63|0x0000000085900000, 0x0000000085900000, 0x0000000085a00000|  0%| F|  |TAMS 0x0000000085900000, 0x0000000085900000| Untracked 
|  64|0x0000000085a00000, 0x0000000085a00000, 0x0000000085b00000|  0%| F|  |TAMS 0x0000000085a00000, 0x0000000085a00000| Untracked 
|  65|0x0000000085b00000, 0x0000000085b00000, 0x0000000085c00000|  0%| F|  |TAMS 0x0000000085b00000, 0x0000000085b00000| Untracked 
|  66|0x0000000085c00000, 0x0000000085c00000, 0x0000000085d00000|  0%| F|  |TAMS 0x0000000085c00000, 0x0000000085c00000| Untracked 
|  67|0x0000000085d00000, 0x0000000085d00000, 0x0000000085e00000|  0%| F|  |TAMS 0x0000000085d00000, 0x0000000085d00000| Untracked 
|  68|0x0000000085e00000, 0x0000000085e00000, 0x0000000085f00000|  0%| F|  |TAMS 0x0000000085e00000, 0x0000000085e00000| Untracked 
|  69|0x0000000085f00000, 0x0000000085f00000, 0x0000000086000000|  0%| F|  |TAMS 0x0000000085f00000, 0x0000000085f00000| Untracked 
|  70|0x0000000086000000, 0x0000000086000000, 0x0000000086100000|  0%| F|  |TAMS 0x0000000086000000, 0x0000000086000000| Untracked 
|  71|0x0000000086100000, 0x0000000086100000, 0x0000000086200000|  0%| F|  |TAMS 0x0000000086100000, 0x0000000086100000| Untracked 
|  72|0x0000000086200000, 0x00000000862c4dc0, 0x0000000086300000| 76%| S|CS|TAMS 0x0000000086200000, 0x0000000086200000| Complete 
|  73|0x0000000086300000, 0x0000000086400000, 0x0000000086400000|100%| S|CS|TAMS 0x0000000086300000, 0x0000000086300000| Complete 
|  74|0x0000000086400000, 0x0000000086500000, 0x0000000086500000|100%| S|CS|TAMS 0x0000000086400000, 0x0000000086400000| Complete 
|  75|0x0000000086500000, 0x0000000086500000, 0x0000000086600000|  0%| F|  |TAMS 0x0000000086500000, 0x0000000086500000| Untracked 
|  76|0x0000000086600000, 0x0000000086600000, 0x0000000086700000|  0%| F|  |TAMS 0x0000000086600000, 0x0000000086600000| Untracked 
|  77|0x0000000086700000, 0x0000000086700000, 0x0000000086800000|  0%| F|  |TAMS 0x0000000086700000, 0x0000000086700000| Untracked 
|  78|0x0000000086800000, 0x0000000086800000, 0x0000000086900000|  0%| F|  |TAMS 0x0000000086800000, 0x0000000086800000| Untracked 
|  79|0x0000000086900000, 0x0000000086900000, 0x0000000086a00000|  0%| F|  |TAMS 0x0000000086900000, 0x0000000086900000| Untracked 
|  80|0x0000000086a00000, 0x0000000086a00000, 0x0000000086b00000|  0%| F|  |TAMS 0x0000000086a00000, 0x0000000086a00000| Untracked 
|  81|0x0000000086b00000, 0x0000000086c00000, 0x0000000086c00000|100%| S|CS|TAMS 0x0000000086b00000, 0x0000000086b00000| Complete 
|  82|0x0000000086c00000, 0x0000000086d00000, 0x0000000086d00000|100%| S|CS|TAMS 0x0000000086c00000, 0x0000000086c00000| Complete 
|  83|0x0000000086d00000, 0x0000000086d00000, 0x0000000086e00000|  0%| F|  |TAMS 0x0000000086d00000, 0x0000000086d00000| Untracked 
|  84|0x0000000086e00000, 0x0000000086e00000, 0x0000000086f00000|  0%| F|  |TAMS 0x0000000086e00000, 0x0000000086e00000| Untracked 
|  85|0x0000000086f00000, 0x0000000086f00000, 0x0000000087000000|  0%| F|  |TAMS 0x0000000086f00000, 0x0000000086f00000| Untracked 
|  86|0x0000000087000000, 0x0000000087000000, 0x0000000087100000|  0%| F|  |TAMS 0x0000000087000000, 0x0000000087000000| Untracked 
|  87|0x0000000087100000, 0x0000000087100000, 0x0000000087200000|  0%| F|  |TAMS 0x0000000087100000, 0x0000000087100000| Untracked 
|  88|0x0000000087200000, 0x0000000087200000, 0x0000000087300000|  0%| F|  |TAMS 0x0000000087200000, 0x0000000087200000| Untracked 
|  89|0x0000000087300000, 0x0000000087300000, 0x0000000087400000|  0%| F|  |TAMS 0x0000000087300000, 0x0000000087300000| Untracked 
|  90|0x0000000087400000, 0x0000000087400000, 0x0000000087500000|  0%| F|  |TAMS 0x0000000087400000, 0x0000000087400000| Untracked 
|  91|0x0000000087500000, 0x0000000087500000, 0x0000000087600000|  0%| F|  |TAMS 0x0000000087500000, 0x0000000087500000| Untracked 
|  92|0x0000000087600000, 0x0000000087700000, 0x0000000087700000|100%| E|  |TAMS 0x0000000087600000, 0x0000000087600000| Complete 
|  93|0x0000000087700000, 0x0000000087800000, 0x0000000087800000|100%| E|CS|TAMS 0x0000000087700000, 0x0000000087700000| Complete 
|  94|0x0000000087800000, 0x0000000087900000, 0x0000000087900000|100%| E|CS|TAMS 0x0000000087800000, 0x0000000087800000| Complete 
|  95|0x0000000087900000, 0x0000000087a00000, 0x0000000087a00000|100%| E|CS|TAMS 0x0000000087900000, 0x0000000087900000| Complete 
|  96|0x0000000087a00000, 0x0000000087b00000, 0x0000000087b00000|100%| E|CS|TAMS 0x0000000087a00000, 0x0000000087a00000| Complete 
|  97|0x0000000087b00000, 0x0000000087c00000, 0x0000000087c00000|100%| E|CS|TAMS 0x0000000087b00000, 0x0000000087b00000| Complete 
|  98|0x0000000087c00000, 0x0000000087d00000, 0x0000000087d00000|100%| E|CS|TAMS 0x0000000087c00000, 0x0000000087c00000| Complete 
|  99|0x0000000087d00000, 0x0000000087e00000, 0x0000000087e00000|100%| E|CS|TAMS 0x0000000087d00000, 0x0000000087d00000| Complete 
| 100|0x0000000087e00000, 0x0000000087f00000, 0x0000000087f00000|100%| E|CS|TAMS 0x0000000087e00000, 0x0000000087e00000| Complete 
| 101|0x0000000087f00000, 0x0000000088000000, 0x0000000088000000|100%| E|CS|TAMS 0x0000000087f00000, 0x0000000087f00000| Complete 
| 102|0x0000000088000000, 0x0000000088100000, 0x0000000088100000|100%| E|CS|TAMS 0x0000000088000000, 0x0000000088000000| Complete 
| 103|0x0000000088100000, 0x0000000088200000, 0x0000000088200000|100%| E|CS|TAMS 0x0000000088100000, 0x0000000088100000| Complete 
| 104|0x0000000088200000, 0x0000000088300000, 0x0000000088300000|100%| E|CS|TAMS 0x0000000088200000, 0x0000000088200000| Complete 
| 105|0x0000000088300000, 0x0000000088400000, 0x0000000088400000|100%| E|CS|TAMS 0x0000000088300000, 0x0000000088300000| Complete 
| 106|0x0000000088400000, 0x0000000088500000, 0x0000000088500000|100%| E|CS|TAMS 0x0000000088400000, 0x0000000088400000| Complete 
| 107|0x0000000088500000, 0x0000000088600000, 0x0000000088600000|100%| E|CS|TAMS 0x0000000088500000, 0x0000000088500000| Complete 
| 108|0x0000000088600000, 0x0000000088700000, 0x0000000088700000|100%| E|CS|TAMS 0x0000000088600000, 0x0000000088600000| Complete 
| 109|0x0000000088700000, 0x0000000088800000, 0x0000000088800000|100%| E|CS|TAMS 0x0000000088700000, 0x0000000088700000| Complete 
| 110|0x0000000088800000, 0x0000000088900000, 0x0000000088900000|100%| E|CS|TAMS 0x0000000088800000, 0x0000000088800000| Complete 
| 111|0x0000000088900000, 0x0000000088a00000, 0x0000000088a00000|100%| E|CS|TAMS 0x0000000088900000, 0x0000000088900000| Complete 
| 112|0x0000000088a00000, 0x0000000088b00000, 0x0000000088b00000|100%| E|CS|TAMS 0x0000000088a00000, 0x0000000088a00000| Complete 
| 113|0x0000000088b00000, 0x0000000088c00000, 0x0000000088c00000|100%| E|CS|TAMS 0x0000000088b00000, 0x0000000088b00000| Complete 
| 114|0x0000000088c00000, 0x0000000088d00000, 0x0000000088d00000|100%| E|CS|TAMS 0x0000000088c00000, 0x0000000088c00000| Complete 
| 115|0x0000000088d00000, 0x0000000088e00000, 0x0000000088e00000|100%| E|CS|TAMS 0x0000000088d00000, 0x0000000088d00000| Complete 
| 116|0x0000000088e00000, 0x0000000088f00000, 0x0000000088f00000|100%| E|CS|TAMS 0x0000000088e00000, 0x0000000088e00000| Complete 
| 117|0x0000000088f00000, 0x0000000089000000, 0x0000000089000000|100%| E|CS|TAMS 0x0000000088f00000, 0x0000000088f00000| Complete 
| 118|0x0000000089000000, 0x0000000089100000, 0x0000000089100000|100%| E|CS|TAMS 0x0000000089000000, 0x0000000089000000| Complete 
| 119|0x0000000089100000, 0x0000000089200000, 0x0000000089200000|100%| E|CS|TAMS 0x0000000089100000, 0x0000000089100000| Complete 
| 120|0x0000000089200000, 0x0000000089300000, 0x0000000089300000|100%| E|CS|TAMS 0x0000000089200000, 0x0000000089200000| Complete 
| 121|0x0000000089300000, 0x0000000089400000, 0x0000000089400000|100%| E|CS|TAMS 0x0000000089300000, 0x0000000089300000| Complete 
| 122|0x0000000089400000, 0x0000000089500000, 0x0000000089500000|100%| E|CS|TAMS 0x0000000089400000, 0x0000000089400000| Complete 
| 123|0x0000000089500000, 0x0000000089600000, 0x0000000089600000|100%| E|CS|TAMS 0x0000000089500000, 0x0000000089500000| Complete 
| 124|0x0000000089600000, 0x0000000089700000, 0x0000000089700000|100%| E|CS|TAMS 0x0000000089600000, 0x0000000089600000| Complete 
| 125|0x0000000089700000, 0x0000000089800000, 0x0000000089800000|100%| E|CS|TAMS 0x0000000089700000, 0x0000000089700000| Complete 
| 126|0x0000000089800000, 0x0000000089900000, 0x0000000089900000|100%| E|CS|TAMS 0x0000000089800000, 0x0000000089800000| Complete 
| 127|0x0000000089900000, 0x0000000089a00000, 0x0000000089a00000|100%| E|CS|TAMS 0x0000000089900000, 0x0000000089900000| Complete 
| 128|0x0000000089a00000, 0x0000000089b00000, 0x0000000089b00000|100%| E|CS|TAMS 0x0000000089a00000, 0x0000000089a00000| Complete 
| 149|0x000000008af00000, 0x000000008b000000, 0x000000008b000000|100%| E|CS|TAMS 0x000000008af00000, 0x000000008af00000| Complete 
| 150|0x000000008b000000, 0x000000008b100000, 0x000000008b100000|100%| E|CS|TAMS 0x000000008b000000, 0x000000008b000000| Complete 
| 151|0x000000008b100000, 0x000000008b200000, 0x000000008b200000|100%| E|CS|TAMS 0x000000008b100000, 0x000000008b100000| Complete 
| 152|0x000000008b200000, 0x000000008b300000, 0x000000008b300000|100%| E|CS|TAMS 0x000000008b200000, 0x000000008b200000| Complete 
| 153|0x000000008b300000, 0x000000008b400000, 0x000000008b400000|100%| E|CS|TAMS 0x000000008b300000, 0x000000008b300000| Complete 

Card table byte_map: [0x000001a3d9fc0000,0x000001a3da3c0000] _byte_map_base: 0x000001a3d9bb3000

Marking Bits (Prev, Next): (CMBitMap*) 0x000001a3c164b460, (CMBitMap*) 0x000001a3c164b420
 Prev Bits: [0x000001a3dc760000, 0x000001a3de6f8000)
 Next Bits: [0x000001a3da7c0000, 0x000001a3dc758000)

Polling page: 0x000001a3c13d0000

Metaspace:

Usage:
  Non-class:     29.58 MB used.
      Class:      3.73 MB used.
       Both:     33.31 MB used.

Virtual space:
  Non-class space:       32.00 MB reserved,      29.75 MB ( 93%) committed,  4 nodes.
      Class space:        1.00 GB reserved,       3.88 MB ( <1%) committed,  1 nodes.
              Both:        1.03 GB reserved,      33.62 MB (  3%) committed. 

Chunk freelists:
   Non-Class:  1.70 MB
       Class:  131.00 KB
        Both:  1.83 MB

MaxMetaspaceSize: 17179869184.00 GB
CompressedClassSpaceSize: 1.00 GB
 - commit_granule_bytes: 65536.
 - commit_granule_words: 8192.
 - virtual_space_node_default_size: 1048576.
 - enlarge_chunks_in_place: 1.
 - new_chunks_are_fully_committed: 0.
 - uncommit_free_chunks: 1.
 - use_allocation_guard: 0.
 - handle_deallocations: 1.


Internal statistics:

num_allocs_failed_limit: 3.
num_arena_births: 326.
num_arena_deaths: 2.
num_vsnodes_births: 5.
num_vsnodes_deaths: 0.
num_space_committed: 538.
num_space_uncommitted: 0.
num_chunks_returned_to_freelist: 5.
num_chunks_taken_from_freelist: 1212.
num_chunk_merges: 3.
num_chunk_splits: 897.
num_chunks_enlarged: 721.
num_purges: 2.

CodeHeap 'non-profiled nmethods': size=120000Kb used=2402Kb max_used=2862Kb free=117597Kb
 bounds [0x000001a3d2070000, 0x000001a3d2340000, 0x000001a3d95a0000]
CodeHeap 'profiled nmethods': size=120000Kb used=5999Kb max_used=7671Kb free=114001Kb
 bounds [0x000001a3cab40000, 0x000001a3cb2c0000, 0x000001a3d2070000]
CodeHeap 'non-nmethods': size=5760Kb used=1305Kb max_used=1379Kb free=4454Kb
 bounds [0x000001a3ca5a0000, 0x000001a3ca810000, 0x000001a3cab40000]
 total_blobs=3825 nmethods=3206 adapters=531
 compilation: enabled
              stopped_count=0, restarted_count=0
 full_count=0

Compilation events (20 events):
Event: 13.320 Thread 0x000001a3e0cb6370 3806       3       io.netty.util.internal.shaded.org.jctools.util.UnsafeRefArrayAccess::lvRefElement (9 bytes)
Event: 13.320 Thread 0x000001a3e0cb6370 nmethod 3806 0x000001a3cb089090 code [0x000001a3cb089240, 0x000001a3cb089438]
Event: 13.321 Thread 0x000001a3e0cb6370 3807       3       io.netty.buffer.PooledUnsafeDirectByteBuf::_setByte (11 bytes)
Event: 13.321 Thread 0x000001a3e0cb6370 nmethod 3807 0x000001a3cb0cc410 code [0x000001a3cb0cc5e0, 0x000001a3cb0cc958]
Event: 13.321 Thread 0x000001a3e0cb6370 3808       3       sun.misc.Unsafe::getInt (9 bytes)
Event: 13.321 Thread 0x000001a3e0cb6370 nmethod 3808 0x000001a3cb22d810 code [0x000001a3cb22d9a0, 0x000001a3cb22dab8]
Event: 13.321 Thread 0x000001a3e0cb6370 3809       3       io.netty.util.concurrent.AbstractEventExecutor::inEventLoop (8 bytes)
Event: 13.322 Thread 0x000001a3e0cb6370 nmethod 3809 0x000001a3cb088c10 code [0x000001a3cb088dc0, 0x000001a3cb088fa8]
Event: 13.322 Thread 0x000001a3e0cb6370 3810       3       io.netty.util.concurrent.SingleThreadEventExecutor::inEventLoop (14 bytes)
Event: 13.322 Thread 0x000001a3e0cb6370 nmethod 3810 0x000001a3cb0cbf90 code [0x000001a3cb0cc120, 0x000001a3cb0cc298]
Event: 13.322 Thread 0x000001a3e0cb6370 3811       3       io.netty.buffer.AbstractReferenceCountedByteBuf$1::unsafeOffset (4 bytes)
Event: 13.322 Thread 0x000001a3e0cb6370 nmethod 3811 0x000001a3cb1a4f10 code [0x000001a3cb1a50c0, 0x000001a3cb1a5238]
Event: 13.322 Thread 0x000001a3e0cb6370 3812       3       io.netty.buffer.AbstractReferenceCountedByteBuf::access$100 (4 bytes)
Event: 13.322 Thread 0x000001a3e0cb6370 nmethod 3812 0x000001a3cad84290 code [0x000001a3cad84420, 0x000001a3cad84518]
Event: 13.322 Thread 0x000001a3e0cb6370 3813       3       io.netty.util.internal.PlatformDependent::getInt (6 bytes)
Event: 13.322 Thread 0x000001a3e0cb6370 nmethod 3813 0x000001a3cb1a4790 code [0x000001a3cb1a4940, 0x000001a3cb1a4b78]
Event: 13.415 Thread 0x000001a3e0cb6370 3814       3       io.netty.util.internal.shaded.org.jctools.queues.BaseMpscLinkedArrayQueueConsumerFields::lpConsumerIndex (11 bytes)
Event: 13.416 Thread 0x000001a3e0cb6370 nmethod 3814 0x000001a3cb0bd590 code [0x000001a3cb0bd740, 0x000001a3cb0bd938]
Event: 13.416 Thread 0x000001a3e0cb6370 3815       3       java.util.concurrent.atomic.AtomicIntegerFieldUpdater$AtomicIntegerFieldUpdaterImpl::accessCheck (17 bytes)
Event: 13.416 Thread 0x000001a3e0cb6370 nmethod 3815 0x000001a3cb0bd110 code [0x000001a3cb0bd2c0, 0x000001a3cb0bd488]

GC Heap History (18 events):
Event: 1.196 GC heap before
{Heap before GC invocations=0 (full 0):
 garbage-first heap   total 131072K, used 13312K [0x0000000081a00000, 0x0000000100000000)
  region size 1024K, 13 young (13312K), 0 survivors (0K)
 Metaspace       used 4032K, committed 4224K, reserved 1056768K
  class space    used 365K, committed 448K, reserved 1048576K
}
Event: 1.201 GC heap after
{Heap after GC invocations=1 (full 0):
 garbage-first heap   total 131072K, used 4099K [0x0000000081a00000, 0x0000000100000000)
  region size 1024K, 2 young (2048K), 2 survivors (2048K)
 Metaspace       used 4032K, committed 4224K, reserved 1056768K
  class space    used 365K, committed 448K, reserved 1048576K
}
Event: 1.805 GC heap before
{Heap before GC invocations=1 (full 0):
 garbage-first heap   total 131072K, used 17411K [0x0000000081a00000, 0x0000000100000000)
  region size 1024K, 16 young (16384K), 2 survivors (2048K)
 Metaspace       used 7416K, committed 7616K, reserved 1056768K
  class space    used 660K, committed 768K, reserved 1048576K
}
Event: 1.812 GC heap after
{Heap after GC invocations=2 (full 0):
 garbage-first heap   total 131072K, used 6190K [0x0000000081a00000, 0x0000000100000000)
  region size 1024K, 2 young (2048K), 2 survivors (2048K)
 Metaspace       used 7416K, committed 7616K, reserved 1056768K
  class space    used 660K, committed 768K, reserved 1048576K
}
Event: 2.705 GC heap before
{Heap before GC invocations=2 (full 0):
 garbage-first heap   total 131072K, used 41006K [0x0000000081a00000, 0x0000000100000000)
  region size 1024K, 36 young (36864K), 2 survivors (2048K)
 Metaspace       used 10699K, committed 10880K, reserved 1064960K
  class space    used 970K, committed 1088K, reserved 1048576K
}
Event: 2.721 GC heap after
{Heap after GC invocations=3 (full 0):
 garbage-first heap   total 131072K, used 14010K [0x0000000081a00000, 0x0000000100000000)
  region size 1024K, 5 young (5120K), 5 survivors (5120K)
 Metaspace       used 10699K, committed 10880K, reserved 1064960K
  class space    used 970K, committed 1088K, reserved 1048576K
}
Event: 3.370 GC heap before
{Heap before GC invocations=3 (full 0):
 garbage-first heap   total 131072K, used 63162K [0x0000000081a00000, 0x0000000100000000)
  region size 1024K, 53 young (54272K), 5 survivors (5120K)
 Metaspace       used 13559K, committed 13760K, reserved 1064960K
  class space    used 1203K, committed 1280K, reserved 1048576K
}
Event: 3.391 GC heap after
{Heap after GC invocations=4 (full 0):
 garbage-first heap   total 131072K, used 23469K [0x0000000081a00000, 0x0000000100000000)
  region size 1024K, 7 young (7168K), 7 survivors (7168K)
 Metaspace       used 13559K, committed 13760K, reserved 1064960K
  class space    used 1203K, committed 1280K, reserved 1048576K
}
Event: 4.220 GC heap before
{Heap before GC invocations=4 (full 0):
 garbage-first heap   total 131072K, used 74669K [0x0000000081a00000, 0x0000000100000000)
  region size 1024K, 57 young (58368K), 7 survivors (7168K)
 Metaspace       used 17027K, committed 17216K, reserved 1064960K
  class space    used 1636K, committed 1728K, reserved 1048576K
}
Event: 4.238 GC heap after
{Heap after GC invocations=5 (full 0):
 garbage-first heap   total 131072K, used 28506K [0x0000000081a00000, 0x0000000100000000)
  region size 1024K, 5 young (5120K), 5 survivors (5120K)
 Metaspace       used 17027K, committed 17216K, reserved 1064960K
  class space    used 1636K, committed 1728K, reserved 1048576K
}
Event: 5.084 GC heap before
{Heap before GC invocations=5 (full 0):
 garbage-first heap   total 131072K, used 79706K [0x0000000081a00000, 0x0000000100000000)
  region size 1024K, 56 young (57344K), 5 survivors (5120K)
 Metaspace       used 21032K, committed 21248K, reserved 1073152K
  class space    used 2067K, committed 2176K, reserved 1048576K
}
Event: 5.099 GC heap after
{Heap after GC invocations=6 (full 0):
 garbage-first heap   total 157696K, used 35734K [0x0000000081a00000, 0x0000000100000000)
  region size 1024K, 7 young (7168K), 7 survivors (7168K)
 Metaspace       used 21032K, committed 21248K, reserved 1073152K
  class space    used 2067K, committed 2176K, reserved 1048576K
}
Event: 5.949 GC heap before
{Heap before GC invocations=7 (full 0):
 garbage-first heap   total 137216K, used 97174K [0x0000000081a00000, 0x0000000100000000)
  region size 1024K, 67 young (68608K), 7 survivors (7168K)
 Metaspace       used 23811K, committed 24064K, reserved 1073152K
  class space    used 2449K, committed 2560K, reserved 1048576K
}
Event: 5.969 GC heap after
{Heap after GC invocations=8 (full 0):
 garbage-first heap   total 137216K, used 43682K [0x0000000081a00000, 0x0000000100000000)
  region size 1024K, 8 young (8192K), 8 survivors (8192K)
 Metaspace       used 23811K, committed 24064K, reserved 1073152K
  class space    used 2449K, committed 2560K, reserved 1048576K
}
Event: 7.453 GC heap before
{Heap before GC invocations=8 (full 0):
 garbage-first heap   total 137216K, used 97954K [0x0000000081a00000, 0x0000000100000000)
  region size 1024K, 61 young (62464K), 8 survivors (8192K)
 Metaspace       used 28511K, committed 28800K, reserved 1081344K
  class space    used 3031K, committed 3136K, reserved 1048576K
}
Event: 7.485 GC heap after
{Heap after GC invocations=9 (full 0):
 garbage-first heap   total 137216K, used 48843K [0x0000000081a00000, 0x0000000100000000)
  region size 1024K, 6 young (6144K), 6 survivors (6144K)
 Metaspace       used 28511K, committed 28800K, reserved 1081344K
  class space    used 3031K, committed 3136K, reserved 1048576K
}
Event: 8.364 GC heap before
{Heap before GC invocations=9 (full 0):
 garbage-first heap   total 137216K, used 101067K [0x0000000081a00000, 0x0000000100000000)
  region size 1024K, 57 young (58368K), 6 survivors (6144K)
 Metaspace       used 31419K, committed 31808K, reserved 1081344K
  class space    used 3450K, committed 3648K, reserved 1048576K
}
Event: 8.381 GC heap after
{Heap after GC invocations=10 (full 0):
 garbage-first heap   total 137216K, used 53750K [0x0000000081a00000, 0x0000000100000000)
  region size 1024K, 5 young (5120K), 5 survivors (5120K)
 Metaspace       used 31419K, committed 31808K, reserved 1081344K
  class space    used 3450K, committed 3648K, reserved 1048576K
}

Deoptimization events (20 events):
Event: 11.687 Thread 0x000001a3e43d2760 Uncommon trap: trap_request=0xffffffde fr.pc=0x000001a3d20f830c relative=0x000000000000056c
Event: 11.687 Thread 0x000001a3e43d2760 Uncommon trap: reason=class_check action=maybe_recompile pc=0x000001a3d20f830c method=java.nio.DirectByteBuffer.<init>(Lsun/nio/ch/DirectBuffer;IIIIILjdk/internal/access/foreign/MemorySegmentProxy;)V @ 14 c2
Event: 11.687 Thread 0x000001a3e43d2760 DEOPT PACKING pc=0x000001a3d20f830c sp=0x00000004587fd690
Event: 11.687 Thread 0x000001a3e43d2760 DEOPT UNPACKING pc=0x000001a3ca5ed72e sp=0x00000004587fd680 mode 2
Event: 11.876 Thread 0x000001a3e43cecf0 DEOPT PACKING pc=0x000001a3cb03dfd3 sp=0x00000004588fb420
Event: 11.876 Thread 0x000001a3e43cecf0 DEOPT UNPACKING pc=0x000001a3ca5edece sp=0x00000004588fa978 mode 0
Event: 11.931 Thread 0x000001a3c160b090 DEOPT PACKING pc=0x000001a3cb19a20b sp=0x00000004562f56d0
Event: 11.931 Thread 0x000001a3c160b090 DEOPT UNPACKING pc=0x000001a3ca5edece sp=0x00000004562f4be0 mode 0
Event: 11.931 Thread 0x000001a3c160b090 DEOPT PACKING pc=0x000001a3cb19a1ea sp=0x00000004562f56d0
Event: 11.931 Thread 0x000001a3c160b090 DEOPT UNPACKING pc=0x000001a3ca5edece sp=0x00000004562f4be0 mode 0
Event: 11.932 Thread 0x000001a3c160b090 DEOPT PACKING pc=0x000001a3cb19a20b sp=0x00000004562f5740
Event: 11.932 Thread 0x000001a3c160b090 DEOPT UNPACKING pc=0x000001a3ca5edece sp=0x00000004562f4c50 mode 0
Event: 12.080 Thread 0x000001a3e43cdd00 Uncommon trap: trap_request=0xffffff45 fr.pc=0x000001a3d20df6d4 relative=0x00000000000001b4
Event: 12.080 Thread 0x000001a3e43cdd00 Uncommon trap: reason=unstable_if action=reinterpret pc=0x000001a3d20df6d4 method=java.io.ByteArrayInputStream.read()I @ 8 c2
Event: 12.080 Thread 0x000001a3e43cdd00 DEOPT PACKING pc=0x000001a3d20df6d4 sp=0x00000004586fe740
Event: 12.080 Thread 0x000001a3e43cdd00 DEOPT UNPACKING pc=0x000001a3ca5ed72e sp=0x00000004586fe6f8 mode 2
Event: 13.149 Thread 0x000001a3c160b090 Uncommon trap: trap_request=0xffffff45 fr.pc=0x000001a3d22fc1a8 relative=0x0000000000008368
Event: 13.149 Thread 0x000001a3c160b090 Uncommon trap: reason=unstable_if action=reinterpret pc=0x000001a3d22fc1a8 method=org.aspectj.apache.bcel.generic.Type.getTypeInternal(Ljava/lang/String;)Lorg/aspectj/apache/bcel/generic/Type$TypeHolder; @ 42 c2
Event: 13.149 Thread 0x000001a3c160b090 DEOPT PACKING pc=0x000001a3d22fc1a8 sp=0x00000004562fb730
Event: 13.149 Thread 0x000001a3c160b090 DEOPT UNPACKING pc=0x000001a3ca5ed72e sp=0x00000004562fb500 mode 2

Classes unloaded (1 events):
Event: 5.167 Thread 0x000001a3e0c8a870 Unloading class 0x0000000800ca0800 'java/lang/invoke/LambdaForm$DMH+0x0000000800ca0800'

Classes redefined (0 events):
No events

Internal exceptions (20 events):
Event: 7.510 Thread 0x000001a3c160b090 Exception <a 'java/lang/NoSuchMethodError'{0x000000008b3ec450}: 'float java.lang.invoke.DirectMethodHandle$Holder.invokeVirtual(java.lang.Object, java.lang.Object)'> (0x000000008b3ec450) 
thrown [t:\workspace\open\src\hotspot\share\interpreter\linkResolver.cpp, line 790]
Event: 7.512 Thread 0x000001a3c160b090 Exception <a 'java/lang/NoSuchMethodError'{0x000000008b3f56f8}: 'long java.lang.invoke.DirectMethodHandle$Holder.invokeVirtual(java.lang.Object, java.lang.Object)'> (0x000000008b3f56f8) 
thrown [t:\workspace\open\src\hotspot\share\interpreter\linkResolver.cpp, line 790]
Event: 7.577 Thread 0x000001a3c160b090 Exception <a 'java/lang/NoSuchMethodError'{0x0000000089a665c0}: 'void java.lang.invoke.DirectMethodHandle$Holder.invokeSpecial(java.lang.Object, java.lang.Object, java.lang.Object, java.lang.Object, java.lang.Object)'> (0x0000000089a665c0) 
thrown [t:\workspace\open\src\hotspot\share\interpreter\linkResolver.cpp, line 790]
Event: 7.579 Thread 0x000001a3c160b090 Exception <a 'java/lang/NoSuchMethodError'{0x0000000089a6d818}: 'void java.lang.invoke.DirectMethodHandle$Holder.invokeStatic(java.lang.Object, java.lang.Object, int)'> (0x0000000089a6d818) 
thrown [t:\workspace\open\src\hotspot\share\interpreter\linkResolver.cpp, line 790]
Event: 7.681 Thread 0x000001a3c160b090 Exception <a 'java/lang/NoSuchMethodError'{0x00000000894d1270}: 'int java.lang.invoke.DirectMethodHandle$Holder.invokeSpecialIFC(java.lang.Object, java.lang.Object, java.lang.Object)'> (0x00000000894d1270) 
thrown [t:\workspace\open\src\hotspot\share\interpreter\linkResolver.cpp, line 790]
Event: 7.918 Thread 0x000001a3c160b090 Exception <a 'java/lang/NoSuchMethodError'{0x0000000088577870}: 'void java.lang.invoke.DirectMethodHandle$Holder.invokeSpecial(java.lang.Object, java.lang.Object, java.lang.Object, java.lang.Object, java.lang.Object, java.lang.Object)'> (0x0000000088577870) 
thrown [t:\workspace\open\src\hotspot\share\interpreter\linkResolver.cpp, line 790]
Event: 11.049 Thread 0x000001a3c160b090 Exception <a 'java/lang/NoSuchMethodError'{0x0000000089061278}: 'java.lang.Object java.lang.invoke.DirectMethodHandle$Holder.invokeSpecialIFC(java.lang.Object, java.lang.Object, java.lang.Object)'> (0x0000000089061278) 
thrown [t:\workspace\open\src\hotspot\share\interpreter\linkResolver.cpp, line 790]
Event: 11.209 Thread 0x000001a3c160b090 Exception <a 'java/lang/ClassNotFoundException'{0x0000000088fc49d8}: sun/util/logging/resources/spi/loggingProvider> (0x0000000088fc49d8) 
thrown [t:\workspace\open\src\hotspot\share\classfile\systemDictionary.cpp, line 256]
Event: 13.043 Thread 0x000001a3c160b090 Exception <a 'java/lang/IncompatibleClassChangeError'{0x0000000087c5b5d0}: Found class java.lang.Object, but interface was expected> (0x0000000087c5b5d0) 
thrown [t:\workspace\open\src\hotspot\share\interpreter\linkResolver.cpp, line 857]
Event: 13.045 Thread 0x000001a3c160b090 Exception <a 'java/lang/IncompatibleClassChangeError'{0x0000000087c5ebe8}: Found class java.lang.Object, but interface was expected> (0x0000000087c5ebe8) 
thrown [t:\workspace\open\src\hotspot\share\interpreter\linkResolver.cpp, line 857]
Event: 13.045 Thread 0x000001a3c160b090 Exception <a 'java/lang/IncompatibleClassChangeError'{0x0000000087c61f50}: Found class java.lang.Object, but interface was expected> (0x0000000087c61f50) 
thrown [t:\workspace\open\src\hotspot\share\interpreter\linkResolver.cpp, line 857]
Event: 13.046 Thread 0x000001a3c160b090 Exception <a 'java/lang/IncompatibleClassChangeError'{0x0000000087c652e8}: Found class java.lang.Object, but interface was expected> (0x0000000087c652e8) 
thrown [t:\workspace\open\src\hotspot\share\interpreter\linkResolver.cpp, line 857]
Event: 13.058 Thread 0x000001a3c160b090 Exception <a 'java/lang/NoSuchMethodError'{0x0000000087ce8a20}: 'int java.lang.invoke.DirectMethodHandle$Holder.invokeStatic(java.lang.Object, java.lang.Object, java.lang.Object, java.lang.Object, java.lang.Object)'> (0x0000000087ce8a20) 
thrown [t:\workspace\open\src\hotspot\share\interpreter\linkResolver.cpp, line 790]
Event: 13.131 Thread 0x000001a3c160b090 Exception <a 'java/lang/NoSuchMethodError'{0x0000000087af7480}: 'void java.lang.invoke.DirectMethodHandle$Holder.invokeInterface(java.lang.Object, java.lang.Object)'> (0x0000000087af7480) 
thrown [t:\workspace\open\src\hotspot\share\interpreter\linkResolver.cpp, line 790]
Event: 13.311 Thread 0x000001a3c160b090 Exception <a 'java/lang/IncompatibleClassChangeError'{0x00000000876ab208}: Found class java.lang.Object, but interface was expected> (0x00000000876ab208) 
thrown [t:\workspace\open\src\hotspot\share\interpreter\linkResolver.cpp, line 857]
Event: 13.312 Thread 0x000001a3c160b090 Exception <a 'java/lang/IncompatibleClassChangeError'{0x00000000876ae528}: Found class java.lang.Object, but interface was expected> (0x00000000876ae528) 
thrown [t:\workspace\open\src\hotspot\share\interpreter\linkResolver.cpp, line 857]
Event: 13.312 Thread 0x000001a3c160b090 Exception <a 'java/lang/IncompatibleClassChangeError'{0x00000000876b1820}: Found class java.lang.Object, but interface was expected> (0x00000000876b1820) 
thrown [t:\workspace\open\src\hotspot\share\interpreter\linkResolver.cpp, line 857]
Event: 13.312 Thread 0x000001a3c160b090 Exception <a 'java/lang/IncompatibleClassChangeError'{0x00000000876b4b48}: Found class java.lang.Object, but interface was expected> (0x00000000876b4b48) 
thrown [t:\workspace\open\src\hotspot\share\interpreter\linkResolver.cpp, line 857]
Event: 13.314 Thread 0x000001a3c160b090 Exception <a 'java/lang/IncompatibleClassChangeError'{0x00000000876c2f68}: Found class java.lang.Object, but interface was expected> (0x00000000876c2f68) 
thrown [t:\workspace\open\src\hotspot\share\interpreter\linkResolver.cpp, line 857]
Event: 13.315 Thread 0x000001a3c160b090 Exception <a 'java/lang/IncompatibleClassChangeError'{0x00000000876c6350}: Found class java.lang.Object, but interface was expected> (0x00000000876c6350) 
thrown [t:\workspace\open\src\hotspot\share\interpreter\linkResolver.cpp, line 857]

Events (20 events):
Event: 13.057 loading class java/util/Comparators$NullComparator
Event: 13.057 Executing  VM operation: Cleanup done
Event: 13.057 loading class java/util/Comparators$NullComparator done
Event: 13.059 loading class java/util/stream/SortedOps$RefSortingSink
Event: 13.059 loading class java/util/stream/SortedOps$RefSortingSink done
Event: 13.075 Thread 0x000001a3e3a0aad0 Thread added: 0x000001a3e3a0aad0
Event: 13.124 loading class java/util/ArrayList$SubList$1
Event: 13.124 loading class java/util/ArrayList$SubList$1 done
Event: 13.254 loading class java/lang/annotation/ElementType
Event: 13.254 loading class java/lang/annotation/ElementType done
Event: 13.257 loading class sun/reflect/annotation/AnnotationSupport
Event: 13.257 loading class sun/reflect/annotation/AnnotationSupport done
Event: 13.257 loading class java/lang/annotation/Repeatable
Event: 13.257 loading class java/lang/annotation/Repeatable done
Event: 13.277 loading class java/util/stream/Nodes$FixedNodeBuilder
Event: 13.278 loading class java/util/stream/Nodes$FixedNodeBuilder done
Event: 13.281 loading class sun/security/provider/MD5
Event: 13.281 loading class sun/security/provider/MD5 done
Event: 13.285 loading class java/lang/StrictMath
Event: 13.285 loading class java/lang/StrictMath done


Dynamic libraries:
0x00007ff67b6e0000 - 0x00007ff67b6f0000 	C:\Program Files\Java\jdk-16.0.1\bin\java.exe
0x00007ffbcaf50000 - 0x00007ffbcb148000 	C:\WINDOWS\SYSTEM32\ntdll.dll
0x00007ffbc9fc0000 - 0x00007ffbca07d000 	C:\WINDOWS\System32\KERNEL32.DLL
0x00007ffbc8ce0000 - 0x00007ffbc8fae000 	C:\WINDOWS\System32\KERNELBASE.dll
0x00007ffbc8670000 - 0x00007ffbc8770000 	C:\WINDOWS\System32\ucrtbase.dll
0x00007ffbb66b0000 - 0x00007ffbb66c9000 	C:\Program Files\Java\jdk-16.0.1\bin\VCRUNTIME140.dll
0x00007ffbc0840000 - 0x00007ffbc0858000 	C:\Program Files\Java\jdk-16.0.1\bin\jli.dll
0x00007ffbc9040000 - 0x00007ffbc90ee000 	C:\WINDOWS\System32\ADVAPI32.dll
0x00007ffbca080000 - 0x00007ffbca11e000 	C:\WINDOWS\System32\msvcrt.dll
0x00007ffbc90f0000 - 0x00007ffbc918c000 	C:\WINDOWS\System32\sechost.dll
0x00007ffbca120000 - 0x00007ffbca245000 	C:\WINDOWS\System32\RPCRT4.dll
0x00007ffbcad70000 - 0x00007ffbcaf10000 	C:\WINDOWS\System32\USER32.dll
0x00007ffbc8770000 - 0x00007ffbc8792000 	C:\WINDOWS\System32\win32u.dll
0x00007ffbc9a40000 - 0x00007ffbc9a6a000 	C:\WINDOWS\System32\GDI32.dll
0x00007ffbb3e40000 - 0x00007ffbb40da000 	C:\WINDOWS\WinSxS\amd64_microsoft.windows.common-controls_6595b64144ccf1df_6.0.19041.1110_none_60b5254171f9507e\COMCTL32.dll
0x00007ffbc8850000 - 0x00007ffbc895b000 	C:\WINDOWS\System32\gdi32full.dll
0x00007ffbc8960000 - 0x00007ffbc89fd000 	C:\WINDOWS\System32\msvcp_win.dll
0x00007ffbc65b0000 - 0x00007ffbc65ba000 	C:\WINDOWS\SYSTEM32\VERSION.dll
0x00007ffbc9010000 - 0x00007ffbc9040000 	C:\WINDOWS\System32\IMM32.DLL
0x00007ffbc2e40000 - 0x00007ffbc2e4c000 	C:\Program Files\Java\jdk-16.0.1\bin\vcruntime140_1.dll
0x00007ffb92b90000 - 0x00007ffb92c21000 	C:\Program Files\Java\jdk-16.0.1\bin\msvcp140.dll
0x00007ffb540d0000 - 0x00007ffb54c7b000 	C:\Program Files\Java\jdk-16.0.1\bin\server\jvm.dll
0x00007ffbc9e80000 - 0x00007ffbc9e88000 	C:\WINDOWS\System32\PSAPI.DLL
0x00007ffbb07c0000 - 0x00007ffbb07c9000 	C:\WINDOWS\SYSTEM32\WSOCK32.dll
0x00007ffbc9ad0000 - 0x00007ffbc9b3b000 	C:\WINDOWS\System32\WS2_32.dll
0x00007ffbc6580000 - 0x00007ffbc65a7000 	C:\WINDOWS\SYSTEM32\WINMM.dll
0x00007ffbc6f50000 - 0x00007ffbc6f62000 	C:\WINDOWS\SYSTEM32\kernel.appcore.dll
0x00007ffbc0f30000 - 0x00007ffbc0f3a000 	C:\Program Files\Java\jdk-16.0.1\bin\jimage.dll
0x00007ffbc6390000 - 0x00007ffbc6574000 	C:\WINDOWS\SYSTEM32\DBGHELP.DLL
0x00007ffbc6360000 - 0x00007ffbc638c000 	C:\WINDOWS\SYSTEM32\dbgcore.DLL
0x00007ffbc8c50000 - 0x00007ffbc8cd2000 	C:\WINDOWS\System32\bcryptPrimitives.dll
0x00007ffbc2f80000 - 0x00007ffbc2f8e000 	C:\Program Files\Java\jdk-16.0.1\bin\instrument.dll
0x00007ffbb64f0000 - 0x00007ffbb6515000 	C:\Program Files\Java\jdk-16.0.1\bin\java.dll
0x00007ffbca300000 - 0x00007ffbcaa44000 	C:\WINDOWS\System32\SHELL32.dll
0x00007ffbc6750000 - 0x00007ffbc6ee4000 	C:\WINDOWS\SYSTEM32\windows.storage.dll
0x00007ffbc96e0000 - 0x00007ffbc9a34000 	C:\WINDOWS\System32\combase.dll
0x00007ffbc80d0000 - 0x00007ffbc8100000 	C:\WINDOWS\SYSTEM32\Wldp.dll
0x00007ffbcaa50000 - 0x00007ffbcaafd000 	C:\WINDOWS\System32\SHCORE.dll
0x00007ffbc9e20000 - 0x00007ffbc9e75000 	C:\WINDOWS\System32\shlwapi.dll
0x00007ffbc85b0000 - 0x00007ffbc85cf000 	C:\WINDOWS\SYSTEM32\profapi.dll
0x00007ffbb3020000 - 0x00007ffbb3038000 	C:\Program Files\Java\jdk-16.0.1\bin\zip.dll
0x00007ffbb6230000 - 0x00007ffbb6249000 	C:\Program Files\Java\jdk-16.0.1\bin\net.dll
0x00007ffbb6340000 - 0x00007ffbb644a000 	C:\WINDOWS\SYSTEM32\WINHTTP.dll
0x00007ffbc7e30000 - 0x00007ffbc7e9a000 	C:\WINDOWS\system32\mswsock.dll
0x00007ffbb6190000 - 0x00007ffbb61a3000 	C:\Program Files\Java\jdk-16.0.1\bin\nio.dll
0x00007ffbc10a0000 - 0x00007ffbc10ba000 	C:\Program Files\JetBrains\IntelliJ IDEA 2022.2\bin\breakgen64.dll
0x00007ffbc0e50000 - 0x00007ffbc0e60000 	C:\Program Files\Java\jdk-16.0.1\bin\verify.dll
0x00007ffbc8020000 - 0x00007ffbc8038000 	C:\WINDOWS\SYSTEM32\CRYPTSP.dll
0x00007ffbc7740000 - 0x00007ffbc7774000 	C:\WINDOWS\system32\rsaenh.dll
0x00007ffbc8c20000 - 0x00007ffbc8c47000 	C:\WINDOWS\System32\bcrypt.dll
0x00007ffbc8570000 - 0x00007ffbc859e000 	C:\WINDOWS\SYSTEM32\USERENV.dll
0x00007ffbc8040000 - 0x00007ffbc804c000 	C:\WINDOWS\SYSTEM32\CRYPTBASE.dll
0x00007ffbc7ad0000 - 0x00007ffbc7b0b000 	C:\WINDOWS\SYSTEM32\IPHLPAPI.DLL
0x00007ffbc9260000 - 0x00007ffbc9268000 	C:\WINDOWS\System32\NSI.dll
0x00007ffbbeb20000 - 0x00007ffbbeb37000 	C:\WINDOWS\SYSTEM32\dhcpcsvc6.DLL
0x00007ffbbeb60000 - 0x00007ffbbeb7d000 	C:\WINDOWS\SYSTEM32\dhcpcsvc.DLL
0x00007ffbc7b10000 - 0x00007ffbc7bda000 	C:\WINDOWS\SYSTEM32\DNSAPI.dll
0x00007ffbb4b40000 - 0x00007ffbb4b4a000 	C:\Windows\System32\rasadhlp.dll
0x00007ffbb62b0000 - 0x00007ffbb6330000 	C:\WINDOWS\System32\fwpuclnt.dll
0x00007ffbc1160000 - 0x00007ffbc1169000 	C:\Program Files\Java\jdk-16.0.1\bin\management.dll
0x00007ffbb8870000 - 0x00007ffbb887b000 	C:\Program Files\Java\jdk-16.0.1\bin\management_ext.dll
0x00007ffbb6690000 - 0x00007ffbb669e000 	C:\Program Files\Java\jdk-16.0.1\bin\sunmscapi.dll
0x00007ffbc8ac0000 - 0x00007ffbc8c16000 	C:\WINDOWS\System32\CRYPT32.dll
0x00007ffbc8140000 - 0x00007ffbc8167000 	C:\WINDOWS\SYSTEM32\ncrypt.dll
0x00007ffbc8100000 - 0x00007ffbc813b000 	C:\WINDOWS\SYSTEM32\NTASN1.dll
0x00007ffbc0f20000 - 0x00007ffbc0f27000 	C:\WINDOWS\system32\wshunix.dll
0x00007ffba5790000 - 0x00007ffba57a7000 	C:\WINDOWS\system32\napinsp.dll
0x00007ffba5770000 - 0x00007ffba578b000 	C:\WINDOWS\system32\pnrpnsp.dll
0x00007ffba5750000 - 0x00007ffba5765000 	C:\WINDOWS\system32\wshbth.dll
0x00007ffbc3bf0000 - 0x00007ffbc3c0d000 	C:\WINDOWS\system32\NLAapi.dll
0x00007ffba5730000 - 0x00007ffba5742000 	C:\WINDOWS\System32\winrnr.dll

dbghelp: loaded successfully - version: 4.0.5 - missing functions: none
symbol engine: initialized successfully - sym options: 0x614 - pdb path: .;C:\Program Files\Java\jdk-16.0.1\bin;C:\WINDOWS\SYSTEM32;C:\WINDOWS\WinSxS\amd64_microsoft.windows.common-controls_6595b64144ccf1df_6.0.19041.1110_none_60b5254171f9507e;C:\Program Files\Java\jdk-16.0.1\bin\server;C:\Program Files\JetBrains\IntelliJ IDEA 2022.2\bin

VM Arguments:
jvm_args: -ea -javaagent:C:\Users\DELL\.m2\repository/org/aspectj/aspectjweaver/1.9.9.1/aspectjweaver-1.9.9.1.jar -Didea.test.cyclic.buffer.size=1048576 -javaagent:C:\Program Files\JetBrains\IntelliJ IDEA 2022.2\lib\idea_rt.jar=57977:C:\Program Files\JetBrains\IntelliJ IDEA 2022.2\bin -Dfile.encoding=UTF-8 
java_command: com.intellij.rt.testng.RemoteTestNGStarter -usedefaultlisteners false -socket57976 @w@C:\Users\DELL\AppData\Local\Temp\idea_working_dirs_testng.tmp -temp C:\Users\DELL\AppData\Local\Temp\idea_testng.tmp
java_class_path (initial): C:\Program Files\JetBrains\IntelliJ IDEA 2022.2\lib\idea_rt.jar;C:\Program Files\JetBrains\IntelliJ IDEA 2022.2\plugins\testng\lib\testng-rt.jar;C:\Users\DELL\IdeaProjects\TAProject\target\test-classes;C:\Users\DELL\.m2\repository\io\qameta\allure\allure-testng\2.18.1\allure-testng-2.18.1.jar;C:\Users\DELL\.m2\repository\io\qameta\allure\allure-java-commons\2.18.1\allure-java-commons-2.18.1.jar;C:\Users\DELL\.m2\repository\io\qameta\allure\allure-model\2.18.1\allure-model-2.18.1.jar;C:\Users\DELL\.m2\repository\io\qameta\allure\allure-test-filter\2.18.1\allure-test-filter-2.18.1.jar;C:\Users\DELL\.m2\repository\com\codeborne\selenide-testng\6.5.1\selenide-testng-6.5.1.jar;C:\Users\DELL\.m2\repository\org\seleniumhq\selenium\selenium-java\4.1.4\selenium-java-4.1.4.jar;C:\Users\DELL\.m2\repository\org\seleniumhq\selenium\selenium-api\4.1.4\selenium-api-4.1.4.jar;C:\Users\DELL\.m2\repository\org\seleniumhq\selenium\selenium-chrome-driver\4.1.4\selenium-chrome-driver-4.1.4.jar;C:\Users\DELL\.m2\repository\com\google\auto\service\auto-service-annotations\1.0.1\auto-service-annotations-1.0.1.jar;C:\Users\DELL\.m2\repository\com\google\auto\service\auto-service\1.0.1\auto-service-1.0.1.jar;C:\Users\DELL\.m2\repository\com\google\auto\auto-common\1.2\auto-common-1.2.jar;C:\Users\DELL\.m2\repository\org\seleniumhq\selenium\selenium-chromium-driver\4.1.4\selenium-chromium-driver-4.1.4.jar;C:\Users\DELL\.m2\repository\org\seleniumhq\selenium\selenium-json\4.1.4\selenium-json-4.1.4.jar;C:\Users\DELL\.m2\repository\org\seleniumhq\selenium\selenium-devtools-v100\4.1.4\selenium-devtools-v100-4.1.4.jar;C:\Users\DELL\.m2\repository\org\seleniumhq\selenium\selenium-devtools-v101\4.1.4\selenium-devtools-v101-4.1.4.jar;C:\Users\DELL\.m2\repository\org\seleniumhq\selenium\selenium-devtools-v85\4.1.4\selenium-devtools-v85-4.1.4.jar;C:\Users\DELL\.m2\repository\org\seleniumhq\selenium\selenium-devtools-v99\4.1.4\selenium-devtools-v99-4.1.4.jar;C:\Users\DELL\.m
Launcher Type: SUN_STANDARD

[Global flags]
     intx CICompilerCount                          = 3                                         {product} {ergonomic}
     uint ConcGCThreads                            = 1                                         {product} {ergonomic}
     uint G1ConcRefinementThreads                  = 4                                         {product} {ergonomic}
   size_t G1HeapRegionSize                         = 1048576                                   {product} {ergonomic}
    uintx GCDrainStackTargetSize                   = 64                                        {product} {ergonomic}
   size_t InitialHeapSize                          = 134217728                                 {product} {ergonomic}
   size_t MarkStackSize                            = 4194304                                   {product} {ergonomic}
   size_t MaxHeapSize                              = 2120220672                                {product} {ergonomic}
   size_t MaxNewSize                               = 1271922688                                {product} {ergonomic}
   size_t MinHeapDeltaBytes                        = 1048576                                   {product} {ergonomic}
   size_t MinHeapSize                              = 8388608                                   {product} {ergonomic}
    uintx NonNMethodCodeHeapSize                   = 5832780                                {pd product} {ergonomic}
    uintx NonProfiledCodeHeapSize                  = 122912730                              {pd product} {ergonomic}
    uintx ProfiledCodeHeapSize                     = 122912730                              {pd product} {ergonomic}
    uintx ReservedCodeCacheSize                    = 251658240                              {pd product} {ergonomic}
     bool SegmentedCodeCache                       = true                                      {product} {ergonomic}
   size_t SoftMaxHeapSize                          = 2120220672                             {manageable} {ergonomic}
     bool UseCompressedClassPointers               = true                           {product lp64_product} {ergonomic}
     bool UseCompressedOops                        = true                           {product lp64_product} {ergonomic}
     bool UseG1GC                                  = true                                      {product} {ergonomic}
     bool UseLargePagesIndividualAllocation        = false                                  {pd product} {ergonomic}

Logging:
Log output configuration:
 #0: stdout all=warning uptime,level,tags
 #1: stderr all=off uptime,level,tags

Environment Variables:
PATH=C:\Program Files\Common Files\Oracle\Java\javapath;C:\WINDOWS\system32;C:\WINDOWS;C:\WINDOWS\System32\Wbem;C:\WINDOWS\System32\WindowsPowerShell\v1.0\;C:\WINDOWS\System32\OpenSSH\;C:\Program Files\Microsoft SQL Server\110\Tools\Binn\;C:\Program Files (x86)\Microsoft SQL Server\110\Tools\Binn\;C:\Program Files\Microsoft SQL Server\110\DTS\Binn\;C:\Program Files (x86)\Microsoft SQL Server\110\Tools\Binn\ManagementStudio\;C:\Program Files (x86)\Microsoft Visual Studio 10.0\Common7\IDE\PrivateAssemblies\;C:\Program Files (x86)\Microsoft SQL Server\110\DTS\Binn\;C:\Program Files\TortoiseGit\bin;C:\Program Files\Git\cmd;C:\Users\DELL\AppData\Local\Microsoft\WindowsApps;;C:\Program Files\JetBrains\IntelliJ IDEA Community Edition 2020.3.3\bin;;C:\Users\DELL\AppData\Local\Programs\Microsoft VS Code\bin
USERNAME=DELL
OS=Windows_NT
PROCESSOR_IDENTIFIER=Intel64 Family 6 Model 78 Stepping 3, GenuineIntel



---------------  S Y S T E M  ---------------

OS:
 Windows 10 , 64 bit Build 19041 (10.0.19041.1889)
OS uptime: 6 days 3:15 hours

CPU: total 4 (initial active 4) (2 cores per cpu, 2 threads per core) family 6 model 78 stepping 3 microcode 0xcc, cx8, cmov, fxsr, ht, mmx, 3dnowpref, sse, sse2, sse3, ssse3, sse4.1, sse4.2, popcnt, lzcnt, tsc, tscinvbit, avx, avx2, aes, erms, clmul, bmi1, bmi2, rtm, adx, fma, vzeroupper, clflush, clflushopt

Memory: 4k page, system-wide physical 8083M (733M free)
TotalPageFile size 21906M (AvailPageFile size 9M)
current process WorkingSet (physical memory assigned to process): 270M, peak: 272M
current process commit charge ("private bytes"): 313M, peak: 317M

vm_info: Java HotSpot(TM) 64-Bit Server VM (16.0.1+9-24) for windows-amd64 JRE (16.0.1+9-24), built on Mar 26 2021 19:31:42 by "mach5one" with MS VC++ 16.7 (VS2019)

END.
