#
# There is insufficient memory for the Java Runtime Environment to continue.
# Native memory allocation (mmap) failed to map 134217728 bytes for G1 virtual space
# Possible reasons:
#   The system is out of physical RAM or swap space
#   The process is running with CompressedOops enabled, and the Java Heap may be blocking the growth of the native heap
# Possible solutions:
#   Reduce memory load on the system
#   Increase physical memory or swap space
#   Check if swap backing store is full
#   Decrease Java heap size (-Xmx/-Xms)
#   Decrease number of Java threads
#   Decrease Java thread stack sizes (-Xss)
#   Set larger code cache with -XX:ReservedCodeCacheSize=
#   JVM is running with Unscaled Compressed Oops mode in which the Java heap is
#     placed in the first 4GB address space. The Java Heap base address is the
#     maximum limit for the native heap growth. Please use -XX:HeapBaseMinAddress
#     to set the Java Heap base and to place the Java Heap above 4GB virtual address.
# This output file may be truncated or incomplete.
#
#  Out of Memory Error (os_windows.cpp:3466), pid=16108, tid=12844
#
# JRE version:  (16.0.1+9) (build )
# Java VM: Java HotSpot(TM) 64-Bit Server VM (16.0.1+9-24, mixed mode, sharing, tiered, compressed oops, compressed class ptrs, g1 gc, windows-amd64)
# No core dump will be written. Minidumps are not enabled by default on client versions of Windows
#

---------------  S U M M A R Y ------------

Command Line: -ea -javaagent:C:\Users\DELL\.m2\repository/org/aspectj/aspectjweaver/1.9.9.1/aspectjweaver-1.9.9.1.jar -Didea.test.cyclic.buffer.size=1048576 -javaagent:C:\Program Files\JetBrains\IntelliJ IDEA 2022.2\lib\idea_rt.jar=58983:C:\Program Files\JetBrains\IntelliJ IDEA 2022.2\bin -Dfile.encoding=UTF-8 com.intellij.rt.testng.RemoteTestNGStarter -usedefaultlisteners false -socket58982 @w@C:\Users\DELL\AppData\Local\Temp\idea_working_dirs_testng1.tmp -temp C:\Users\DELL\AppData\Local\Temp\idea_testng1.tmp

Host: Intel(R) Core(TM) i7-6600U CPU @ 2.60GHz, 4 cores, 7G,  Windows 10 , 64 bit Build 19041 (10.0.19041.1889)
Time: Wed Aug 17 14:45:10 2022 SE Asia Standard Time elapsed time: 0.035475 seconds (0d 0h 0m 0s)

---------------  T H R E A D  ---------------

Current thread (0x00000233e174a230):  JavaThread "Unknown thread" [_thread_in_vm, id=12844, stack(0x000000caff600000,0x000000caff700000)]

Stack: [0x000000caff600000,0x000000caff700000]
Native frames: (J=compiled Java code, j=interpreted, Vv=VM code, C=native code)
V  [jvm.dll+0x6687ca]
V  [jvm.dll+0x7ca3c9]
V  [jvm.dll+0x7cbb53]
V  [jvm.dll+0x7cc1b3]
V  [jvm.dll+0x242ea5]
V  [jvm.dll+0x665589]
V  [jvm.dll+0x65a175]
V  [jvm.dll+0x2fc5ab]
V  [jvm.dll+0x3037a6]
V  [jvm.dll+0x352fee]
V  [jvm.dll+0x35321f]
V  [jvm.dll+0x2d3618]
V  [jvm.dll+0x2d4854]
V  [jvm.dll+0x79ccb1]
V  [jvm.dll+0x360de1]
V  [jvm.dll+0x77a990]
V  [jvm.dll+0x3e55af]
V  [jvm.dll+0x3e7081]
C  [jli.dll+0x52fb]
C  [ucrtbase.dll+0x21bb2]
C  [KERNEL32.DLL+0x17034]
C  [ntdll.dll+0x52651]


---------------  P R O C E S S  ---------------

Threads class SMR info:
_java_thread_list=0x00007ffb54bdcbb8, length=0, elements={
}

Java Threads: ( => current thread )

Other Threads:
  0x00000233e178a0c0 GCTaskThread "GC Thread#0" [stack: 0x000000caff700000,0x000000caff800000] [id=3704]
  0x00000233e179bde0 ConcurrentGCThread "G1 Main Marker" [stack: 0x000000caff800000,0x000000caff900000] [id=12108]
  0x00000233e179d770 ConcurrentGCThread "G1 Conc#0" [stack: 0x000000caff900000,0x000000caffa00000] [id=22332]

[error occurred during error reporting (printing all threads), id 0xc0000005, EXCEPTION_ACCESS_VIOLATION (0xc0000005) at pc=0x00007ffb543b44d7]

VM state: not at safepoint (not fully initialized)

VM Mutex/Monitor currently owned by a thread:  ([mutex/lock_event])
[0x00000233e1747210] Heap_lock - owner thread: 0x00000233e174a230

Heap address: 0x0000000081a00000, size: 2022 MB, Compressed Oops mode: 32-bit

CDS archive(s) mapped at: [0x0000000000000000-0x0000000000000000-0x0000000000000000), size 0, SharedBaseAddress: 0x0000000800000000, ArchiveRelocationMode: 0.
Narrow klass base: 0x0000000000000000, Narrow klass shift: 0, Narrow klass range: 0x0

GC Precious Log:
<Empty>

Heap:
 garbage-first heap   total 0K, used 0K [0x0000000081a00000, 0x0000000100000000)
  region size 1024K, 0 young (0K), 0 survivors (0K)

[error occurred during error reporting (printing heap information), id 0xc0000005, EXCEPTION_ACCESS_VIOLATION (0xc0000005) at pc=0x00007ffb547924ed]

GC Heap History (0 events):
No events

Deoptimization events (0 events):
No events

Classes unloaded (0 events):
No events

Classes redefined (0 events):
No events

Internal exceptions (0 events):
No events

Events (1 events):
Event: 0.027 Loaded shared library C:\Program Files\Java\jdk-16.0.1\bin\java.dll


Dynamic libraries:
0x00007ff67b6e0000 - 0x00007ff67b6f0000 	C:\Program Files\Java\jdk-16.0.1\bin\java.exe
0x00007ffbcaf50000 - 0x00007ffbcb148000 	C:\WINDOWS\SYSTEM32\ntdll.dll
0x00007ffbc9fc0000 - 0x00007ffbca07d000 	C:\WINDOWS\System32\KERNEL32.DLL
0x00007ffbc8ce0000 - 0x00007ffbc8fae000 	C:\WINDOWS\System32\KERNELBASE.dll
0x00007ffbc8670000 - 0x00007ffbc8770000 	C:\WINDOWS\System32\ucrtbase.dll
0x00007ffbc2da0000 - 0x00007ffbc2db8000 	C:\Program Files\Java\jdk-16.0.1\bin\jli.dll
0x00007ffbc9040000 - 0x00007ffbc90ee000 	C:\WINDOWS\System32\ADVAPI32.dll
0x00007ffbca080000 - 0x00007ffbca11e000 	C:\WINDOWS\System32\msvcrt.dll
0x00007ffbc90f0000 - 0x00007ffbc918c000 	C:\WINDOWS\System32\sechost.dll
0x00007ffbca120000 - 0x00007ffbca245000 	C:\WINDOWS\System32\RPCRT4.dll
0x00007ffbcad70000 - 0x00007ffbcaf10000 	C:\WINDOWS\System32\USER32.dll
0x00007ffbc8770000 - 0x00007ffbc8792000 	C:\WINDOWS\System32\win32u.dll
0x00007ffbc9a40000 - 0x00007ffbc9a6a000 	C:\WINDOWS\System32\GDI32.dll
0x00007ffbc8850000 - 0x00007ffbc895b000 	C:\WINDOWS\System32\gdi32full.dll
0x00007ffbc8960000 - 0x00007ffbc89fd000 	C:\WINDOWS\System32\msvcp_win.dll
0x00007ffbb3e40000 - 0x00007ffbb40da000 	C:\WINDOWS\WinSxS\amd64_microsoft.windows.common-controls_6595b64144ccf1df_6.0.19041.1110_none_60b5254171f9507e\COMCTL32.dll
0x00007ffbc65b0000 - 0x00007ffbc65ba000 	C:\WINDOWS\SYSTEM32\VERSION.dll
0x00007ffbc10a0000 - 0x00007ffbc10b9000 	C:\Program Files\Java\jdk-16.0.1\bin\VCRUNTIME140.dll
0x00007ffbc9010000 - 0x00007ffbc9040000 	C:\WINDOWS\System32\IMM32.DLL
0x00007ffbc2f80000 - 0x00007ffbc2f8c000 	C:\Program Files\Java\jdk-16.0.1\bin\vcruntime140_1.dll
0x00007ffb92c10000 - 0x00007ffb92ca1000 	C:\Program Files\Java\jdk-16.0.1\bin\msvcp140.dll
0x00007ffb540d0000 - 0x00007ffb54c7b000 	C:\Program Files\Java\jdk-16.0.1\bin\server\jvm.dll
0x00007ffbc9e80000 - 0x00007ffbc9e88000 	C:\WINDOWS\System32\PSAPI.DLL
0x00007ffbb07c0000 - 0x00007ffbb07c9000 	C:\WINDOWS\SYSTEM32\WSOCK32.dll
0x00007ffbc9ad0000 - 0x00007ffbc9b3b000 	C:\WINDOWS\System32\WS2_32.dll
0x00007ffbc6580000 - 0x00007ffbc65a7000 	C:\WINDOWS\SYSTEM32\WINMM.dll
0x00007ffbc6f50000 - 0x00007ffbc6f62000 	C:\WINDOWS\SYSTEM32\kernel.appcore.dll
0x00007ffbc2e40000 - 0x00007ffbc2e4a000 	C:\Program Files\Java\jdk-16.0.1\bin\jimage.dll
0x00007ffbc6390000 - 0x00007ffbc6574000 	C:\WINDOWS\SYSTEM32\DBGHELP.DLL
0x00007ffbc6360000 - 0x00007ffbc638c000 	C:\WINDOWS\SYSTEM32\dbgcore.DLL
0x00007ffbc8c50000 - 0x00007ffbc8cd2000 	C:\WINDOWS\System32\bcryptPrimitives.dll
0x00007ffbc1080000 - 0x00007ffbc108e000 	C:\Program Files\Java\jdk-16.0.1\bin\instrument.dll
0x00007ffbb64f0000 - 0x00007ffbb6515000 	C:\Program Files\Java\jdk-16.0.1\bin\java.dll

dbghelp: loaded successfully - version: 4.0.5 - missing functions: none
symbol engine: initialized successfully - sym options: 0x614 - pdb path: .;C:\Program Files\Java\jdk-16.0.1\bin;C:\WINDOWS\SYSTEM32;C:\WINDOWS\WinSxS\amd64_microsoft.windows.common-controls_6595b64144ccf1df_6.0.19041.1110_none_60b5254171f9507e;C:\Program Files\Java\jdk-16.0.1\bin\server

VM Arguments:
jvm_args: -ea -javaagent:C:\Users\DELL\.m2\repository/org/aspectj/aspectjweaver/1.9.9.1/aspectjweaver-1.9.9.1.jar -Didea.test.cyclic.buffer.size=1048576 -javaagent:C:\Program Files\JetBrains\IntelliJ IDEA 2022.2\lib\idea_rt.jar=58983:C:\Program Files\JetBrains\IntelliJ IDEA 2022.2\bin -Dfile.encoding=UTF-8 
java_command: com.intellij.rt.testng.RemoteTestNGStarter -usedefaultlisteners false -socket58982 @w@C:\Users\DELL\AppData\Local\Temp\idea_working_dirs_testng1.tmp -temp C:\Users\DELL\AppData\Local\Temp\idea_testng1.tmp
java_class_path (initial): C:\Program Files\JetBrains\IntelliJ IDEA 2022.2\lib\idea_rt.jar;C:\Program Files\JetBrains\IntelliJ IDEA 2022.2\plugins\testng\lib\testng-rt.jar;C:\Users\DELL\IdeaProjects\TAProject\target\test-classes;C:\Users\DELL\.m2\repository\io\qameta\allure\allure-testng\2.18.1\allure-testng-2.18.1.jar;C:\Users\DELL\.m2\repository\io\qameta\allure\allure-java-commons\2.18.1\allure-java-commons-2.18.1.jar;C:\Users\DELL\.m2\repository\io\qameta\allure\allure-model\2.18.1\allure-model-2.18.1.jar;C:\Users\DELL\.m2\repository\io\qameta\allure\allure-test-filter\2.18.1\allure-test-filter-2.18.1.jar;C:\Users\DELL\.m2\repository\com\codeborne\selenide-testng\6.5.1\selenide-testng-6.5.1.jar;C:\Users\DELL\.m2\repository\org\seleniumhq\selenium\selenium-java\4.1.4\selenium-java-4.1.4.jar;C:\Users\DELL\.m2\repository\org\seleniumhq\selenium\selenium-api\4.1.4\selenium-api-4.1.4.jar;C:\Users\DELL\.m2\repository\org\seleniumhq\selenium\selenium-chrome-driver\4.1.4\selenium-chrome-driver-4.1.4.jar;C:\Users\DELL\.m2\repository\com\google\auto\service\auto-service-annotations\1.0.1\auto-service-annotations-1.0.1.jar;C:\Users\DELL\.m2\repository\com\google\auto\service\auto-service\1.0.1\auto-service-1.0.1.jar;C:\Users\DELL\.m2\repository\com\google\auto\auto-common\1.2\auto-common-1.2.jar;C:\Users\DELL\.m2\repository\org\seleniumhq\selenium\selenium-chromium-driver\4.1.4\selenium-chromium-driver-4.1.4.jar;C:\Users\DELL\.m2\repository\org\seleniumhq\selenium\selenium-json\4.1.4\selenium-json-4.1.4.jar;C:\Users\DELL\.m2\repository\org\seleniumhq\selenium\selenium-devtools-v100\4.1.4\selenium-devtools-v100-4.1.4.jar;C:\Users\DELL\.m2\repository\org\seleniumhq\selenium\selenium-devtools-v101\4.1.4\selenium-devtools-v101-4.1.4.jar;C:\Users\DELL\.m2\repository\org\seleniumhq\selenium\selenium-devtools-v85\4.1.4\selenium-devtools-v85-4.1.4.jar;C:\Users\DELL\.m2\repository\org\seleniumhq\selenium\selenium-devtools-v99\4.1.4\selenium-devtools-v99-4.1.4.jar;C:\Users\DELL\.m
Launcher Type: SUN_STANDARD

[Global flags]
     intx CICompilerCount                          = 3                                         {product} {ergonomic}
     uint ConcGCThreads                            = 1                                         {product} {ergonomic}
     uint G1ConcRefinementThreads                  = 4                                         {product} {ergonomic}
   size_t G1HeapRegionSize                         = 1048576                                   {product} {ergonomic}
    uintx GCDrainStackTargetSize                   = 64                                        {product} {ergonomic}
   size_t InitialHeapSize                          = 134217728                                 {product} {ergonomic}
   size_t MarkStackSize                            = 4194304                                   {product} {ergonomic}
   size_t MaxHeapSize                              = 2120220672                                {product} {ergonomic}
   size_t MinHeapDeltaBytes                        = 1048576                                   {product} {ergonomic}
   size_t MinHeapSize                              = 8388608                                   {product} {ergonomic}
    uintx NonNMethodCodeHeapSize                   = 5832780                                {pd product} {ergonomic}
    uintx NonProfiledCodeHeapSize                  = 122912730                              {pd product} {ergonomic}
    uintx ProfiledCodeHeapSize                     = 122912730                              {pd product} {ergonomic}
    uintx ReservedCodeCacheSize                    = 251658240                              {pd product} {ergonomic}
     bool SegmentedCodeCache                       = true                                      {product} {ergonomic}
   size_t SoftMaxHeapSize                          = 2120220672                             {manageable} {ergonomic}
     bool UseCompressedClassPointers               = true                           {product lp64_product} {ergonomic}
     bool UseCompressedOops                        = true                           {product lp64_product} {ergonomic}
     bool UseG1GC                                  = true                                      {product} {ergonomic}
     bool UseLargePagesIndividualAllocation        = false                                  {pd product} {ergonomic}

Logging:
Log output configuration:
 #0: stdout all=warning uptime,level,tags
 #1: stderr all=off uptime,level,tags

Environment Variables:
PATH=C:\Program Files\Common Files\Oracle\Java\javapath;C:\WINDOWS\system32;C:\WINDOWS;C:\WINDOWS\System32\Wbem;C:\WINDOWS\System32\WindowsPowerShell\v1.0\;C:\WINDOWS\System32\OpenSSH\;C:\Program Files\Microsoft SQL Server\110\Tools\Binn\;C:\Program Files (x86)\Microsoft SQL Server\110\Tools\Binn\;C:\Program Files\Microsoft SQL Server\110\DTS\Binn\;C:\Program Files (x86)\Microsoft SQL Server\110\Tools\Binn\ManagementStudio\;C:\Program Files (x86)\Microsoft Visual Studio 10.0\Common7\IDE\PrivateAssemblies\;C:\Program Files (x86)\Microsoft SQL Server\110\DTS\Binn\;C:\Program Files\TortoiseGit\bin;C:\Program Files\Git\cmd;C:\Users\DELL\AppData\Local\Microsoft\WindowsApps;;C:\Program Files\JetBrains\IntelliJ IDEA Community Edition 2020.3.3\bin;;C:\Users\DELL\AppData\Local\Programs\Microsoft VS Code\bin
USERNAME=DELL
OS=Windows_NT
PROCESSOR_IDENTIFIER=Intel64 Family 6 Model 78 Stepping 3, GenuineIntel



---------------  S Y S T E M  ---------------

OS:
 Windows 10 , 64 bit Build 19041 (10.0.19041.1889)
OS uptime: 6 days 3:41 hours

CPU: total 4 (initial active 4) (2 cores per cpu, 2 threads per core) family 6 model 78 stepping 3 microcode 0xcc, cx8, cmov, fxsr, ht, mmx, 3dnowpref, sse, sse2, sse3, ssse3, sse4.1, sse4.2, popcnt, lzcnt, tsc, tscinvbit, avx, avx2, aes, erms, clmul, bmi1, bmi2, rtm, adx, fma, vzeroupper, clflush, clflushopt

Memory: 4k page, system-wide physical 8083M (770M free)
TotalPageFile size 21906M (AvailPageFile size 10M)
current process WorkingSet (physical memory assigned to process): 10M, peak: 10M
current process commit charge ("private bytes"): 51M, peak: 179M

vm_info: Java HotSpot(TM) 64-Bit Server VM (16.0.1+9-24) for windows-amd64 JRE (16.0.1+9-24), built on Mar 26 2021 19:31:42 by "mach5one" with MS VC++ 16.7 (VS2019)

END.
